<?xml version="1.0" encoding="UTF-8"?>
<robot generator="Robot 3.1.1 (Python 3.7.1 on linux)" generated="20190429 17:31:56.120" rpa="false">
<suite id="s1" name="Auktion" source="/home/testautomation/robot_auktion_clean/auktion.robot">
<test id="s1-t1" name="Get All Data">
<kw name="Open Browser" library="auktion_keyword">
<kw name="Get Time" library="BuiltIn">
<doc>Returns the given time in the requested format.</doc>
<assign>
<var>${STARTTIME}</var>
</assign>
<msg timestamp="20190429 17:31:56.615" level="INFO">${STARTTIME} = 2019-04-29 17:31:56</msg>
<status status="PASS" starttime="20190429 17:31:56.615" endtime="20190429 17:31:56.616"></status>
</kw>
<kw name="Set Global Variable" library="BuiltIn">
<doc>Makes a variable available globally in all tests and suites.</doc>
<arguments>
<arg>${STARTTIME_G}</arg>
<arg>${STARTTIME}</arg>
</arguments>
<msg timestamp="20190429 17:31:56.617" level="INFO">${STARTTIME_G} = 2019-04-29 17:31:56</msg>
<status status="PASS" starttime="20190429 17:31:56.616" endtime="20190429 17:31:56.617"></status>
</kw>
<kw name="Create Webdriver" library="SeleniumLibrary">
<doc>Creates an instance of Selenium WebDriver.</doc>
<arguments>
<arg>${BROWSER}</arg>
</arguments>
<msg timestamp="20190429 17:31:56.617" level="INFO">Creating an instance of the Chrome WebDriver.</msg>
<status status="PASS" starttime="20190429 17:31:56.617" endtime="20190429 17:31:58.786"></status>
</kw>
<kw name="Set Window Size" library="SeleniumLibrary">
<doc>Sets current windows size to given ``width`` and ``height``.</doc>
<arguments>
<arg>${WINDOW_X}</arg>
<arg>${WINDOW_Y}</arg>
</arguments>
<status status="PASS" starttime="20190429 17:31:58.786" endtime="20190429 17:31:58.923"></status>
</kw>
<status status="PASS" starttime="20190429 17:31:56.615" endtime="20190429 17:31:58.923"></status>
</kw>
<kw name="Check existence of vars.txt" library="auktion_keyword">
<kw name="Run Keyword And Ignore Error" library="BuiltIn">
<doc>Runs the given keyword with the given arguments and ignores possible error.</doc>
<arguments>
<arg>Variable Should Exist</arg>
<arg>${StartRound}</arg>
</arguments>
<assign>
<var>${status}</var>
<var>${message}</var>
</assign>
<kw name="Variable Should Exist" library="BuiltIn">
<doc>Fails unless the given variable exists within the current scope.</doc>
<arguments>
<arg>${StartRound}</arg>
</arguments>
<status status="PASS" starttime="20190429 17:31:58.924" endtime="20190429 17:31:58.924"></status>
</kw>
<msg timestamp="20190429 17:31:58.924" level="INFO">${status} = PASS</msg>
<msg timestamp="20190429 17:31:58.925" level="INFO">${message} = None</msg>
<status status="PASS" starttime="20190429 17:31:58.924" endtime="20190429 17:31:58.925"></status>
</kw>
<kw name="Run Keyword If" library="BuiltIn">
<doc>Runs the given keyword with the given arguments, if ``condition`` is true.</doc>
<arguments>
<arg>"${status}" == "FAIL"</arg>
<arg>run keywords</arg>
<arg>create file</arg>
<arg>/home/testautomation/robot_auktion_clean${/}vars.txt</arg>
<arg>*** Variables ***\n\${StartRound}${SPACE * 4}1</arg>
<arg>AND</arg>
<arg>set global variable</arg>
<arg>${StartRound}</arg>
<arg>1</arg>
</arguments>
<status status="PASS" starttime="20190429 17:31:58.925" endtime="20190429 17:31:58.925"></status>
</kw>
<status status="PASS" starttime="20190429 17:31:58.923" endtime="20190429 17:31:58.925"></status>
</kw>
<kw name="Navigate To Main Webpage" library="auktion_keyword">
<kw name="Go To" library="SeleniumLibrary">
<doc>Navigates the active browser instance to the provided ``url``.</doc>
<arguments>
<arg>${URLMAIN}</arg>
</arguments>
<msg timestamp="20190429 17:31:58.926" level="INFO">Opening url 'https://www.bundesnetzagentur.de/DE/Sachgebiete/Telekommunikation/Unternehmen_Institutionen/Frequenzen/OeffentlicheNetze/Mobilfunknetze/mobilfunknetze-node.html'</msg>
<status status="PASS" starttime="20190429 17:31:58.926" endtime="20190429 17:32:00.747"></status>
</kw>
<kw name="Title Should Be" library="SeleniumLibrary">
<doc>Verifies that current page title equals ``title``.</doc>
<arguments>
<arg>Bundesnetzagentur - Mobilfunknetze</arg>
</arguments>
<msg timestamp="20190429 17:32:00.815" level="INFO">Page title is 'Bundesnetzagentur - Mobilfunknetze'.</msg>
<status status="PASS" starttime="20190429 17:32:00.747" endtime="20190429 17:32:00.815"></status>
</kw>
<status status="PASS" starttime="20190429 17:31:58.925" endtime="20190429 17:32:00.816"></status>
</kw>
<kw name="Get amount of Rounds" library="auktion_keyword">
<kw name="Get Text" library="SeleniumLibrary">
<doc>Returns the text value of element identified by ``locator``.</doc>
<arguments>
<arg>xpath://div[@class='singleview']/h3</arg>
</arguments>
<assign>
<var>${Current_Round_String}</var>
</assign>
<msg timestamp="20190429 17:32:00.884" level="INFO">${Current_Round_String} = Ergebnis der Runde 261</msg>
<status status="PASS" starttime="20190429 17:32:00.816" endtime="20190429 17:32:00.884"></status>
</kw>
<kw name="Split String" library="String">
<doc>Splits the ``string`` using ``separator`` as a delimiter string.</doc>
<arguments>
<arg>${Current_Round_String}</arg>
<arg>separator=${SPACE}</arg>
</arguments>
<assign>
<var>@{Current_Round_Split}</var>
</assign>
<msg timestamp="20190429 17:32:00.885" level="INFO">@{Current_Round_Split} = [ Ergebnis | der | Runde | 261 ]</msg>
<status status="PASS" starttime="20190429 17:32:00.884" endtime="20190429 17:32:00.885"></status>
</kw>
<kw name="Set Global Variable" library="BuiltIn">
<doc>Makes a variable available globally in all tests and suites.</doc>
<arguments>
<arg>${Max_Round}</arg>
<arg>${Current_Round_Split}[3]</arg>
</arguments>
<msg timestamp="20190429 17:32:00.886" level="INFO">${Max_Round} = 261</msg>
<status status="PASS" starttime="20190429 17:32:00.885" endtime="20190429 17:32:00.886"></status>
</kw>
<kw name="Log To Console" library="BuiltIn">
<doc>Logs the given message to the console.</doc>
<arguments>
<arg>\n\nLatest available Round on the website: ${Max_Round}</arg>
</arguments>
<status status="PASS" starttime="20190429 17:32:00.886" endtime="20190429 17:32:00.887"></status>
</kw>
<status status="PASS" starttime="20190429 17:32:00.816" endtime="20190429 17:32:00.887"></status>
</kw>
<kw name="Gather Data" library="auktion_keyword">
<kw name="Convert To Integer" library="BuiltIn">
<doc>Converts the given item to an integer number.</doc>
<arguments>
<arg>${Max_Round}</arg>
</arguments>
<assign>
<var>${Max_Round_int}</var>
</assign>
<msg timestamp="20190429 17:32:00.888" level="INFO">${Max_Round_int} = 261</msg>
<status status="PASS" starttime="20190429 17:32:00.887" endtime="20190429 17:32:00.888"></status>
</kw>
<kw name="Set Variable" library="BuiltIn">
<doc>Returns the given values which can then be assigned to a variables.</doc>
<arguments>
<arg>${Max_Round_int+1}</arg>
</arguments>
<assign>
<var>${NextGatherRound}</var>
</assign>
<msg timestamp="20190429 17:32:00.888" level="INFO">${NextGatherRound} = 262</msg>
<status status="PASS" starttime="20190429 17:32:00.888" endtime="20190429 17:32:00.888"></status>
</kw>
<kw name="Convert To Integer" library="BuiltIn">
<doc>Converts the given item to an integer number.</doc>
<arguments>
<arg>${StartRound}</arg>
</arguments>
<assign>
<var>${j_int}</var>
</assign>
<msg timestamp="20190429 17:32:00.889" level="INFO">${j_int} = 262</msg>
<status status="PASS" starttime="20190429 17:32:00.889" endtime="20190429 17:32:00.889"></status>
</kw>
<kw name="Set Variable" library="BuiltIn">
<doc>Returns the given values which can then be assigned to a variables.</doc>
<arguments>
<arg>${j_int}</arg>
</arguments>
<assign>
<var>${j}</var>
</assign>
<msg timestamp="20190429 17:32:00.889" level="INFO">${j} = 262</msg>
<status status="PASS" starttime="20190429 17:32:00.889" endtime="20190429 17:32:00.890"></status>
</kw>
<kw name="${i} IN RANGE [ 999 ]" type="for">
<kw name="${i} = 0" type="foritem">
<kw name="Run Keyword If" library="BuiltIn">
<doc>Runs the given keyword with the given arguments, if ``condition`` is true.</doc>
<arguments>
<arg>${StartRound}==${NextGatherRound}</arg>
<arg>run keywords</arg>
<arg>log to console</arg>
<arg>\nNothing to gather. Round ${StartRound} data not available yet...</arg>
<arg>AND</arg>
<arg>exit for loop</arg>
</arguments>
<kw name="Run Keywords" library="BuiltIn">
<doc>Executes all the given keywords in a sequence.</doc>
<arguments>
<arg>log to console</arg>
<arg>\nNothing to gather. Round ${StartRound} data not available yet...</arg>
<arg>AND</arg>
<arg>exit for loop</arg>
</arguments>
<kw name="Log To Console" library="BuiltIn">
<doc>Logs the given message to the console.</doc>
<arguments>
<arg>\nNothing to gather. Round ${StartRound} data not available yet...</arg>
</arguments>
<status status="PASS" starttime="20190429 17:32:00.893" endtime="20190429 17:32:00.895"></status>
</kw>
<kw name="Exit For Loop" library="BuiltIn">
<doc>Stops executing the enclosing for loop.</doc>
<msg timestamp="20190429 17:32:00.896" level="INFO">Exiting for loop altogether.</msg>
<status status="PASS" starttime="20190429 17:32:00.895" endtime="20190429 17:32:00.896"></status>
</kw>
<status status="PASS" starttime="20190429 17:32:00.893" endtime="20190429 17:32:00.896"></status>
</kw>
<status status="PASS" starttime="20190429 17:32:00.890" endtime="20190429 17:32:00.896"></status>
</kw>
<status status="PASS" starttime="20190429 17:32:00.890" endtime="20190429 17:32:00.896"></status>
</kw>
<status status="PASS" starttime="20190429 17:32:00.890" endtime="20190429 17:32:00.896"></status>
</kw>
<kw name="Create File" library="OperatingSystem">
<doc>Creates a file with the given content and encoding.</doc>
<arguments>
<arg>/home/testautomation/robot_auktion_clean${/}vars.txt</arg>
<arg>*** Variables ***\n\${StartRound}${SPACE * 4}${NextGatherRound}</arg>
</arguments>
<msg timestamp="20190429 17:32:00.901" level="INFO" html="yes">Created file '&lt;a href="file:///home/testautomation/robot_auktion_clean/vars.txt"&gt;/home/testautomation/robot_auktion_clean/vars.txt&lt;/a&gt;'.</msg>
<status status="PASS" starttime="20190429 17:32:00.896" endtime="20190429 17:32:00.902"></status>
</kw>
<kw name="Log To Console" library="BuiltIn">
<doc>Logs the given message to the console.</doc>
<arguments>
<arg>\nNext round to gather stored: ${NextGatherRound}\n</arg>
</arguments>
<status status="PASS" starttime="20190429 17:32:00.902" endtime="20190429 17:32:00.902"></status>
</kw>
<kw name="Run" library="OperatingSystem">
<doc>Runs the given command in the system and returns the output.</doc>
<arguments>
<arg>zip -u /home/testautomation/robot_auktion_clean${/}Output${/}AllScreenshots.zip ./Output${/}Screenshot*</arg>
</arguments>
<msg timestamp="20190429 17:32:00.911" level="INFO">Running command 'zip -u /home/testautomation/robot_auktion_clean/Output/AllScreenshots.zip ./Output/Screenshot* 2&gt;&amp;1'.</msg>
<status status="PASS" starttime="20190429 17:32:00.903" endtime="20190429 17:32:00.914"></status>
</kw>
<kw name="Run" library="OperatingSystem">
<doc>Runs the given command in the system and returns the output.</doc>
<arguments>
<arg>rm /home/testautomation/robot_auktion_clean${/}Output${/}Screenshot*</arg>
</arguments>
<msg timestamp="20190429 17:32:00.917" level="INFO">Running command 'rm /home/testautomation/robot_auktion_clean/Output/Screenshot* 2&gt;&amp;1'.</msg>
<status status="PASS" starttime="20190429 17:32:00.914" endtime="20190429 17:32:00.919"></status>
</kw>
<kw name="Run" library="OperatingSystem">
<doc>Runs the given command in the system and returns the output.</doc>
<arguments>
<arg>zip /home/testautomation/robot_auktion_clean${/}Output${/}Round${Max_Round_int}.zip data_2GHz.txt data_36GHz.txt ./Output/AllScreenshots.zip</arg>
</arguments>
<msg timestamp="20190429 17:32:00.922" level="INFO">Running command 'zip /home/testautomation/robot_auktion_clean/Output/Round261.zip data_2GHz.txt data_36GHz.txt ./Output/AllScreenshots.zip 2&gt;&amp;1'.</msg>
<status status="PASS" starttime="20190429 17:32:00.919" endtime="20190429 17:32:01.269"></status>
</kw>
<kw name="Get Time" library="BuiltIn">
<doc>Returns the given time in the requested format.</doc>
<assign>
<var>${ENDTIME}</var>
</assign>
<msg timestamp="20190429 17:32:01.270" level="INFO">${ENDTIME} = 2019-04-29 17:32:01</msg>
<status status="PASS" starttime="20190429 17:32:01.269" endtime="20190429 17:32:01.270"></status>
</kw>
<kw name="Subtract Date From Date" library="robot.libraries.DateTime">
<doc>Subtracts date from another date and returns time between.</doc>
<arguments>
<arg>${ENDTIME}</arg>
<arg>${STARTTIME_G}</arg>
<arg>compact</arg>
</arguments>
<assign>
<var>${RUNTIME}</var>
</assign>
<msg timestamp="20190429 17:32:01.275" level="INFO">${RUNTIME} = 5s</msg>
<status status="PASS" starttime="20190429 17:32:01.270" endtime="20190429 17:32:01.275"></status>
</kw>
<kw name="Log To Console" library="BuiltIn">
<doc>Logs the given message to the console.</doc>
<arguments>
<arg>Runtime: ${RUNTIME}\n</arg>
</arguments>
<status status="PASS" starttime="20190429 17:32:01.275" endtime="20190429 17:32:01.276"></status>
</kw>
<status status="PASS" starttime="20190429 17:32:00.887" endtime="20190429 17:32:01.276"></status>
</kw>
<kw name="Close Browser" library="SeleniumLibrary">
<doc>Closes the current browser.</doc>
<status status="PASS" starttime="20190429 17:32:01.276" endtime="20190429 17:32:01.336"></status>
</kw>
<doc>Go to the Webpage "https://www.bundesnetzagentur.de" and collect all informations</doc>
<tags>
<tag>All</tag>
</tags>
<status status="PASS" starttime="20190429 17:31:56.614" endtime="20190429 17:32:01.336" critical="yes"></status>
</test>
<doc>Frequenzauktion 5G 2019 Datacollector with Chrome</doc>
<status status="PASS" starttime="20190429 17:31:56.125" endtime="20190429 17:32:01.338"></status>
</suite>
<statistics>
<total>
<stat pass="1" fail="0">Critical Tests</stat>
<stat pass="1" fail="0">All Tests</stat>
</total>
<tag>
<stat pass="1" fail="0">All</stat>
</tag>
<suite>
<stat pass="1" fail="0" id="s1" name="Auktion">Auktion</stat>
</suite>
</statistics>
<errors>
</errors>
</robot>
