<?xml version="1.0" encoding="UTF-8"?>
<robot generator="Robot 3.1.1 (Python 3.7.1 on linux)" generated="20190424 14:26:46.891" rpa="false">
<suite id="s1" name="Auktion" source="/home/testautomation/robot_auktion_clean/auktion.robot">
<test id="s1-t1" name="Get All Data">
<kw name="Open Browser" library="auktion_keyword">
<kw name="Get Time" library="BuiltIn">
<doc>Returns the given time in the requested format.</doc>
<assign>
<var>${STARTTIME}</var>
</assign>
<msg timestamp="20190424 14:26:47.085" level="INFO">${STARTTIME} = 2019-04-24 14:26:47</msg>
<status status="PASS" starttime="20190424 14:26:47.084" endtime="20190424 14:26:47.085"></status>
</kw>
<kw name="Set Global Variable" library="BuiltIn">
<doc>Makes a variable available globally in all tests and suites.</doc>
<arguments>
<arg>${STARTTIME_G}</arg>
<arg>${STARTTIME}</arg>
</arguments>
<msg timestamp="20190424 14:26:47.087" level="INFO">${STARTTIME_G} = 2019-04-24 14:26:47</msg>
<status status="PASS" starttime="20190424 14:26:47.085" endtime="20190424 14:26:47.088"></status>
</kw>
<kw name="Create Webdriver" library="SeleniumLibrary">
<doc>Creates an instance of Selenium WebDriver.</doc>
<arguments>
<arg>${BROWSER}</arg>
</arguments>
<msg timestamp="20190424 14:26:47.089" level="INFO">Creating an instance of the Chrome WebDriver.</msg>
<status status="PASS" starttime="20190424 14:26:47.088" endtime="20190424 14:26:49.048"></status>
</kw>
<kw name="Set Window Size" library="SeleniumLibrary">
<doc>Sets current windows size to given ``width`` and ``height``.</doc>
<arguments>
<arg>${WINDOW_X}</arg>
<arg>${WINDOW_Y}</arg>
</arguments>
<status status="PASS" starttime="20190424 14:26:49.049" endtime="20190424 14:26:49.155"></status>
</kw>
<status status="PASS" starttime="20190424 14:26:47.083" endtime="20190424 14:26:49.156"></status>
</kw>
<kw name="Navigate To Main Webpage" library="auktion_keyword">
<kw name="Go To" library="SeleniumLibrary">
<doc>Navigates the active browser instance to the provided ``url``.</doc>
<arguments>
<arg>${URLMAIN}</arg>
</arguments>
<msg timestamp="20190424 14:26:49.157" level="INFO">Opening url 'https://www.bundesnetzagentur.de/DE/Sachgebiete/Telekommunikation/Unternehmen_Institutionen/Frequenzen/OeffentlicheNetze/Mobilfunknetze/mobilfunknetze-node.html'</msg>
<status status="PASS" starttime="20190424 14:26:49.157" endtime="20190424 14:26:50.841"></status>
</kw>
<kw name="Title Should Be" library="SeleniumLibrary">
<doc>Verifies that current page title equals ``title``.</doc>
<arguments>
<arg>Bundesnetzagentur - Mobilfunknetze</arg>
</arguments>
<msg timestamp="20190424 14:26:50.876" level="INFO">Page title is 'Bundesnetzagentur - Mobilfunknetze'.</msg>
<status status="PASS" starttime="20190424 14:26:50.842" endtime="20190424 14:26:50.876"></status>
</kw>
<status status="PASS" starttime="20190424 14:26:49.156" endtime="20190424 14:26:50.876"></status>
</kw>
<kw name="Get ammount of Rounds" library="auktion_keyword">
<kw name="Get Text" library="SeleniumLibrary">
<doc>Returns the text value of element identified by ``locator``.</doc>
<arguments>
<arg>xpath://div[@class='singleview']/h3</arg>
</arguments>
<assign>
<var>${Current_Round_String}</var>
</assign>
<msg timestamp="20190424 14:26:50.934" level="INFO">${Current_Round_String} = Ergebnis der Runde 230</msg>
<status status="PASS" starttime="20190424 14:26:50.877" endtime="20190424 14:26:50.934"></status>
</kw>
<kw name="Split String" library="String">
<doc>Splits the ``string`` using ``separator`` as a delimiter string.</doc>
<arguments>
<arg>${Current_Round_String}</arg>
<arg>separator=${SPACE}</arg>
</arguments>
<assign>
<var>@{Current_Round_Split}</var>
</assign>
<msg timestamp="20190424 14:26:50.935" level="INFO">@{Current_Round_Split} = [ Ergebnis | der | Runde | 230 ]</msg>
<status status="PASS" starttime="20190424 14:26:50.935" endtime="20190424 14:26:50.935"></status>
</kw>
<kw name="Set Global Variable" library="BuiltIn">
<doc>Makes a variable available globally in all tests and suites.</doc>
<arguments>
<arg>${Max_Round}</arg>
<arg>${Current_Round_Split}[3]</arg>
</arguments>
<msg timestamp="20190424 14:26:50.936" level="INFO">${Max_Round} = 230</msg>
<status status="PASS" starttime="20190424 14:26:50.935" endtime="20190424 14:26:50.936"></status>
</kw>
<kw name="Log To Console" library="BuiltIn">
<doc>Logs the given message to the console.</doc>
<arguments>
<arg>\n\nLatest available Round on the website: ${Max_Round}</arg>
</arguments>
<status status="PASS" starttime="20190424 14:26:50.937" endtime="20190424 14:26:50.937"></status>
</kw>
<status status="PASS" starttime="20190424 14:26:50.877" endtime="20190424 14:26:50.937"></status>
</kw>
<kw name="Gather Data" library="auktion_keyword">
<kw name="Convert To Integer" library="BuiltIn">
<doc>Converts the given item to an integer number.</doc>
<arguments>
<arg>${Max_Round}</arg>
</arguments>
<assign>
<var>${Max_Round_int}</var>
</assign>
<msg timestamp="20190424 14:26:50.938" level="INFO">${Max_Round_int} = 230</msg>
<status status="PASS" starttime="20190424 14:26:50.938" endtime="20190424 14:26:50.938"></status>
</kw>
<kw name="Set Variable" library="BuiltIn">
<doc>Returns the given values which can then be assigned to a variables.</doc>
<arguments>
<arg>${Max_Round_int+1}</arg>
</arguments>
<assign>
<var>${NextGatherRound}</var>
</assign>
<msg timestamp="20190424 14:26:50.939" level="INFO">${NextGatherRound} = 231</msg>
<status status="PASS" starttime="20190424 14:26:50.938" endtime="20190424 14:26:50.939"></status>
</kw>
<kw name="Convert To Integer" library="BuiltIn">
<doc>Converts the given item to an integer number.</doc>
<arguments>
<arg>${StartRound}</arg>
</arguments>
<assign>
<var>${j_int}</var>
</assign>
<msg timestamp="20190424 14:26:50.939" level="INFO">${j_int} = 230</msg>
<status status="PASS" starttime="20190424 14:26:50.939" endtime="20190424 14:26:50.939"></status>
</kw>
<kw name="Set Variable" library="BuiltIn">
<doc>Returns the given values which can then be assigned to a variables.</doc>
<arguments>
<arg>${j_int}</arg>
</arguments>
<assign>
<var>${j}</var>
</assign>
<msg timestamp="20190424 14:26:50.940" level="INFO">${j} = 230</msg>
<status status="PASS" starttime="20190424 14:26:50.939" endtime="20190424 14:26:50.940"></status>
</kw>
<kw name="${i} IN RANGE [ 999 ]" type="for">
<kw name="${i} = 0" type="foritem">
<kw name="Run Keyword If" library="BuiltIn">
<doc>Runs the given keyword with the given arguments, if ``condition`` is true.</doc>
<arguments>
<arg>${StartRound}==${NextGatherRound}</arg>
<arg>run keywords</arg>
<arg>log to console</arg>
<arg>\nNothing to gather. Round ${StartRound} data not available yet...</arg>
<arg>AND</arg>
<arg>exit for loop</arg>
</arguments>
<status status="PASS" starttime="20190424 14:26:50.940" endtime="20190424 14:26:50.941"></status>
</kw>
<kw name="Set Variable If" library="BuiltIn">
<doc>Sets variable based on the given condition.</doc>
<arguments>
<arg>${j}&gt;=100</arg>
<arg>${URLDATA}${j}.html</arg>
<arg>${j}&gt;=10</arg>
<arg>${URLDATA}0${j}.html</arg>
<arg>${j}&lt;10</arg>
<arg>${URLDATA}00${j}.html</arg>
</arguments>
<assign>
<var>${URLROUND}</var>
</assign>
<msg timestamp="20190424 14:26:50.946" level="INFO">${URLROUND} = https://www.bundesnetzagentur.de/_tools/FrequenzXml/Auktion2019_XML/230.html</msg>
<status status="PASS" starttime="20190424 14:26:50.941" endtime="20190424 14:26:50.947"></status>
</kw>
<kw name="Log To Console" library="BuiltIn">
<doc>Logs the given message to the console.</doc>
<arguments>
<arg>\nRound: ${j}</arg>
</arguments>
<status status="PASS" starttime="20190424 14:26:50.948" endtime="20190424 14:26:50.949"></status>
</kw>
<kw name="Log To Console" library="BuiltIn">
<doc>Logs the given message to the console.</doc>
<arguments>
<arg>${URLROUND}</arg>
</arguments>
<status status="PASS" starttime="20190424 14:26:50.949" endtime="20190424 14:26:50.950"></status>
</kw>
<kw name="Go To" library="SeleniumLibrary">
<doc>Navigates the active browser instance to the provided ``url``.</doc>
<arguments>
<arg>${URLROUND}</arg>
</arguments>
<msg timestamp="20190424 14:26:50.950" level="INFO">Opening url 'https://www.bundesnetzagentur.de/_tools/FrequenzXml/Auktion2019_XML/230.html'</msg>
<status status="PASS" starttime="20190424 14:26:50.950" endtime="20190424 14:26:51.774"></status>
</kw>
<kw name="Screenshot" library="auktion_keyword">
<arguments>
<arg>Screenshot_Round_${j}.png</arg>
</arguments>
<kw name="Capture Page Screenshot" library="SeleniumLibrary">
<doc>Takes screenshot of the current page and embeds it into log file.</doc>
<arguments>
<arg>/home/testautomation/robot_auktion_clean${/}Output${/}${screenshotname}</arg>
</arguments>
<msg timestamp="20190424 14:26:52.044" level="INFO" html="yes">&lt;/td&gt;&lt;/tr&gt;&lt;tr&gt;&lt;td colspan="3"&gt;&lt;a href="Output/Screenshot_Round_230.png"&gt;&lt;img src="Output/Screenshot_Round_230.png" width="800px"&gt;&lt;/a&gt;</msg>
<status status="PASS" starttime="20190424 14:26:51.775" endtime="20190424 14:26:52.044"></status>
</kw>
<status status="PASS" starttime="20190424 14:26:51.774" endtime="20190424 14:26:52.044"></status>
</kw>
<kw name="Get Table" library="auktion_keyword">
<arguments>
<arg>${j}</arg>
<arg>xpath://table[@class='table1 gebotsobjekte'][1]/tbody[1]/tr</arg>
<arg>data_2GHz.txt</arg>
</arguments>
<kw name="Get Element Count" library="SeleniumLibrary">
<doc>Returns number of elements matching ``locator``.</doc>
<arguments>
<arg>${xpath}</arg>
</arguments>
<assign>
<var>${Max_Row_Table}</var>
</assign>
<msg timestamp="20190424 14:26:52.079" level="INFO">${Max_Row_Table} = 14</msg>
<status status="PASS" starttime="20190424 14:26:52.045" endtime="20190424 14:26:52.079"></status>
</kw>
<kw name="Log To Console" library="BuiltIn">
<doc>Logs the given message to the console.</doc>
<arguments>
<arg>\nAmmount of Rows: ${Max_Row_Table}</arg>
</arguments>
<status status="PASS" starttime="20190424 14:26:52.079" endtime="20190424 14:26:52.080"></status>
</kw>
<kw name="${m} IN RANGE [ 25 ]" type="for">
<kw name="${m} = 0" type="foritem">
<kw name="Set Variable" library="BuiltIn">
<doc>Returns the given values which can then be assigned to a variables.</doc>
<arguments>
<arg>${m+1}</arg>
</arguments>
<assign>
<var>${m}</var>
</assign>
<msg timestamp="20190424 14:26:52.080" level="INFO">${m} = 1</msg>
<status status="PASS" starttime="20190424 14:26:52.080" endtime="20190424 14:26:52.080"></status>
</kw>
<kw name="Set Variable" library="BuiltIn">
<doc>Returns the given values which can then be assigned to a variables.</doc>
<arguments>
<arg>${xpath}\[${m}\]</arg>
</arguments>
<assign>
<var>${DataXPath}</var>
</assign>
<msg timestamp="20190424 14:26:52.081" level="INFO">${DataXPath} = xpath://table[@class='table1 gebotsobjekte'][1]/tbody[1]/tr[1]</msg>
<status status="PASS" starttime="20190424 14:26:52.081" endtime="20190424 14:26:52.081"></status>
</kw>
<kw name="SplitUP" library="auktion_keyword">
<arguments>
<arg>${DataXPath}</arg>
</arguments>
<assign>
<var>${DataRow}</var>
</assign>
<kw name="Get Element Count" library="SeleniumLibrary">
<doc>Returns number of elements matching ``locator``.</doc>
<arguments>
<arg>${DataXPath}/td</arg>
</arguments>
<assign>
<var>${RowValues}</var>
</assign>
<msg timestamp="20190424 14:26:52.113" level="INFO">${RowValues} = 1</msg>
<status status="PASS" starttime="20190424 14:26:52.081" endtime="20190424 14:26:52.113"></status>
</kw>
<kw name="Log To Console" library="BuiltIn">
<doc>Logs the given message to the console.</doc>
<arguments>
<arg>Ammount of Values: ${RowValues}</arg>
</arguments>
<status status="PASS" starttime="20190424 14:26:52.114" endtime="20190424 14:26:52.114"></status>
</kw>
<kw name="Set Variable" library="BuiltIn">
<doc>Returns the given values which can then be assigned to a variables.</doc>
<assign>
<var>${valuesRow}</var>
</assign>
<msg timestamp="20190424 14:26:52.114" level="INFO">${valuesRow} = </msg>
<status status="PASS" starttime="20190424 14:26:52.114" endtime="20190424 14:26:52.115"></status>
</kw>
<kw name="${n} IN RANGE [ 10 ]" type="for">
<kw name="${n} = 0" type="foritem">
<kw name="Exit For Loop If" library="BuiltIn">
<doc>Stops executing the enclosing for loop if the ``condition`` is true.</doc>
<arguments>
<arg>${RowValues}&lt;4</arg>
</arguments>
<msg timestamp="20190424 14:26:52.115" level="INFO">Exiting for loop altogether.</msg>
<status status="PASS" starttime="20190424 14:26:52.115" endtime="20190424 14:26:52.116"></status>
</kw>
<status status="PASS" starttime="20190424 14:26:52.115" endtime="20190424 14:26:52.116"></status>
</kw>
<status status="PASS" starttime="20190424 14:26:52.115" endtime="20190424 14:26:52.116"></status>
</kw>
<msg timestamp="20190424 14:26:52.116" level="INFO">${DataRow} = </msg>
<status status="PASS" starttime="20190424 14:26:52.081" endtime="20190424 14:26:52.116"></status>
</kw>
<kw name="Run Keyword If" library="BuiltIn">
<doc>Runs the given keyword with the given arguments, if ``condition`` is true.</doc>
<arguments>
<arg>${m}&gt;=3</arg>
<arg>run keywords</arg>
<arg>append to file</arg>
<arg>${filename}</arg>
<arg>\n${current_round}${DataRow}</arg>
<arg>AND</arg>
<arg>log to console</arg>
<arg>=&gt; ${current_round}${DataRow}</arg>
</arguments>
<status status="PASS" starttime="20190424 14:26:52.116" endtime="20190424 14:26:52.117"></status>
</kw>
<kw name="Run Keyword If" library="BuiltIn">
<doc>Runs the given keyword with the given arguments, if ``condition`` is true.</doc>
<arguments>
<arg>${m}&lt;3</arg>
<arg>log to console</arg>
<arg>${SPACE * 3}Header - no valid data found in this row</arg>
</arguments>
<kw name="Log To Console" library="BuiltIn">
<doc>Logs the given message to the console.</doc>
<arguments>
<arg>${SPACE * 3}Header - no valid data found in this row</arg>
</arguments>
<status status="PASS" starttime="20190424 14:26:52.117" endtime="20190424 14:26:52.118"></status>
</kw>
<status status="PASS" starttime="20190424 14:26:52.117" endtime="20190424 14:26:52.118"></status>
</kw>
<kw name="Exit For Loop If" library="BuiltIn">
<doc>Stops executing the enclosing for loop if the ``condition`` is true.</doc>
<arguments>
<arg>${m}==${Max_Row_Table}</arg>
</arguments>
<status status="PASS" starttime="20190424 14:26:52.118" endtime="20190424 14:26:52.118"></status>
</kw>
<status status="PASS" starttime="20190424 14:26:52.080" endtime="20190424 14:26:52.118"></status>
</kw>
<kw name="${m} = 1" type="foritem">
<kw name="Set Variable" library="BuiltIn">
<doc>Returns the given values which can then be assigned to a variables.</doc>
<arguments>
<arg>${m+1}</arg>
</arguments>
<assign>
<var>${m}</var>
</assign>
<msg timestamp="20190424 14:26:52.119" level="INFO">${m} = 2</msg>
<status status="PASS" starttime="20190424 14:26:52.118" endtime="20190424 14:26:52.119"></status>
</kw>
<kw name="Set Variable" library="BuiltIn">
<doc>Returns the given values which can then be assigned to a variables.</doc>
<arguments>
<arg>${xpath}\[${m}\]</arg>
</arguments>
<assign>
<var>${DataXPath}</var>
</assign>
<msg timestamp="20190424 14:26:52.119" level="INFO">${DataXPath} = xpath://table[@class='table1 gebotsobjekte'][1]/tbody[1]/tr[2]</msg>
<status status="PASS" starttime="20190424 14:26:52.119" endtime="20190424 14:26:52.119"></status>
</kw>
<kw name="SplitUP" library="auktion_keyword">
<arguments>
<arg>${DataXPath}</arg>
</arguments>
<assign>
<var>${DataRow}</var>
</assign>
<kw name="Get Element Count" library="SeleniumLibrary">
<doc>Returns number of elements matching ``locator``.</doc>
<arguments>
<arg>${DataXPath}/td</arg>
</arguments>
<assign>
<var>${RowValues}</var>
</assign>
<msg timestamp="20190424 14:26:52.144" level="INFO">${RowValues} = 0</msg>
<status status="PASS" starttime="20190424 14:26:52.120" endtime="20190424 14:26:52.144"></status>
</kw>
<kw name="Log To Console" library="BuiltIn">
<doc>Logs the given message to the console.</doc>
<arguments>
<arg>Ammount of Values: ${RowValues}</arg>
</arguments>
<status status="PASS" starttime="20190424 14:26:52.144" endtime="20190424 14:26:52.144"></status>
</kw>
<kw name="Set Variable" library="BuiltIn">
<doc>Returns the given values which can then be assigned to a variables.</doc>
<assign>
<var>${valuesRow}</var>
</assign>
<msg timestamp="20190424 14:26:52.145" level="INFO">${valuesRow} = </msg>
<status status="PASS" starttime="20190424 14:26:52.145" endtime="20190424 14:26:52.145"></status>
</kw>
<kw name="${n} IN RANGE [ 10 ]" type="for">
<kw name="${n} = 0" type="foritem">
<kw name="Exit For Loop If" library="BuiltIn">
<doc>Stops executing the enclosing for loop if the ``condition`` is true.</doc>
<arguments>
<arg>${RowValues}&lt;4</arg>
</arguments>
<msg timestamp="20190424 14:26:52.146" level="INFO">Exiting for loop altogether.</msg>
<status status="PASS" starttime="20190424 14:26:52.145" endtime="20190424 14:26:52.146"></status>
</kw>
<status status="PASS" starttime="20190424 14:26:52.145" endtime="20190424 14:26:52.146"></status>
</kw>
<status status="PASS" starttime="20190424 14:26:52.145" endtime="20190424 14:26:52.146"></status>
</kw>
<msg timestamp="20190424 14:26:52.146" level="INFO">${DataRow} = </msg>
<status status="PASS" starttime="20190424 14:26:52.120" endtime="20190424 14:26:52.146"></status>
</kw>
<kw name="Run Keyword If" library="BuiltIn">
<doc>Runs the given keyword with the given arguments, if ``condition`` is true.</doc>
<arguments>
<arg>${m}&gt;=3</arg>
<arg>run keywords</arg>
<arg>append to file</arg>
<arg>${filename}</arg>
<arg>\n${current_round}${DataRow}</arg>
<arg>AND</arg>
<arg>log to console</arg>
<arg>=&gt; ${current_round}${DataRow}</arg>
</arguments>
<status status="PASS" starttime="20190424 14:26:52.146" endtime="20190424 14:26:52.147"></status>
</kw>
<kw name="Run Keyword If" library="BuiltIn">
<doc>Runs the given keyword with the given arguments, if ``condition`` is true.</doc>
<arguments>
<arg>${m}&lt;3</arg>
<arg>log to console</arg>
<arg>${SPACE * 3}Header - no valid data found in this row</arg>
</arguments>
<kw name="Log To Console" library="BuiltIn">
<doc>Logs the given message to the console.</doc>
<arguments>
<arg>${SPACE * 3}Header - no valid data found in this row</arg>
</arguments>
<status status="PASS" starttime="20190424 14:26:52.147" endtime="20190424 14:26:52.148"></status>
</kw>
<status status="PASS" starttime="20190424 14:26:52.147" endtime="20190424 14:26:52.148"></status>
</kw>
<kw name="Exit For Loop If" library="BuiltIn">
<doc>Stops executing the enclosing for loop if the ``condition`` is true.</doc>
<arguments>
<arg>${m}==${Max_Row_Table}</arg>
</arguments>
<status status="PASS" starttime="20190424 14:26:52.148" endtime="20190424 14:26:52.148"></status>
</kw>
<status status="PASS" starttime="20190424 14:26:52.118" endtime="20190424 14:26:52.148"></status>
</kw>
<kw name="${m} = 2" type="foritem">
<kw name="Set Variable" library="BuiltIn">
<doc>Returns the given values which can then be assigned to a variables.</doc>
<arguments>
<arg>${m+1}</arg>
</arguments>
<assign>
<var>${m}</var>
</assign>
<msg timestamp="20190424 14:26:52.149" level="INFO">${m} = 3</msg>
<status status="PASS" starttime="20190424 14:26:52.148" endtime="20190424 14:26:52.149"></status>
</kw>
<kw name="Set Variable" library="BuiltIn">
<doc>Returns the given values which can then be assigned to a variables.</doc>
<arguments>
<arg>${xpath}\[${m}\]</arg>
</arguments>
<assign>
<var>${DataXPath}</var>
</assign>
<msg timestamp="20190424 14:26:52.149" level="INFO">${DataXPath} = xpath://table[@class='table1 gebotsobjekte'][1]/tbody[1]/tr[3]</msg>
<status status="PASS" starttime="20190424 14:26:52.149" endtime="20190424 14:26:52.149"></status>
</kw>
<kw name="SplitUP" library="auktion_keyword">
<arguments>
<arg>${DataXPath}</arg>
</arguments>
<assign>
<var>${DataRow}</var>
</assign>
<kw name="Get Element Count" library="SeleniumLibrary">
<doc>Returns number of elements matching ``locator``.</doc>
<arguments>
<arg>${DataXPath}/td</arg>
</arguments>
<assign>
<var>${RowValues}</var>
</assign>
<msg timestamp="20190424 14:26:52.171" level="INFO">${RowValues} = 4</msg>
<status status="PASS" starttime="20190424 14:26:52.150" endtime="20190424 14:26:52.171"></status>
</kw>
<kw name="Log To Console" library="BuiltIn">
<doc>Logs the given message to the console.</doc>
<arguments>
<arg>Ammount of Values: ${RowValues}</arg>
</arguments>
<status status="PASS" starttime="20190424 14:26:52.171" endtime="20190424 14:26:52.171"></status>
</kw>
<kw name="Set Variable" library="BuiltIn">
<doc>Returns the given values which can then be assigned to a variables.</doc>
<assign>
<var>${valuesRow}</var>
</assign>
<msg timestamp="20190424 14:26:52.172" level="INFO">${valuesRow} = </msg>
<status status="PASS" starttime="20190424 14:26:52.171" endtime="20190424 14:26:52.172"></status>
</kw>
<kw name="${n} IN RANGE [ 10 ]" type="for">
<kw name="${n} = 0" type="foritem">
<kw name="Exit For Loop If" library="BuiltIn">
<doc>Stops executing the enclosing for loop if the ``condition`` is true.</doc>
<arguments>
<arg>${RowValues}&lt;4</arg>
</arguments>
<status status="PASS" starttime="20190424 14:26:52.172" endtime="20190424 14:26:52.172"></status>
</kw>
<kw name="Set Variable" library="BuiltIn">
<doc>Returns the given values which can then be assigned to a variables.</doc>
<arguments>
<arg>${n+1}</arg>
</arguments>
<assign>
<var>${n}</var>
</assign>
<msg timestamp="20190424 14:26:52.173" level="INFO">${n} = 1</msg>
<status status="PASS" starttime="20190424 14:26:52.172" endtime="20190424 14:26:52.173"></status>
</kw>
<kw name="Get Text" library="SeleniumLibrary">
<doc>Returns the text value of element identified by ``locator``.</doc>
<arguments>
<arg>${DataXPath}/td[${n}]</arg>
</arguments>
<assign>
<var>${value}</var>
</assign>
<msg timestamp="20190424 14:26:52.209" level="INFO">${value} = 01A 2 GHz</msg>
<status status="PASS" starttime="20190424 14:26:52.173" endtime="20190424 14:26:52.209"></status>
</kw>
<kw name="Set Variable" library="BuiltIn">
<doc>Returns the given values which can then be assigned to a variables.</doc>
<arguments>
<arg>${valuesRow};${value}</arg>
</arguments>
<assign>
<var>${valuesRow}</var>
</assign>
<msg timestamp="20190424 14:26:52.210" level="INFO">${valuesRow} = ;01A 2 GHz</msg>
<status status="PASS" starttime="20190424 14:26:52.210" endtime="20190424 14:26:52.210"></status>
</kw>
<kw name="Exit For Loop If" library="BuiltIn">
<doc>Stops executing the enclosing for loop if the ``condition`` is true.</doc>
<arguments>
<arg>${n}&gt;=${RowValues}</arg>
</arguments>
<status status="PASS" starttime="20190424 14:26:52.210" endtime="20190424 14:26:52.211"></status>
</kw>
<status status="PASS" starttime="20190424 14:26:52.172" endtime="20190424 14:26:52.211"></status>
</kw>
<kw name="${n} = 1" type="foritem">
<kw name="Exit For Loop If" library="BuiltIn">
<doc>Stops executing the enclosing for loop if the ``condition`` is true.</doc>
<arguments>
<arg>${RowValues}&lt;4</arg>
</arguments>
<status status="PASS" starttime="20190424 14:26:52.211" endtime="20190424 14:26:52.211"></status>
</kw>
<kw name="Set Variable" library="BuiltIn">
<doc>Returns the given values which can then be assigned to a variables.</doc>
<arguments>
<arg>${n+1}</arg>
</arguments>
<assign>
<var>${n}</var>
</assign>
<msg timestamp="20190424 14:26:52.212" level="INFO">${n} = 2</msg>
<status status="PASS" starttime="20190424 14:26:52.211" endtime="20190424 14:26:52.212"></status>
</kw>
<kw name="Get Text" library="SeleniumLibrary">
<doc>Returns the text value of element identified by ``locator``.</doc>
<arguments>
<arg>${DataXPath}/td[${n}]</arg>
</arguments>
<assign>
<var>${value}</var>
</assign>
<msg timestamp="20190424 14:26:52.259" level="INFO">${value} = 2x5 MHz abstrakt</msg>
<status status="PASS" starttime="20190424 14:26:52.212" endtime="20190424 14:26:52.260"></status>
</kw>
<kw name="Set Variable" library="BuiltIn">
<doc>Returns the given values which can then be assigned to a variables.</doc>
<arguments>
<arg>${valuesRow};${value}</arg>
</arguments>
<assign>
<var>${valuesRow}</var>
</assign>
<msg timestamp="20190424 14:26:52.260" level="INFO">${valuesRow} = ;01A 2 GHz;2x5 MHz abstrakt</msg>
<status status="PASS" starttime="20190424 14:26:52.260" endtime="20190424 14:26:52.260"></status>
</kw>
<kw name="Exit For Loop If" library="BuiltIn">
<doc>Stops executing the enclosing for loop if the ``condition`` is true.</doc>
<arguments>
<arg>${n}&gt;=${RowValues}</arg>
</arguments>
<status status="PASS" starttime="20190424 14:26:52.260" endtime="20190424 14:26:52.261"></status>
</kw>
<status status="PASS" starttime="20190424 14:26:52.211" endtime="20190424 14:26:52.261"></status>
</kw>
<kw name="${n} = 2" type="foritem">
<kw name="Exit For Loop If" library="BuiltIn">
<doc>Stops executing the enclosing for loop if the ``condition`` is true.</doc>
<arguments>
<arg>${RowValues}&lt;4</arg>
</arguments>
<status status="PASS" starttime="20190424 14:26:52.261" endtime="20190424 14:26:52.261"></status>
</kw>
<kw name="Set Variable" library="BuiltIn">
<doc>Returns the given values which can then be assigned to a variables.</doc>
<arguments>
<arg>${n+1}</arg>
</arguments>
<assign>
<var>${n}</var>
</assign>
<msg timestamp="20190424 14:26:52.262" level="INFO">${n} = 3</msg>
<status status="PASS" starttime="20190424 14:26:52.262" endtime="20190424 14:26:52.262"></status>
</kw>
<kw name="Get Text" library="SeleniumLibrary">
<doc>Returns the text value of element identified by ``locator``.</doc>
<arguments>
<arg>${DataXPath}/td[${n}]</arg>
</arguments>
<assign>
<var>${value}</var>
</assign>
<msg timestamp="20190424 14:26:52.308" level="INFO">${value} = Telekom</msg>
<status status="PASS" starttime="20190424 14:26:52.262" endtime="20190424 14:26:52.308"></status>
</kw>
<kw name="Set Variable" library="BuiltIn">
<doc>Returns the given values which can then be assigned to a variables.</doc>
<arguments>
<arg>${valuesRow};${value}</arg>
</arguments>
<assign>
<var>${valuesRow}</var>
</assign>
<msg timestamp="20190424 14:26:52.309" level="INFO">${valuesRow} = ;01A 2 GHz;2x5 MHz abstrakt;Telekom</msg>
<status status="PASS" starttime="20190424 14:26:52.309" endtime="20190424 14:26:52.309"></status>
</kw>
<kw name="Exit For Loop If" library="BuiltIn">
<doc>Stops executing the enclosing for loop if the ``condition`` is true.</doc>
<arguments>
<arg>${n}&gt;=${RowValues}</arg>
</arguments>
<status status="PASS" starttime="20190424 14:26:52.309" endtime="20190424 14:26:52.309"></status>
</kw>
<status status="PASS" starttime="20190424 14:26:52.261" endtime="20190424 14:26:52.309"></status>
</kw>
<kw name="${n} = 3" type="foritem">
<kw name="Exit For Loop If" library="BuiltIn">
<doc>Stops executing the enclosing for loop if the ``condition`` is true.</doc>
<arguments>
<arg>${RowValues}&lt;4</arg>
</arguments>
<status status="PASS" starttime="20190424 14:26:52.310" endtime="20190424 14:26:52.310"></status>
</kw>
<kw name="Set Variable" library="BuiltIn">
<doc>Returns the given values which can then be assigned to a variables.</doc>
<arguments>
<arg>${n+1}</arg>
</arguments>
<assign>
<var>${n}</var>
</assign>
<msg timestamp="20190424 14:26:52.311" level="INFO">${n} = 4</msg>
<status status="PASS" starttime="20190424 14:26:52.310" endtime="20190424 14:26:52.311"></status>
</kw>
<kw name="Get Text" library="SeleniumLibrary">
<doc>Returns the text value of element identified by ``locator``.</doc>
<arguments>
<arg>${DataXPath}/td[${n}]</arg>
</arguments>
<assign>
<var>${value}</var>
</assign>
<msg timestamp="20190424 14:26:52.347" level="INFO">${value} = 213.312.000</msg>
<status status="PASS" starttime="20190424 14:26:52.311" endtime="20190424 14:26:52.347"></status>
</kw>
<kw name="Set Variable" library="BuiltIn">
<doc>Returns the given values which can then be assigned to a variables.</doc>
<arguments>
<arg>${valuesRow};${value}</arg>
</arguments>
<assign>
<var>${valuesRow}</var>
</assign>
<msg timestamp="20190424 14:26:52.348" level="INFO">${valuesRow} = ;01A 2 GHz;2x5 MHz abstrakt;Telekom;213.312.000</msg>
<status status="PASS" starttime="20190424 14:26:52.348" endtime="20190424 14:26:52.348"></status>
</kw>
<kw name="Exit For Loop If" library="BuiltIn">
<doc>Stops executing the enclosing for loop if the ``condition`` is true.</doc>
<arguments>
<arg>${n}&gt;=${RowValues}</arg>
</arguments>
<msg timestamp="20190424 14:26:52.349" level="INFO">Exiting for loop altogether.</msg>
<status status="PASS" starttime="20190424 14:26:52.348" endtime="20190424 14:26:52.349"></status>
</kw>
<status status="PASS" starttime="20190424 14:26:52.310" endtime="20190424 14:26:52.349"></status>
</kw>
<status status="PASS" starttime="20190424 14:26:52.172" endtime="20190424 14:26:52.349"></status>
</kw>
<msg timestamp="20190424 14:26:52.349" level="INFO">${DataRow} = ;01A 2 GHz;2x5 MHz abstrakt;Telekom;213.312.000</msg>
<status status="PASS" starttime="20190424 14:26:52.149" endtime="20190424 14:26:52.349"></status>
</kw>
<kw name="Run Keyword If" library="BuiltIn">
<doc>Runs the given keyword with the given arguments, if ``condition`` is true.</doc>
<arguments>
<arg>${m}&gt;=3</arg>
<arg>run keywords</arg>
<arg>append to file</arg>
<arg>${filename}</arg>
<arg>\n${current_round}${DataRow}</arg>
<arg>AND</arg>
<arg>log to console</arg>
<arg>=&gt; ${current_round}${DataRow}</arg>
</arguments>
<kw name="Run Keywords" library="BuiltIn">
<doc>Executes all the given keywords in a sequence.</doc>
<arguments>
<arg>append to file</arg>
<arg>${filename}</arg>
<arg>\n${current_round}${DataRow}</arg>
<arg>AND</arg>
<arg>log to console</arg>
<arg>=&gt; ${current_round}${DataRow}</arg>
</arguments>
<kw name="Append To File" library="OperatingSystem">
<doc>Appends the given content to the specified file.</doc>
<arguments>
<arg>${filename}</arg>
<arg>\n${current_round}${DataRow}</arg>
</arguments>
<msg timestamp="20190424 14:26:52.350" level="INFO" html="yes">Appended to file '&lt;a href="file:///home/testautomation/robot_auktion_clean/data_2GHz.txt"&gt;/home/testautomation/robot_auktion_clean/data_2GHz.txt&lt;/a&gt;'.</msg>
<status status="PASS" starttime="20190424 14:26:52.350" endtime="20190424 14:26:52.350"></status>
</kw>
<kw name="Log To Console" library="BuiltIn">
<doc>Logs the given message to the console.</doc>
<arguments>
<arg>=&gt; ${current_round}${DataRow}</arg>
</arguments>
<status status="PASS" starttime="20190424 14:26:52.351" endtime="20190424 14:26:52.351"></status>
</kw>
<status status="PASS" starttime="20190424 14:26:52.349" endtime="20190424 14:26:52.351"></status>
</kw>
<status status="PASS" starttime="20190424 14:26:52.349" endtime="20190424 14:26:52.351"></status>
</kw>
<kw name="Run Keyword If" library="BuiltIn">
<doc>Runs the given keyword with the given arguments, if ``condition`` is true.</doc>
<arguments>
<arg>${m}&lt;3</arg>
<arg>log to console</arg>
<arg>${SPACE * 3}Header - no valid data found in this row</arg>
</arguments>
<status status="PASS" starttime="20190424 14:26:52.351" endtime="20190424 14:26:52.352"></status>
</kw>
<kw name="Exit For Loop If" library="BuiltIn">
<doc>Stops executing the enclosing for loop if the ``condition`` is true.</doc>
<arguments>
<arg>${m}==${Max_Row_Table}</arg>
</arguments>
<status status="PASS" starttime="20190424 14:26:52.352" endtime="20190424 14:26:52.352"></status>
</kw>
<status status="PASS" starttime="20190424 14:26:52.148" endtime="20190424 14:26:52.352"></status>
</kw>
<kw name="${m} = 3" type="foritem">
<kw name="Set Variable" library="BuiltIn">
<doc>Returns the given values which can then be assigned to a variables.</doc>
<arguments>
<arg>${m+1}</arg>
</arguments>
<assign>
<var>${m}</var>
</assign>
<msg timestamp="20190424 14:26:52.352" level="INFO">${m} = 4</msg>
<status status="PASS" starttime="20190424 14:26:52.352" endtime="20190424 14:26:52.353"></status>
</kw>
<kw name="Set Variable" library="BuiltIn">
<doc>Returns the given values which can then be assigned to a variables.</doc>
<arguments>
<arg>${xpath}\[${m}\]</arg>
</arguments>
<assign>
<var>${DataXPath}</var>
</assign>
<msg timestamp="20190424 14:26:52.353" level="INFO">${DataXPath} = xpath://table[@class='table1 gebotsobjekte'][1]/tbody[1]/tr[4]</msg>
<status status="PASS" starttime="20190424 14:26:52.353" endtime="20190424 14:26:52.353"></status>
</kw>
<kw name="SplitUP" library="auktion_keyword">
<arguments>
<arg>${DataXPath}</arg>
</arguments>
<assign>
<var>${DataRow}</var>
</assign>
<kw name="Get Element Count" library="SeleniumLibrary">
<doc>Returns number of elements matching ``locator``.</doc>
<arguments>
<arg>${DataXPath}/td</arg>
</arguments>
<assign>
<var>${RowValues}</var>
</assign>
<msg timestamp="20190424 14:26:52.371" level="INFO">${RowValues} = 4</msg>
<status status="PASS" starttime="20190424 14:26:52.353" endtime="20190424 14:26:52.371"></status>
</kw>
<kw name="Log To Console" library="BuiltIn">
<doc>Logs the given message to the console.</doc>
<arguments>
<arg>Ammount of Values: ${RowValues}</arg>
</arguments>
<status status="PASS" starttime="20190424 14:26:52.371" endtime="20190424 14:26:52.372"></status>
</kw>
<kw name="Set Variable" library="BuiltIn">
<doc>Returns the given values which can then be assigned to a variables.</doc>
<assign>
<var>${valuesRow}</var>
</assign>
<msg timestamp="20190424 14:26:52.372" level="INFO">${valuesRow} = </msg>
<status status="PASS" starttime="20190424 14:26:52.372" endtime="20190424 14:26:52.372"></status>
</kw>
<kw name="${n} IN RANGE [ 10 ]" type="for">
<kw name="${n} = 0" type="foritem">
<kw name="Exit For Loop If" library="BuiltIn">
<doc>Stops executing the enclosing for loop if the ``condition`` is true.</doc>
<arguments>
<arg>${RowValues}&lt;4</arg>
</arguments>
<status status="PASS" starttime="20190424 14:26:52.373" endtime="20190424 14:26:52.373"></status>
</kw>
<kw name="Set Variable" library="BuiltIn">
<doc>Returns the given values which can then be assigned to a variables.</doc>
<arguments>
<arg>${n+1}</arg>
</arguments>
<assign>
<var>${n}</var>
</assign>
<msg timestamp="20190424 14:26:52.373" level="INFO">${n} = 1</msg>
<status status="PASS" starttime="20190424 14:26:52.373" endtime="20190424 14:26:52.373"></status>
</kw>
<kw name="Get Text" library="SeleniumLibrary">
<doc>Returns the text value of element identified by ``locator``.</doc>
<arguments>
<arg>${DataXPath}/td[${n}]</arg>
</arguments>
<assign>
<var>${value}</var>
</assign>
<msg timestamp="20190424 14:26:52.408" level="INFO">${value} = 02A 2 GHz</msg>
<status status="PASS" starttime="20190424 14:26:52.374" endtime="20190424 14:26:52.408"></status>
</kw>
<kw name="Set Variable" library="BuiltIn">
<doc>Returns the given values which can then be assigned to a variables.</doc>
<arguments>
<arg>${valuesRow};${value}</arg>
</arguments>
<assign>
<var>${valuesRow}</var>
</assign>
<msg timestamp="20190424 14:26:52.408" level="INFO">${valuesRow} = ;02A 2 GHz</msg>
<status status="PASS" starttime="20190424 14:26:52.408" endtime="20190424 14:26:52.408"></status>
</kw>
<kw name="Exit For Loop If" library="BuiltIn">
<doc>Stops executing the enclosing for loop if the ``condition`` is true.</doc>
<arguments>
<arg>${n}&gt;=${RowValues}</arg>
</arguments>
<status status="PASS" starttime="20190424 14:26:52.408" endtime="20190424 14:26:52.409"></status>
</kw>
<status status="PASS" starttime="20190424 14:26:52.373" endtime="20190424 14:26:52.409"></status>
</kw>
<kw name="${n} = 1" type="foritem">
<kw name="Exit For Loop If" library="BuiltIn">
<doc>Stops executing the enclosing for loop if the ``condition`` is true.</doc>
<arguments>
<arg>${RowValues}&lt;4</arg>
</arguments>
<status status="PASS" starttime="20190424 14:26:52.409" endtime="20190424 14:26:52.409"></status>
</kw>
<kw name="Set Variable" library="BuiltIn">
<doc>Returns the given values which can then be assigned to a variables.</doc>
<arguments>
<arg>${n+1}</arg>
</arguments>
<assign>
<var>${n}</var>
</assign>
<msg timestamp="20190424 14:26:52.410" level="INFO">${n} = 2</msg>
<status status="PASS" starttime="20190424 14:26:52.409" endtime="20190424 14:26:52.410"></status>
</kw>
<kw name="Get Text" library="SeleniumLibrary">
<doc>Returns the text value of element identified by ``locator``.</doc>
<arguments>
<arg>${DataXPath}/td[${n}]</arg>
</arguments>
<assign>
<var>${value}</var>
</assign>
<msg timestamp="20190424 14:26:52.445" level="INFO">${value} = 2x5 MHz abstrakt</msg>
<status status="PASS" starttime="20190424 14:26:52.410" endtime="20190424 14:26:52.445"></status>
</kw>
<kw name="Set Variable" library="BuiltIn">
<doc>Returns the given values which can then be assigned to a variables.</doc>
<arguments>
<arg>${valuesRow};${value}</arg>
</arguments>
<assign>
<var>${valuesRow}</var>
</assign>
<msg timestamp="20190424 14:26:52.445" level="INFO">${valuesRow} = ;02A 2 GHz;2x5 MHz abstrakt</msg>
<status status="PASS" starttime="20190424 14:26:52.445" endtime="20190424 14:26:52.445"></status>
</kw>
<kw name="Exit For Loop If" library="BuiltIn">
<doc>Stops executing the enclosing for loop if the ``condition`` is true.</doc>
<arguments>
<arg>${n}&gt;=${RowValues}</arg>
</arguments>
<status status="PASS" starttime="20190424 14:26:52.446" endtime="20190424 14:26:52.446"></status>
</kw>
<status status="PASS" starttime="20190424 14:26:52.409" endtime="20190424 14:26:52.446"></status>
</kw>
<kw name="${n} = 2" type="foritem">
<kw name="Exit For Loop If" library="BuiltIn">
<doc>Stops executing the enclosing for loop if the ``condition`` is true.</doc>
<arguments>
<arg>${RowValues}&lt;4</arg>
</arguments>
<status status="PASS" starttime="20190424 14:26:52.446" endtime="20190424 14:26:52.446"></status>
</kw>
<kw name="Set Variable" library="BuiltIn">
<doc>Returns the given values which can then be assigned to a variables.</doc>
<arguments>
<arg>${n+1}</arg>
</arguments>
<assign>
<var>${n}</var>
</assign>
<msg timestamp="20190424 14:26:52.447" level="INFO">${n} = 3</msg>
<status status="PASS" starttime="20190424 14:26:52.447" endtime="20190424 14:26:52.447"></status>
</kw>
<kw name="Get Text" library="SeleniumLibrary">
<doc>Returns the text value of element identified by ``locator``.</doc>
<arguments>
<arg>${DataXPath}/td[${n}]</arg>
</arguments>
<assign>
<var>${value}</var>
</assign>
<msg timestamp="20190424 14:26:52.482" level="INFO">${value} = Telekom</msg>
<status status="PASS" starttime="20190424 14:26:52.447" endtime="20190424 14:26:52.482"></status>
</kw>
<kw name="Set Variable" library="BuiltIn">
<doc>Returns the given values which can then be assigned to a variables.</doc>
<arguments>
<arg>${valuesRow};${value}</arg>
</arguments>
<assign>
<var>${valuesRow}</var>
</assign>
<msg timestamp="20190424 14:26:52.483" level="INFO">${valuesRow} = ;02A 2 GHz;2x5 MHz abstrakt;Telekom</msg>
<status status="PASS" starttime="20190424 14:26:52.483" endtime="20190424 14:26:52.483"></status>
</kw>
<kw name="Exit For Loop If" library="BuiltIn">
<doc>Stops executing the enclosing for loop if the ``condition`` is true.</doc>
<arguments>
<arg>${n}&gt;=${RowValues}</arg>
</arguments>
<status status="PASS" starttime="20190424 14:26:52.483" endtime="20190424 14:26:52.484"></status>
</kw>
<status status="PASS" starttime="20190424 14:26:52.446" endtime="20190424 14:26:52.484"></status>
</kw>
<kw name="${n} = 3" type="foritem">
<kw name="Exit For Loop If" library="BuiltIn">
<doc>Stops executing the enclosing for loop if the ``condition`` is true.</doc>
<arguments>
<arg>${RowValues}&lt;4</arg>
</arguments>
<status status="PASS" starttime="20190424 14:26:52.484" endtime="20190424 14:26:52.484"></status>
</kw>
<kw name="Set Variable" library="BuiltIn">
<doc>Returns the given values which can then be assigned to a variables.</doc>
<arguments>
<arg>${n+1}</arg>
</arguments>
<assign>
<var>${n}</var>
</assign>
<msg timestamp="20190424 14:26:52.485" level="INFO">${n} = 4</msg>
<status status="PASS" starttime="20190424 14:26:52.484" endtime="20190424 14:26:52.485"></status>
</kw>
<kw name="Get Text" library="SeleniumLibrary">
<doc>Returns the text value of element identified by ``locator``.</doc>
<arguments>
<arg>${DataXPath}/td[${n}]</arg>
</arguments>
<assign>
<var>${value}</var>
</assign>
<msg timestamp="20190424 14:26:52.519" level="INFO">${value} = 213.381.000</msg>
<status status="PASS" starttime="20190424 14:26:52.485" endtime="20190424 14:26:52.520"></status>
</kw>
<kw name="Set Variable" library="BuiltIn">
<doc>Returns the given values which can then be assigned to a variables.</doc>
<arguments>
<arg>${valuesRow};${value}</arg>
</arguments>
<assign>
<var>${valuesRow}</var>
</assign>
<msg timestamp="20190424 14:26:52.520" level="INFO">${valuesRow} = ;02A 2 GHz;2x5 MHz abstrakt;Telekom;213.381.000</msg>
<status status="PASS" starttime="20190424 14:26:52.520" endtime="20190424 14:26:52.520"></status>
</kw>
<kw name="Exit For Loop If" library="BuiltIn">
<doc>Stops executing the enclosing for loop if the ``condition`` is true.</doc>
<arguments>
<arg>${n}&gt;=${RowValues}</arg>
</arguments>
<msg timestamp="20190424 14:26:52.521" level="INFO">Exiting for loop altogether.</msg>
<status status="PASS" starttime="20190424 14:26:52.520" endtime="20190424 14:26:52.521"></status>
</kw>
<status status="PASS" starttime="20190424 14:26:52.484" endtime="20190424 14:26:52.521"></status>
</kw>
<status status="PASS" starttime="20190424 14:26:52.372" endtime="20190424 14:26:52.521"></status>
</kw>
<msg timestamp="20190424 14:26:52.521" level="INFO">${DataRow} = ;02A 2 GHz;2x5 MHz abstrakt;Telekom;213.381.000</msg>
<status status="PASS" starttime="20190424 14:26:52.353" endtime="20190424 14:26:52.521"></status>
</kw>
<kw name="Run Keyword If" library="BuiltIn">
<doc>Runs the given keyword with the given arguments, if ``condition`` is true.</doc>
<arguments>
<arg>${m}&gt;=3</arg>
<arg>run keywords</arg>
<arg>append to file</arg>
<arg>${filename}</arg>
<arg>\n${current_round}${DataRow}</arg>
<arg>AND</arg>
<arg>log to console</arg>
<arg>=&gt; ${current_round}${DataRow}</arg>
</arguments>
<kw name="Run Keywords" library="BuiltIn">
<doc>Executes all the given keywords in a sequence.</doc>
<arguments>
<arg>append to file</arg>
<arg>${filename}</arg>
<arg>\n${current_round}${DataRow}</arg>
<arg>AND</arg>
<arg>log to console</arg>
<arg>=&gt; ${current_round}${DataRow}</arg>
</arguments>
<kw name="Append To File" library="OperatingSystem">
<doc>Appends the given content to the specified file.</doc>
<arguments>
<arg>${filename}</arg>
<arg>\n${current_round}${DataRow}</arg>
</arguments>
<msg timestamp="20190424 14:26:52.523" level="INFO" html="yes">Appended to file '&lt;a href="file:///home/testautomation/robot_auktion_clean/data_2GHz.txt"&gt;/home/testautomation/robot_auktion_clean/data_2GHz.txt&lt;/a&gt;'.</msg>
<status status="PASS" starttime="20190424 14:26:52.522" endtime="20190424 14:26:52.523"></status>
</kw>
<kw name="Log To Console" library="BuiltIn">
<doc>Logs the given message to the console.</doc>
<arguments>
<arg>=&gt; ${current_round}${DataRow}</arg>
</arguments>
<status status="PASS" starttime="20190424 14:26:52.523" endtime="20190424 14:26:52.523"></status>
</kw>
<status status="PASS" starttime="20190424 14:26:52.522" endtime="20190424 14:26:52.523"></status>
</kw>
<status status="PASS" starttime="20190424 14:26:52.521" endtime="20190424 14:26:52.523"></status>
</kw>
<kw name="Run Keyword If" library="BuiltIn">
<doc>Runs the given keyword with the given arguments, if ``condition`` is true.</doc>
<arguments>
<arg>${m}&lt;3</arg>
<arg>log to console</arg>
<arg>${SPACE * 3}Header - no valid data found in this row</arg>
</arguments>
<status status="PASS" starttime="20190424 14:26:52.523" endtime="20190424 14:26:52.524"></status>
</kw>
<kw name="Exit For Loop If" library="BuiltIn">
<doc>Stops executing the enclosing for loop if the ``condition`` is true.</doc>
<arguments>
<arg>${m}==${Max_Row_Table}</arg>
</arguments>
<status status="PASS" starttime="20190424 14:26:52.524" endtime="20190424 14:26:52.524"></status>
</kw>
<status status="PASS" starttime="20190424 14:26:52.352" endtime="20190424 14:26:52.524"></status>
</kw>
<kw name="${m} = 4" type="foritem">
<kw name="Set Variable" library="BuiltIn">
<doc>Returns the given values which can then be assigned to a variables.</doc>
<arguments>
<arg>${m+1}</arg>
</arguments>
<assign>
<var>${m}</var>
</assign>
<msg timestamp="20190424 14:26:52.525" level="INFO">${m} = 5</msg>
<status status="PASS" starttime="20190424 14:26:52.524" endtime="20190424 14:26:52.525"></status>
</kw>
<kw name="Set Variable" library="BuiltIn">
<doc>Returns the given values which can then be assigned to a variables.</doc>
<arguments>
<arg>${xpath}\[${m}\]</arg>
</arguments>
<assign>
<var>${DataXPath}</var>
</assign>
<msg timestamp="20190424 14:26:52.525" level="INFO">${DataXPath} = xpath://table[@class='table1 gebotsobjekte'][1]/tbody[1]/tr[5]</msg>
<status status="PASS" starttime="20190424 14:26:52.525" endtime="20190424 14:26:52.525"></status>
</kw>
<kw name="SplitUP" library="auktion_keyword">
<arguments>
<arg>${DataXPath}</arg>
</arguments>
<assign>
<var>${DataRow}</var>
</assign>
<kw name="Get Element Count" library="SeleniumLibrary">
<doc>Returns number of elements matching ``locator``.</doc>
<arguments>
<arg>${DataXPath}/td</arg>
</arguments>
<assign>
<var>${RowValues}</var>
</assign>
<msg timestamp="20190424 14:26:52.544" level="INFO">${RowValues} = 4</msg>
<status status="PASS" starttime="20190424 14:26:52.526" endtime="20190424 14:26:52.544"></status>
</kw>
<kw name="Log To Console" library="BuiltIn">
<doc>Logs the given message to the console.</doc>
<arguments>
<arg>Ammount of Values: ${RowValues}</arg>
</arguments>
<status status="PASS" starttime="20190424 14:26:52.545" endtime="20190424 14:26:52.545"></status>
</kw>
<kw name="Set Variable" library="BuiltIn">
<doc>Returns the given values which can then be assigned to a variables.</doc>
<assign>
<var>${valuesRow}</var>
</assign>
<msg timestamp="20190424 14:26:52.545" level="INFO">${valuesRow} = </msg>
<status status="PASS" starttime="20190424 14:26:52.545" endtime="20190424 14:26:52.545"></status>
</kw>
<kw name="${n} IN RANGE [ 10 ]" type="for">
<kw name="${n} = 0" type="foritem">
<kw name="Exit For Loop If" library="BuiltIn">
<doc>Stops executing the enclosing for loop if the ``condition`` is true.</doc>
<arguments>
<arg>${RowValues}&lt;4</arg>
</arguments>
<status status="PASS" starttime="20190424 14:26:52.546" endtime="20190424 14:26:52.546"></status>
</kw>
<kw name="Set Variable" library="BuiltIn">
<doc>Returns the given values which can then be assigned to a variables.</doc>
<arguments>
<arg>${n+1}</arg>
</arguments>
<assign>
<var>${n}</var>
</assign>
<msg timestamp="20190424 14:26:52.546" level="INFO">${n} = 1</msg>
<status status="PASS" starttime="20190424 14:26:52.546" endtime="20190424 14:26:52.546"></status>
</kw>
<kw name="Get Text" library="SeleniumLibrary">
<doc>Returns the text value of element identified by ``locator``.</doc>
<arguments>
<arg>${DataXPath}/td[${n}]</arg>
</arguments>
<assign>
<var>${value}</var>
</assign>
<msg timestamp="20190424 14:26:52.598" level="INFO">${value} = 03A 2 GHz</msg>
<status status="PASS" starttime="20190424 14:26:52.547" endtime="20190424 14:26:52.598"></status>
</kw>
<kw name="Set Variable" library="BuiltIn">
<doc>Returns the given values which can then be assigned to a variables.</doc>
<arguments>
<arg>${valuesRow};${value}</arg>
</arguments>
<assign>
<var>${valuesRow}</var>
</assign>
<msg timestamp="20190424 14:26:52.599" level="INFO">${valuesRow} = ;03A 2 GHz</msg>
<status status="PASS" starttime="20190424 14:26:52.598" endtime="20190424 14:26:52.599"></status>
</kw>
<kw name="Exit For Loop If" library="BuiltIn">
<doc>Stops executing the enclosing for loop if the ``condition`` is true.</doc>
<arguments>
<arg>${n}&gt;=${RowValues}</arg>
</arguments>
<status status="PASS" starttime="20190424 14:26:52.599" endtime="20190424 14:26:52.599"></status>
</kw>
<status status="PASS" starttime="20190424 14:26:52.545" endtime="20190424 14:26:52.599"></status>
</kw>
<kw name="${n} = 1" type="foritem">
<kw name="Exit For Loop If" library="BuiltIn">
<doc>Stops executing the enclosing for loop if the ``condition`` is true.</doc>
<arguments>
<arg>${RowValues}&lt;4</arg>
</arguments>
<status status="PASS" starttime="20190424 14:26:52.600" endtime="20190424 14:26:52.600"></status>
</kw>
<kw name="Set Variable" library="BuiltIn">
<doc>Returns the given values which can then be assigned to a variables.</doc>
<arguments>
<arg>${n+1}</arg>
</arguments>
<assign>
<var>${n}</var>
</assign>
<msg timestamp="20190424 14:26:52.600" level="INFO">${n} = 2</msg>
<status status="PASS" starttime="20190424 14:26:52.600" endtime="20190424 14:26:52.600"></status>
</kw>
<kw name="Get Text" library="SeleniumLibrary">
<doc>Returns the text value of element identified by ``locator``.</doc>
<arguments>
<arg>${DataXPath}/td[${n}]</arg>
</arguments>
<assign>
<var>${value}</var>
</assign>
<msg timestamp="20190424 14:26:52.644" level="INFO">${value} = 2x5 MHz abstrakt</msg>
<status status="PASS" starttime="20190424 14:26:52.600" endtime="20190424 14:26:52.644"></status>
</kw>
<kw name="Set Variable" library="BuiltIn">
<doc>Returns the given values which can then be assigned to a variables.</doc>
<arguments>
<arg>${valuesRow};${value}</arg>
</arguments>
<assign>
<var>${valuesRow}</var>
</assign>
<msg timestamp="20190424 14:26:52.645" level="INFO">${valuesRow} = ;03A 2 GHz;2x5 MHz abstrakt</msg>
<status status="PASS" starttime="20190424 14:26:52.644" endtime="20190424 14:26:52.645"></status>
</kw>
<kw name="Exit For Loop If" library="BuiltIn">
<doc>Stops executing the enclosing for loop if the ``condition`` is true.</doc>
<arguments>
<arg>${n}&gt;=${RowValues}</arg>
</arguments>
<status status="PASS" starttime="20190424 14:26:52.645" endtime="20190424 14:26:52.645"></status>
</kw>
<status status="PASS" starttime="20190424 14:26:52.599" endtime="20190424 14:26:52.645"></status>
</kw>
<kw name="${n} = 2" type="foritem">
<kw name="Exit For Loop If" library="BuiltIn">
<doc>Stops executing the enclosing for loop if the ``condition`` is true.</doc>
<arguments>
<arg>${RowValues}&lt;4</arg>
</arguments>
<status status="PASS" starttime="20190424 14:26:52.646" endtime="20190424 14:26:52.646"></status>
</kw>
<kw name="Set Variable" library="BuiltIn">
<doc>Returns the given values which can then be assigned to a variables.</doc>
<arguments>
<arg>${n+1}</arg>
</arguments>
<assign>
<var>${n}</var>
</assign>
<msg timestamp="20190424 14:26:52.646" level="INFO">${n} = 3</msg>
<status status="PASS" starttime="20190424 14:26:52.646" endtime="20190424 14:26:52.646"></status>
</kw>
<kw name="Get Text" library="SeleniumLibrary">
<doc>Returns the text value of element identified by ``locator``.</doc>
<arguments>
<arg>${DataXPath}/td[${n}]</arg>
</arguments>
<assign>
<var>${value}</var>
</assign>
<msg timestamp="20190424 14:26:52.708" level="INFO">${value} = Vodafone</msg>
<status status="PASS" starttime="20190424 14:26:52.647" endtime="20190424 14:26:52.708"></status>
</kw>
<kw name="Set Variable" library="BuiltIn">
<doc>Returns the given values which can then be assigned to a variables.</doc>
<arguments>
<arg>${valuesRow};${value}</arg>
</arguments>
<assign>
<var>${valuesRow}</var>
</assign>
<msg timestamp="20190424 14:26:52.709" level="INFO">${valuesRow} = ;03A 2 GHz;2x5 MHz abstrakt;Vodafone</msg>
<status status="PASS" starttime="20190424 14:26:52.708" endtime="20190424 14:26:52.709"></status>
</kw>
<kw name="Exit For Loop If" library="BuiltIn">
<doc>Stops executing the enclosing for loop if the ``condition`` is true.</doc>
<arguments>
<arg>${n}&gt;=${RowValues}</arg>
</arguments>
<status status="PASS" starttime="20190424 14:26:52.709" endtime="20190424 14:26:52.710"></status>
</kw>
<status status="PASS" starttime="20190424 14:26:52.645" endtime="20190424 14:26:52.710"></status>
</kw>
<kw name="${n} = 3" type="foritem">
<kw name="Exit For Loop If" library="BuiltIn">
<doc>Stops executing the enclosing for loop if the ``condition`` is true.</doc>
<arguments>
<arg>${RowValues}&lt;4</arg>
</arguments>
<status status="PASS" starttime="20190424 14:26:52.710" endtime="20190424 14:26:52.711"></status>
</kw>
<kw name="Set Variable" library="BuiltIn">
<doc>Returns the given values which can then be assigned to a variables.</doc>
<arguments>
<arg>${n+1}</arg>
</arguments>
<assign>
<var>${n}</var>
</assign>
<msg timestamp="20190424 14:26:52.711" level="INFO">${n} = 4</msg>
<status status="PASS" starttime="20190424 14:26:52.711" endtime="20190424 14:26:52.711"></status>
</kw>
<kw name="Get Text" library="SeleniumLibrary">
<doc>Returns the text value of element identified by ``locator``.</doc>
<arguments>
<arg>${DataXPath}/td[${n}]</arg>
</arguments>
<assign>
<var>${value}</var>
</assign>
<msg timestamp="20190424 14:26:52.746" level="INFO">${value} = 211.652.000</msg>
<status status="PASS" starttime="20190424 14:26:52.712" endtime="20190424 14:26:52.746"></status>
</kw>
<kw name="Set Variable" library="BuiltIn">
<doc>Returns the given values which can then be assigned to a variables.</doc>
<arguments>
<arg>${valuesRow};${value}</arg>
</arguments>
<assign>
<var>${valuesRow}</var>
</assign>
<msg timestamp="20190424 14:26:52.747" level="INFO">${valuesRow} = ;03A 2 GHz;2x5 MHz abstrakt;Vodafone;211.652.000</msg>
<status status="PASS" starttime="20190424 14:26:52.747" endtime="20190424 14:26:52.747"></status>
</kw>
<kw name="Exit For Loop If" library="BuiltIn">
<doc>Stops executing the enclosing for loop if the ``condition`` is true.</doc>
<arguments>
<arg>${n}&gt;=${RowValues}</arg>
</arguments>
<msg timestamp="20190424 14:26:52.748" level="INFO">Exiting for loop altogether.</msg>
<status status="PASS" starttime="20190424 14:26:52.747" endtime="20190424 14:26:52.748"></status>
</kw>
<status status="PASS" starttime="20190424 14:26:52.710" endtime="20190424 14:26:52.748"></status>
</kw>
<status status="PASS" starttime="20190424 14:26:52.545" endtime="20190424 14:26:52.748"></status>
</kw>
<msg timestamp="20190424 14:26:52.748" level="INFO">${DataRow} = ;03A 2 GHz;2x5 MHz abstrakt;Vodafone;211.652.000</msg>
<status status="PASS" starttime="20190424 14:26:52.525" endtime="20190424 14:26:52.748"></status>
</kw>
<kw name="Run Keyword If" library="BuiltIn">
<doc>Runs the given keyword with the given arguments, if ``condition`` is true.</doc>
<arguments>
<arg>${m}&gt;=3</arg>
<arg>run keywords</arg>
<arg>append to file</arg>
<arg>${filename}</arg>
<arg>\n${current_round}${DataRow}</arg>
<arg>AND</arg>
<arg>log to console</arg>
<arg>=&gt; ${current_round}${DataRow}</arg>
</arguments>
<kw name="Run Keywords" library="BuiltIn">
<doc>Executes all the given keywords in a sequence.</doc>
<arguments>
<arg>append to file</arg>
<arg>${filename}</arg>
<arg>\n${current_round}${DataRow}</arg>
<arg>AND</arg>
<arg>log to console</arg>
<arg>=&gt; ${current_round}${DataRow}</arg>
</arguments>
<kw name="Append To File" library="OperatingSystem">
<doc>Appends the given content to the specified file.</doc>
<arguments>
<arg>${filename}</arg>
<arg>\n${current_round}${DataRow}</arg>
</arguments>
<msg timestamp="20190424 14:26:52.749" level="INFO" html="yes">Appended to file '&lt;a href="file:///home/testautomation/robot_auktion_clean/data_2GHz.txt"&gt;/home/testautomation/robot_auktion_clean/data_2GHz.txt&lt;/a&gt;'.</msg>
<status status="PASS" starttime="20190424 14:26:52.749" endtime="20190424 14:26:52.749"></status>
</kw>
<kw name="Log To Console" library="BuiltIn">
<doc>Logs the given message to the console.</doc>
<arguments>
<arg>=&gt; ${current_round}${DataRow}</arg>
</arguments>
<status status="PASS" starttime="20190424 14:26:52.749" endtime="20190424 14:26:52.750"></status>
</kw>
<status status="PASS" starttime="20190424 14:26:52.748" endtime="20190424 14:26:52.750"></status>
</kw>
<status status="PASS" starttime="20190424 14:26:52.748" endtime="20190424 14:26:52.750"></status>
</kw>
<kw name="Run Keyword If" library="BuiltIn">
<doc>Runs the given keyword with the given arguments, if ``condition`` is true.</doc>
<arguments>
<arg>${m}&lt;3</arg>
<arg>log to console</arg>
<arg>${SPACE * 3}Header - no valid data found in this row</arg>
</arguments>
<status status="PASS" starttime="20190424 14:26:52.750" endtime="20190424 14:26:52.750"></status>
</kw>
<kw name="Exit For Loop If" library="BuiltIn">
<doc>Stops executing the enclosing for loop if the ``condition`` is true.</doc>
<arguments>
<arg>${m}==${Max_Row_Table}</arg>
</arguments>
<status status="PASS" starttime="20190424 14:26:52.750" endtime="20190424 14:26:52.751"></status>
</kw>
<status status="PASS" starttime="20190424 14:26:52.524" endtime="20190424 14:26:52.751"></status>
</kw>
<kw name="${m} = 5" type="foritem">
<kw name="Set Variable" library="BuiltIn">
<doc>Returns the given values which can then be assigned to a variables.</doc>
<arguments>
<arg>${m+1}</arg>
</arguments>
<assign>
<var>${m}</var>
</assign>
<msg timestamp="20190424 14:26:52.751" level="INFO">${m} = 6</msg>
<status status="PASS" starttime="20190424 14:26:52.751" endtime="20190424 14:26:52.751"></status>
</kw>
<kw name="Set Variable" library="BuiltIn">
<doc>Returns the given values which can then be assigned to a variables.</doc>
<arguments>
<arg>${xpath}\[${m}\]</arg>
</arguments>
<assign>
<var>${DataXPath}</var>
</assign>
<msg timestamp="20190424 14:26:52.752" level="INFO">${DataXPath} = xpath://table[@class='table1 gebotsobjekte'][1]/tbody[1]/tr[6]</msg>
<status status="PASS" starttime="20190424 14:26:52.752" endtime="20190424 14:26:52.752"></status>
</kw>
<kw name="SplitUP" library="auktion_keyword">
<arguments>
<arg>${DataXPath}</arg>
</arguments>
<assign>
<var>${DataRow}</var>
</assign>
<kw name="Get Element Count" library="SeleniumLibrary">
<doc>Returns number of elements matching ``locator``.</doc>
<arguments>
<arg>${DataXPath}/td</arg>
</arguments>
<assign>
<var>${RowValues}</var>
</assign>
<msg timestamp="20190424 14:26:52.769" level="INFO">${RowValues} = 4</msg>
<status status="PASS" starttime="20190424 14:26:52.752" endtime="20190424 14:26:52.769"></status>
</kw>
<kw name="Log To Console" library="BuiltIn">
<doc>Logs the given message to the console.</doc>
<arguments>
<arg>Ammount of Values: ${RowValues}</arg>
</arguments>
<status status="PASS" starttime="20190424 14:26:52.769" endtime="20190424 14:26:52.769"></status>
</kw>
<kw name="Set Variable" library="BuiltIn">
<doc>Returns the given values which can then be assigned to a variables.</doc>
<assign>
<var>${valuesRow}</var>
</assign>
<msg timestamp="20190424 14:26:52.770" level="INFO">${valuesRow} = </msg>
<status status="PASS" starttime="20190424 14:26:52.769" endtime="20190424 14:26:52.770"></status>
</kw>
<kw name="${n} IN RANGE [ 10 ]" type="for">
<kw name="${n} = 0" type="foritem">
<kw name="Exit For Loop If" library="BuiltIn">
<doc>Stops executing the enclosing for loop if the ``condition`` is true.</doc>
<arguments>
<arg>${RowValues}&lt;4</arg>
</arguments>
<status status="PASS" starttime="20190424 14:26:52.770" endtime="20190424 14:26:52.770"></status>
</kw>
<kw name="Set Variable" library="BuiltIn">
<doc>Returns the given values which can then be assigned to a variables.</doc>
<arguments>
<arg>${n+1}</arg>
</arguments>
<assign>
<var>${n}</var>
</assign>
<msg timestamp="20190424 14:26:52.771" level="INFO">${n} = 1</msg>
<status status="PASS" starttime="20190424 14:26:52.770" endtime="20190424 14:26:52.771"></status>
</kw>
<kw name="Get Text" library="SeleniumLibrary">
<doc>Returns the text value of element identified by ``locator``.</doc>
<arguments>
<arg>${DataXPath}/td[${n}]</arg>
</arguments>
<assign>
<var>${value}</var>
</assign>
<msg timestamp="20190424 14:26:52.805" level="INFO">${value} = 04A 2 GHz</msg>
<status status="PASS" starttime="20190424 14:26:52.771" endtime="20190424 14:26:52.805"></status>
</kw>
<kw name="Set Variable" library="BuiltIn">
<doc>Returns the given values which can then be assigned to a variables.</doc>
<arguments>
<arg>${valuesRow};${value}</arg>
</arguments>
<assign>
<var>${valuesRow}</var>
</assign>
<msg timestamp="20190424 14:26:52.805" level="INFO">${valuesRow} = ;04A 2 GHz</msg>
<status status="PASS" starttime="20190424 14:26:52.805" endtime="20190424 14:26:52.805"></status>
</kw>
<kw name="Exit For Loop If" library="BuiltIn">
<doc>Stops executing the enclosing for loop if the ``condition`` is true.</doc>
<arguments>
<arg>${n}&gt;=${RowValues}</arg>
</arguments>
<status status="PASS" starttime="20190424 14:26:52.805" endtime="20190424 14:26:52.806"></status>
</kw>
<status status="PASS" starttime="20190424 14:26:52.770" endtime="20190424 14:26:52.806"></status>
</kw>
<kw name="${n} = 1" type="foritem">
<kw name="Exit For Loop If" library="BuiltIn">
<doc>Stops executing the enclosing for loop if the ``condition`` is true.</doc>
<arguments>
<arg>${RowValues}&lt;4</arg>
</arguments>
<status status="PASS" starttime="20190424 14:26:52.806" endtime="20190424 14:26:52.806"></status>
</kw>
<kw name="Set Variable" library="BuiltIn">
<doc>Returns the given values which can then be assigned to a variables.</doc>
<arguments>
<arg>${n+1}</arg>
</arguments>
<assign>
<var>${n}</var>
</assign>
<msg timestamp="20190424 14:26:52.807" level="INFO">${n} = 2</msg>
<status status="PASS" starttime="20190424 14:26:52.806" endtime="20190424 14:26:52.807"></status>
</kw>
<kw name="Get Text" library="SeleniumLibrary">
<doc>Returns the text value of element identified by ``locator``.</doc>
<arguments>
<arg>${DataXPath}/td[${n}]</arg>
</arguments>
<assign>
<var>${value}</var>
</assign>
<msg timestamp="20190424 14:26:52.840" level="INFO">${value} = 2x5 MHz abstrakt</msg>
<status status="PASS" starttime="20190424 14:26:52.807" endtime="20190424 14:26:52.840"></status>
</kw>
<kw name="Set Variable" library="BuiltIn">
<doc>Returns the given values which can then be assigned to a variables.</doc>
<arguments>
<arg>${valuesRow};${value}</arg>
</arguments>
<assign>
<var>${valuesRow}</var>
</assign>
<msg timestamp="20190424 14:26:52.841" level="INFO">${valuesRow} = ;04A 2 GHz;2x5 MHz abstrakt</msg>
<status status="PASS" starttime="20190424 14:26:52.841" endtime="20190424 14:26:52.841"></status>
</kw>
<kw name="Exit For Loop If" library="BuiltIn">
<doc>Stops executing the enclosing for loop if the ``condition`` is true.</doc>
<arguments>
<arg>${n}&gt;=${RowValues}</arg>
</arguments>
<status status="PASS" starttime="20190424 14:26:52.841" endtime="20190424 14:26:52.842"></status>
</kw>
<status status="PASS" starttime="20190424 14:26:52.806" endtime="20190424 14:26:52.842"></status>
</kw>
<kw name="${n} = 2" type="foritem">
<kw name="Exit For Loop If" library="BuiltIn">
<doc>Stops executing the enclosing for loop if the ``condition`` is true.</doc>
<arguments>
<arg>${RowValues}&lt;4</arg>
</arguments>
<status status="PASS" starttime="20190424 14:26:52.842" endtime="20190424 14:26:52.842"></status>
</kw>
<kw name="Set Variable" library="BuiltIn">
<doc>Returns the given values which can then be assigned to a variables.</doc>
<arguments>
<arg>${n+1}</arg>
</arguments>
<assign>
<var>${n}</var>
</assign>
<msg timestamp="20190424 14:26:52.843" level="INFO">${n} = 3</msg>
<status status="PASS" starttime="20190424 14:26:52.842" endtime="20190424 14:26:52.843"></status>
</kw>
<kw name="Get Text" library="SeleniumLibrary">
<doc>Returns the text value of element identified by ``locator``.</doc>
<arguments>
<arg>${DataXPath}/td[${n}]</arg>
</arguments>
<assign>
<var>${value}</var>
</assign>
<msg timestamp="20190424 14:26:52.876" level="INFO">${value} = TEF DE</msg>
<status status="PASS" starttime="20190424 14:26:52.843" endtime="20190424 14:26:52.877"></status>
</kw>
<kw name="Set Variable" library="BuiltIn">
<doc>Returns the given values which can then be assigned to a variables.</doc>
<arguments>
<arg>${valuesRow};${value}</arg>
</arguments>
<assign>
<var>${valuesRow}</var>
</assign>
<msg timestamp="20190424 14:26:52.877" level="INFO">${valuesRow} = ;04A 2 GHz;2x5 MHz abstrakt;TEF DE</msg>
<status status="PASS" starttime="20190424 14:26:52.877" endtime="20190424 14:26:52.877"></status>
</kw>
<kw name="Exit For Loop If" library="BuiltIn">
<doc>Stops executing the enclosing for loop if the ``condition`` is true.</doc>
<arguments>
<arg>${n}&gt;=${RowValues}</arg>
</arguments>
<status status="PASS" starttime="20190424 14:26:52.877" endtime="20190424 14:26:52.878"></status>
</kw>
<status status="PASS" starttime="20190424 14:26:52.842" endtime="20190424 14:26:52.878"></status>
</kw>
<kw name="${n} = 3" type="foritem">
<kw name="Exit For Loop If" library="BuiltIn">
<doc>Stops executing the enclosing for loop if the ``condition`` is true.</doc>
<arguments>
<arg>${RowValues}&lt;4</arg>
</arguments>
<status status="PASS" starttime="20190424 14:26:52.878" endtime="20190424 14:26:52.878"></status>
</kw>
<kw name="Set Variable" library="BuiltIn">
<doc>Returns the given values which can then be assigned to a variables.</doc>
<arguments>
<arg>${n+1}</arg>
</arguments>
<assign>
<var>${n}</var>
</assign>
<msg timestamp="20190424 14:26:52.879" level="INFO">${n} = 4</msg>
<status status="PASS" starttime="20190424 14:26:52.878" endtime="20190424 14:26:52.879"></status>
</kw>
<kw name="Get Text" library="SeleniumLibrary">
<doc>Returns the text value of element identified by ``locator``.</doc>
<arguments>
<arg>${DataXPath}/td[${n}]</arg>
</arguments>
<assign>
<var>${value}</var>
</assign>
<msg timestamp="20190424 14:26:52.914" level="INFO">${value} = 211.274.000</msg>
<status status="PASS" starttime="20190424 14:26:52.879" endtime="20190424 14:26:52.914"></status>
</kw>
<kw name="Set Variable" library="BuiltIn">
<doc>Returns the given values which can then be assigned to a variables.</doc>
<arguments>
<arg>${valuesRow};${value}</arg>
</arguments>
<assign>
<var>${valuesRow}</var>
</assign>
<msg timestamp="20190424 14:26:52.915" level="INFO">${valuesRow} = ;04A 2 GHz;2x5 MHz abstrakt;TEF DE;211.274.000</msg>
<status status="PASS" starttime="20190424 14:26:52.914" endtime="20190424 14:26:52.915"></status>
</kw>
<kw name="Exit For Loop If" library="BuiltIn">
<doc>Stops executing the enclosing for loop if the ``condition`` is true.</doc>
<arguments>
<arg>${n}&gt;=${RowValues}</arg>
</arguments>
<msg timestamp="20190424 14:26:52.915" level="INFO">Exiting for loop altogether.</msg>
<status status="PASS" starttime="20190424 14:26:52.915" endtime="20190424 14:26:52.915"></status>
</kw>
<status status="PASS" starttime="20190424 14:26:52.878" endtime="20190424 14:26:52.915"></status>
</kw>
<status status="PASS" starttime="20190424 14:26:52.770" endtime="20190424 14:26:52.915"></status>
</kw>
<msg timestamp="20190424 14:26:52.916" level="INFO">${DataRow} = ;04A 2 GHz;2x5 MHz abstrakt;TEF DE;211.274.000</msg>
<status status="PASS" starttime="20190424 14:26:52.752" endtime="20190424 14:26:52.916"></status>
</kw>
<kw name="Run Keyword If" library="BuiltIn">
<doc>Runs the given keyword with the given arguments, if ``condition`` is true.</doc>
<arguments>
<arg>${m}&gt;=3</arg>
<arg>run keywords</arg>
<arg>append to file</arg>
<arg>${filename}</arg>
<arg>\n${current_round}${DataRow}</arg>
<arg>AND</arg>
<arg>log to console</arg>
<arg>=&gt; ${current_round}${DataRow}</arg>
</arguments>
<kw name="Run Keywords" library="BuiltIn">
<doc>Executes all the given keywords in a sequence.</doc>
<arguments>
<arg>append to file</arg>
<arg>${filename}</arg>
<arg>\n${current_round}${DataRow}</arg>
<arg>AND</arg>
<arg>log to console</arg>
<arg>=&gt; ${current_round}${DataRow}</arg>
</arguments>
<kw name="Append To File" library="OperatingSystem">
<doc>Appends the given content to the specified file.</doc>
<arguments>
<arg>${filename}</arg>
<arg>\n${current_round}${DataRow}</arg>
</arguments>
<msg timestamp="20190424 14:26:52.917" level="INFO" html="yes">Appended to file '&lt;a href="file:///home/testautomation/robot_auktion_clean/data_2GHz.txt"&gt;/home/testautomation/robot_auktion_clean/data_2GHz.txt&lt;/a&gt;'.</msg>
<status status="PASS" starttime="20190424 14:26:52.916" endtime="20190424 14:26:52.917"></status>
</kw>
<kw name="Log To Console" library="BuiltIn">
<doc>Logs the given message to the console.</doc>
<arguments>
<arg>=&gt; ${current_round}${DataRow}</arg>
</arguments>
<status status="PASS" starttime="20190424 14:26:52.917" endtime="20190424 14:26:52.917"></status>
</kw>
<status status="PASS" starttime="20190424 14:26:52.916" endtime="20190424 14:26:52.918"></status>
</kw>
<status status="PASS" starttime="20190424 14:26:52.916" endtime="20190424 14:26:52.918"></status>
</kw>
<kw name="Run Keyword If" library="BuiltIn">
<doc>Runs the given keyword with the given arguments, if ``condition`` is true.</doc>
<arguments>
<arg>${m}&lt;3</arg>
<arg>log to console</arg>
<arg>${SPACE * 3}Header - no valid data found in this row</arg>
</arguments>
<status status="PASS" starttime="20190424 14:26:52.918" endtime="20190424 14:26:52.918"></status>
</kw>
<kw name="Exit For Loop If" library="BuiltIn">
<doc>Stops executing the enclosing for loop if the ``condition`` is true.</doc>
<arguments>
<arg>${m}==${Max_Row_Table}</arg>
</arguments>
<status status="PASS" starttime="20190424 14:26:52.918" endtime="20190424 14:26:52.919"></status>
</kw>
<status status="PASS" starttime="20190424 14:26:52.751" endtime="20190424 14:26:52.919"></status>
</kw>
<kw name="${m} = 6" type="foritem">
<kw name="Set Variable" library="BuiltIn">
<doc>Returns the given values which can then be assigned to a variables.</doc>
<arguments>
<arg>${m+1}</arg>
</arguments>
<assign>
<var>${m}</var>
</assign>
<msg timestamp="20190424 14:26:52.919" level="INFO">${m} = 7</msg>
<status status="PASS" starttime="20190424 14:26:52.919" endtime="20190424 14:26:52.919"></status>
</kw>
<kw name="Set Variable" library="BuiltIn">
<doc>Returns the given values which can then be assigned to a variables.</doc>
<arguments>
<arg>${xpath}\[${m}\]</arg>
</arguments>
<assign>
<var>${DataXPath}</var>
</assign>
<msg timestamp="20190424 14:26:52.920" level="INFO">${DataXPath} = xpath://table[@class='table1 gebotsobjekte'][1]/tbody[1]/tr[7]</msg>
<status status="PASS" starttime="20190424 14:26:52.919" endtime="20190424 14:26:52.920"></status>
</kw>
<kw name="SplitUP" library="auktion_keyword">
<arguments>
<arg>${DataXPath}</arg>
</arguments>
<assign>
<var>${DataRow}</var>
</assign>
<kw name="Get Element Count" library="SeleniumLibrary">
<doc>Returns number of elements matching ``locator``.</doc>
<arguments>
<arg>${DataXPath}/td</arg>
</arguments>
<assign>
<var>${RowValues}</var>
</assign>
<msg timestamp="20190424 14:26:52.937" level="INFO">${RowValues} = 4</msg>
<status status="PASS" starttime="20190424 14:26:52.920" endtime="20190424 14:26:52.938"></status>
</kw>
<kw name="Log To Console" library="BuiltIn">
<doc>Logs the given message to the console.</doc>
<arguments>
<arg>Ammount of Values: ${RowValues}</arg>
</arguments>
<status status="PASS" starttime="20190424 14:26:52.938" endtime="20190424 14:26:52.938"></status>
</kw>
<kw name="Set Variable" library="BuiltIn">
<doc>Returns the given values which can then be assigned to a variables.</doc>
<assign>
<var>${valuesRow}</var>
</assign>
<msg timestamp="20190424 14:26:52.938" level="INFO">${valuesRow} = </msg>
<status status="PASS" starttime="20190424 14:26:52.938" endtime="20190424 14:26:52.938"></status>
</kw>
<kw name="${n} IN RANGE [ 10 ]" type="for">
<kw name="${n} = 0" type="foritem">
<kw name="Exit For Loop If" library="BuiltIn">
<doc>Stops executing the enclosing for loop if the ``condition`` is true.</doc>
<arguments>
<arg>${RowValues}&lt;4</arg>
</arguments>
<status status="PASS" starttime="20190424 14:26:52.939" endtime="20190424 14:26:52.939"></status>
</kw>
<kw name="Set Variable" library="BuiltIn">
<doc>Returns the given values which can then be assigned to a variables.</doc>
<arguments>
<arg>${n+1}</arg>
</arguments>
<assign>
<var>${n}</var>
</assign>
<msg timestamp="20190424 14:26:52.940" level="INFO">${n} = 1</msg>
<status status="PASS" starttime="20190424 14:26:52.939" endtime="20190424 14:26:52.940"></status>
</kw>
<kw name="Get Text" library="SeleniumLibrary">
<doc>Returns the text value of element identified by ``locator``.</doc>
<arguments>
<arg>${DataXPath}/td[${n}]</arg>
</arguments>
<assign>
<var>${value}</var>
</assign>
<msg timestamp="20190424 14:26:52.987" level="INFO">${value} = 05A 2 GHz</msg>
<status status="PASS" starttime="20190424 14:26:52.940" endtime="20190424 14:26:52.987"></status>
</kw>
<kw name="Set Variable" library="BuiltIn">
<doc>Returns the given values which can then be assigned to a variables.</doc>
<arguments>
<arg>${valuesRow};${value}</arg>
</arguments>
<assign>
<var>${valuesRow}</var>
</assign>
<msg timestamp="20190424 14:26:52.987" level="INFO">${valuesRow} = ;05A 2 GHz</msg>
<status status="PASS" starttime="20190424 14:26:52.987" endtime="20190424 14:26:52.987"></status>
</kw>
<kw name="Exit For Loop If" library="BuiltIn">
<doc>Stops executing the enclosing for loop if the ``condition`` is true.</doc>
<arguments>
<arg>${n}&gt;=${RowValues}</arg>
</arguments>
<status status="PASS" starttime="20190424 14:26:52.987" endtime="20190424 14:26:52.988"></status>
</kw>
<status status="PASS" starttime="20190424 14:26:52.939" endtime="20190424 14:26:52.988"></status>
</kw>
<kw name="${n} = 1" type="foritem">
<kw name="Exit For Loop If" library="BuiltIn">
<doc>Stops executing the enclosing for loop if the ``condition`` is true.</doc>
<arguments>
<arg>${RowValues}&lt;4</arg>
</arguments>
<status status="PASS" starttime="20190424 14:26:52.988" endtime="20190424 14:26:52.989"></status>
</kw>
<kw name="Set Variable" library="BuiltIn">
<doc>Returns the given values which can then be assigned to a variables.</doc>
<arguments>
<arg>${n+1}</arg>
</arguments>
<assign>
<var>${n}</var>
</assign>
<msg timestamp="20190424 14:26:52.994" level="INFO">${n} = 2</msg>
<status status="PASS" starttime="20190424 14:26:52.993" endtime="20190424 14:26:52.994"></status>
</kw>
<kw name="Get Text" library="SeleniumLibrary">
<doc>Returns the text value of element identified by ``locator``.</doc>
<arguments>
<arg>${DataXPath}/td[${n}]</arg>
</arguments>
<assign>
<var>${value}</var>
</assign>
<msg timestamp="20190424 14:26:53.037" level="INFO">${value} = 2x5 MHz abstrakt</msg>
<status status="PASS" starttime="20190424 14:26:52.995" endtime="20190424 14:26:53.038"></status>
</kw>
<kw name="Set Variable" library="BuiltIn">
<doc>Returns the given values which can then be assigned to a variables.</doc>
<arguments>
<arg>${valuesRow};${value}</arg>
</arguments>
<assign>
<var>${valuesRow}</var>
</assign>
<msg timestamp="20190424 14:26:53.038" level="INFO">${valuesRow} = ;05A 2 GHz;2x5 MHz abstrakt</msg>
<status status="PASS" starttime="20190424 14:26:53.038" endtime="20190424 14:26:53.038"></status>
</kw>
<kw name="Exit For Loop If" library="BuiltIn">
<doc>Stops executing the enclosing for loop if the ``condition`` is true.</doc>
<arguments>
<arg>${n}&gt;=${RowValues}</arg>
</arguments>
<status status="PASS" starttime="20190424 14:26:53.039" endtime="20190424 14:26:53.039"></status>
</kw>
<status status="PASS" starttime="20190424 14:26:52.988" endtime="20190424 14:26:53.039"></status>
</kw>
<kw name="${n} = 2" type="foritem">
<kw name="Exit For Loop If" library="BuiltIn">
<doc>Stops executing the enclosing for loop if the ``condition`` is true.</doc>
<arguments>
<arg>${RowValues}&lt;4</arg>
</arguments>
<status status="PASS" starttime="20190424 14:26:53.039" endtime="20190424 14:26:53.040"></status>
</kw>
<kw name="Set Variable" library="BuiltIn">
<doc>Returns the given values which can then be assigned to a variables.</doc>
<arguments>
<arg>${n+1}</arg>
</arguments>
<assign>
<var>${n}</var>
</assign>
<msg timestamp="20190424 14:26:53.040" level="INFO">${n} = 3</msg>
<status status="PASS" starttime="20190424 14:26:53.040" endtime="20190424 14:26:53.040"></status>
</kw>
<kw name="Get Text" library="SeleniumLibrary">
<doc>Returns the text value of element identified by ``locator``.</doc>
<arguments>
<arg>${DataXPath}/td[${n}]</arg>
</arguments>
<assign>
<var>${value}</var>
</assign>
<msg timestamp="20190424 14:26:53.076" level="INFO">${value} = Vodafone</msg>
<status status="PASS" starttime="20190424 14:26:53.040" endtime="20190424 14:26:53.076"></status>
</kw>
<kw name="Set Variable" library="BuiltIn">
<doc>Returns the given values which can then be assigned to a variables.</doc>
<arguments>
<arg>${valuesRow};${value}</arg>
</arguments>
<assign>
<var>${valuesRow}</var>
</assign>
<msg timestamp="20190424 14:26:53.076" level="INFO">${valuesRow} = ;05A 2 GHz;2x5 MHz abstrakt;Vodafone</msg>
<status status="PASS" starttime="20190424 14:26:53.076" endtime="20190424 14:26:53.076"></status>
</kw>
<kw name="Exit For Loop If" library="BuiltIn">
<doc>Stops executing the enclosing for loop if the ``condition`` is true.</doc>
<arguments>
<arg>${n}&gt;=${RowValues}</arg>
</arguments>
<status status="PASS" starttime="20190424 14:26:53.076" endtime="20190424 14:26:53.077"></status>
</kw>
<status status="PASS" starttime="20190424 14:26:53.039" endtime="20190424 14:26:53.077"></status>
</kw>
<kw name="${n} = 3" type="foritem">
<kw name="Exit For Loop If" library="BuiltIn">
<doc>Stops executing the enclosing for loop if the ``condition`` is true.</doc>
<arguments>
<arg>${RowValues}&lt;4</arg>
</arguments>
<status status="PASS" starttime="20190424 14:26:53.077" endtime="20190424 14:26:53.077"></status>
</kw>
<kw name="Set Variable" library="BuiltIn">
<doc>Returns the given values which can then be assigned to a variables.</doc>
<arguments>
<arg>${n+1}</arg>
</arguments>
<assign>
<var>${n}</var>
</assign>
<msg timestamp="20190424 14:26:53.078" level="INFO">${n} = 4</msg>
<status status="PASS" starttime="20190424 14:26:53.077" endtime="20190424 14:26:53.078"></status>
</kw>
<kw name="Get Text" library="SeleniumLibrary">
<doc>Returns the text value of element identified by ``locator``.</doc>
<arguments>
<arg>${DataXPath}/td[${n}]</arg>
</arguments>
<assign>
<var>${value}</var>
</assign>
<msg timestamp="20190424 14:26:53.112" level="INFO">${value} = 212.237.000</msg>
<status status="PASS" starttime="20190424 14:26:53.078" endtime="20190424 14:26:53.112"></status>
</kw>
<kw name="Set Variable" library="BuiltIn">
<doc>Returns the given values which can then be assigned to a variables.</doc>
<arguments>
<arg>${valuesRow};${value}</arg>
</arguments>
<assign>
<var>${valuesRow}</var>
</assign>
<msg timestamp="20190424 14:26:53.112" level="INFO">${valuesRow} = ;05A 2 GHz;2x5 MHz abstrakt;Vodafone;212.237.000</msg>
<status status="PASS" starttime="20190424 14:26:53.112" endtime="20190424 14:26:53.113"></status>
</kw>
<kw name="Exit For Loop If" library="BuiltIn">
<doc>Stops executing the enclosing for loop if the ``condition`` is true.</doc>
<arguments>
<arg>${n}&gt;=${RowValues}</arg>
</arguments>
<msg timestamp="20190424 14:26:53.113" level="INFO">Exiting for loop altogether.</msg>
<status status="PASS" starttime="20190424 14:26:53.113" endtime="20190424 14:26:53.113"></status>
</kw>
<status status="PASS" starttime="20190424 14:26:53.077" endtime="20190424 14:26:53.113"></status>
</kw>
<status status="PASS" starttime="20190424 14:26:52.939" endtime="20190424 14:26:53.113"></status>
</kw>
<msg timestamp="20190424 14:26:53.114" level="INFO">${DataRow} = ;05A 2 GHz;2x5 MHz abstrakt;Vodafone;212.237.000</msg>
<status status="PASS" starttime="20190424 14:26:52.920" endtime="20190424 14:26:53.114"></status>
</kw>
<kw name="Run Keyword If" library="BuiltIn">
<doc>Runs the given keyword with the given arguments, if ``condition`` is true.</doc>
<arguments>
<arg>${m}&gt;=3</arg>
<arg>run keywords</arg>
<arg>append to file</arg>
<arg>${filename}</arg>
<arg>\n${current_round}${DataRow}</arg>
<arg>AND</arg>
<arg>log to console</arg>
<arg>=&gt; ${current_round}${DataRow}</arg>
</arguments>
<kw name="Run Keywords" library="BuiltIn">
<doc>Executes all the given keywords in a sequence.</doc>
<arguments>
<arg>append to file</arg>
<arg>${filename}</arg>
<arg>\n${current_round}${DataRow}</arg>
<arg>AND</arg>
<arg>log to console</arg>
<arg>=&gt; ${current_round}${DataRow}</arg>
</arguments>
<kw name="Append To File" library="OperatingSystem">
[...]
</arguments>
<kw name="Append To File" library="OperatingSystem">
<doc>Appends the given content to the specified file.</doc>
<arguments>
<arg>${filename}</arg>
<arg>\n${current_round}${DataRow}</arg>
</arguments>
<msg timestamp="20190424 14:27:00.560" level="INFO" html="yes">Appended to file '&lt;a href="file:///home/testautomation/robot_auktion_clean/data_36GHz.txt"&gt;/home/testautomation/robot_auktion_clean/data_36GHz.txt&lt;/a&gt;'.</msg>
<status status="PASS" starttime="20190424 14:27:00.560" endtime="20190424 14:27:00.560"></status>
</kw>
<kw name="Log To Console" library="BuiltIn">
<doc>Logs the given message to the console.</doc>
<arguments>
<arg>=&gt; ${current_round}${DataRow}</arg>
</arguments>
<status status="PASS" starttime="20190424 14:27:00.560" endtime="20190424 14:27:00.561"></status>
</kw>
<status status="PASS" starttime="20190424 14:27:00.559" endtime="20190424 14:27:00.561"></status>
</kw>
<status status="PASS" starttime="20190424 14:27:00.559" endtime="20190424 14:27:00.561"></status>
</kw>
<kw name="Run Keyword If" library="BuiltIn">
<doc>Runs the given keyword with the given arguments, if ``condition`` is true.</doc>
<arguments>
<arg>${m}&lt;3</arg>
<arg>log to console</arg>
<arg>${SPACE * 3}Header - no valid data found in this row</arg>
</arguments>
<status status="PASS" starttime="20190424 14:27:00.561" endtime="20190424 14:27:00.561"></status>
</kw>
<kw name="Exit For Loop If" library="BuiltIn">
<doc>Stops executing the enclosing for loop if the ``condition`` is true.</doc>
<arguments>
<arg>${m}==${Max_Row_Table}</arg>
</arguments>
<status status="PASS" starttime="20190424 14:27:00.561" endtime="20190424 14:27:00.562"></status>
</kw>
<status status="PASS" starttime="20190424 14:27:00.366" endtime="20190424 14:27:00.562"></status>
</kw>
<kw name="${m} = 23" type="foritem">
<kw name="Set Variable" library="BuiltIn">
<doc>Returns the given values which can then be assigned to a variables.</doc>
<arguments>
<arg>${m+1}</arg>
</arguments>
<assign>
<var>${m}</var>
</assign>
<msg timestamp="20190424 14:27:00.562" level="INFO">${m} = 24</msg>
<status status="PASS" starttime="20190424 14:27:00.562" endtime="20190424 14:27:00.562"></status>
</kw>
<kw name="Set Variable" library="BuiltIn">
<doc>Returns the given values which can then be assigned to a variables.</doc>
<arguments>
<arg>${xpath}\[${m}\]</arg>
</arguments>
<assign>
<var>${DataXPath}</var>
</assign>
<msg timestamp="20190424 14:27:00.563" level="INFO">${DataXPath} = xpath://table[@class='table2b gebotsobjekte'][1]/tbody[1]/tr[24]</msg>
<status status="PASS" starttime="20190424 14:27:00.562" endtime="20190424 14:27:00.563"></status>
</kw>
<kw name="SplitUP" library="auktion_keyword">
<arguments>
<arg>${DataXPath}</arg>
</arguments>
<assign>
<var>${DataRow}</var>
</assign>
<kw name="Get Element Count" library="SeleniumLibrary">
<doc>Returns number of elements matching ``locator``.</doc>
<arguments>
<arg>${DataXPath}/td</arg>
</arguments>
<assign>
<var>${RowValues}</var>
</assign>
<msg timestamp="20190424 14:27:00.580" level="INFO">${RowValues} = 4</msg>
<status status="PASS" starttime="20190424 14:27:00.563" endtime="20190424 14:27:00.580"></status>
</kw>
<kw name="Log To Console" library="BuiltIn">
<doc>Logs the given message to the console.</doc>
<arguments>
<arg>Ammount of Values: ${RowValues}</arg>
</arguments>
<status status="PASS" starttime="20190424 14:27:00.580" endtime="20190424 14:27:00.581"></status>
</kw>
<kw name="Set Variable" library="BuiltIn">
<doc>Returns the given values which can then be assigned to a variables.</doc>
<assign>
<var>${valuesRow}</var>
</assign>
<msg timestamp="20190424 14:27:00.581" level="INFO">${valuesRow} = </msg>
<status status="PASS" starttime="20190424 14:27:00.581" endtime="20190424 14:27:00.581"></status>
</kw>
<kw name="${n} IN RANGE [ 10 ]" type="for">
<kw name="${n} = 0" type="foritem">
<kw name="Exit For Loop If" library="BuiltIn">
<doc>Stops executing the enclosing for loop if the ``condition`` is true.</doc>
<arguments>
<arg>${RowValues}&lt;4</arg>
</arguments>
<status status="PASS" starttime="20190424 14:27:00.581" endtime="20190424 14:27:00.582"></status>
</kw>
<kw name="Set Variable" library="BuiltIn">
<doc>Returns the given values which can then be assigned to a variables.</doc>
<arguments>
<arg>${n+1}</arg>
</arguments>
<assign>
<var>${n}</var>
</assign>
<msg timestamp="20190424 14:27:00.582" level="INFO">${n} = 1</msg>
<status status="PASS" starttime="20190424 14:27:00.582" endtime="20190424 14:27:00.582"></status>
</kw>
<kw name="Get Text" library="SeleniumLibrary">
<doc>Returns the text value of element identified by ``locator``.</doc>
<arguments>
<arg>${DataXPath}/td[${n}]</arg>
</arguments>
<assign>
<var>${value}</var>
</assign>
<msg timestamp="20190424 14:27:00.621" level="INFO">${value} = 29K 3,6 GHz</msg>
<status status="PASS" starttime="20190424 14:27:00.582" endtime="20190424 14:27:00.621"></status>
</kw>
<kw name="Set Variable" library="BuiltIn">
<doc>Returns the given values which can then be assigned to a variables.</doc>
<arguments>
<arg>${valuesRow};${value}</arg>
</arguments>
<assign>
<var>${valuesRow}</var>
</assign>
<msg timestamp="20190424 14:27:00.622" level="INFO">${valuesRow} = ;29K 3,6 GHz</msg>
<status status="PASS" starttime="20190424 14:27:00.621" endtime="20190424 14:27:00.622"></status>
</kw>
<kw name="Exit For Loop If" library="BuiltIn">
<doc>Stops executing the enclosing for loop if the ``condition`` is true.</doc>
<arguments>
<arg>${n}&gt;=${RowValues}</arg>
</arguments>
<status status="PASS" starttime="20190424 14:27:00.622" endtime="20190424 14:27:00.622"></status>
</kw>
<status status="PASS" starttime="20190424 14:27:00.581" endtime="20190424 14:27:00.622"></status>
</kw>
<kw name="${n} = 1" type="foritem">
<kw name="Exit For Loop If" library="BuiltIn">
<doc>Stops executing the enclosing for loop if the ``condition`` is true.</doc>
<arguments>
<arg>${RowValues}&lt;4</arg>
</arguments>
<status status="PASS" starttime="20190424 14:27:00.622" endtime="20190424 14:27:00.623"></status>
</kw>
<kw name="Set Variable" library="BuiltIn">
<doc>Returns the given values which can then be assigned to a variables.</doc>
<arguments>
<arg>${n+1}</arg>
</arguments>
<assign>
<var>${n}</var>
</assign>
<msg timestamp="20190424 14:27:00.623" level="INFO">${n} = 2</msg>
<status status="PASS" starttime="20190424 14:27:00.623" endtime="20190424 14:27:00.623"></status>
</kw>
<kw name="Get Text" library="SeleniumLibrary">
<doc>Returns the text value of element identified by ``locator``.</doc>
<arguments>
<arg>${DataXPath}/td[${n}]</arg>
</arguments>
<assign>
<var>${value}</var>
</assign>
<msg timestamp="20190424 14:27:00.659" level="INFO">${value} = 1x10 MHz konkret</msg>
<status status="PASS" starttime="20190424 14:27:00.623" endtime="20190424 14:27:00.659"></status>
</kw>
<kw name="Set Variable" library="BuiltIn">
<doc>Returns the given values which can then be assigned to a variables.</doc>
<arguments>
<arg>${valuesRow};${value}</arg>
</arguments>
<assign>
<var>${valuesRow}</var>
</assign>
<msg timestamp="20190424 14:27:00.660" level="INFO">${valuesRow} = ;29K 3,6 GHz;1x10 MHz konkret</msg>
<status status="PASS" starttime="20190424 14:27:00.659" endtime="20190424 14:27:00.660"></status>
</kw>
<kw name="Exit For Loop If" library="BuiltIn">
<doc>Stops executing the enclosing for loop if the ``condition`` is true.</doc>
<arguments>
<arg>${n}&gt;=${RowValues}</arg>
</arguments>
<status status="PASS" starttime="20190424 14:27:00.660" endtime="20190424 14:27:00.660"></status>
</kw>
<status status="PASS" starttime="20190424 14:27:00.622" endtime="20190424 14:27:00.661"></status>
</kw>
<kw name="${n} = 2" type="foritem">
<kw name="Exit For Loop If" library="BuiltIn">
<doc>Stops executing the enclosing for loop if the ``condition`` is true.</doc>
<arguments>
<arg>${RowValues}&lt;4</arg>
</arguments>
<status status="PASS" starttime="20190424 14:27:00.661" endtime="20190424 14:27:00.661"></status>
</kw>
<kw name="Set Variable" library="BuiltIn">
<doc>Returns the given values which can then be assigned to a variables.</doc>
<arguments>
<arg>${n+1}</arg>
</arguments>
<assign>
<var>${n}</var>
</assign>
<msg timestamp="20190424 14:27:00.661" level="INFO">${n} = 3</msg>
<status status="PASS" starttime="20190424 14:27:00.661" endtime="20190424 14:27:00.661"></status>
</kw>
<kw name="Get Text" library="SeleniumLibrary">
<doc>Returns the text value of element identified by ``locator``.</doc>
<arguments>
<arg>${DataXPath}/td[${n}]</arg>
</arguments>
<assign>
<var>${value}</var>
</assign>
<msg timestamp="20190424 14:27:00.701" level="INFO">${value} = Telekom</msg>
<status status="PASS" starttime="20190424 14:27:00.662" endtime="20190424 14:27:00.701"></status>
</kw>
<kw name="Set Variable" library="BuiltIn">
<doc>Returns the given values which can then be assigned to a variables.</doc>
<arguments>
<arg>${valuesRow};${value}</arg>
</arguments>
<assign>
<var>${valuesRow}</var>
</assign>
<msg timestamp="20190424 14:27:00.702" level="INFO">${valuesRow} = ;29K 3,6 GHz;1x10 MHz konkret;Telekom</msg>
<status status="PASS" starttime="20190424 14:27:00.701" endtime="20190424 14:27:00.702"></status>
</kw>
<kw name="Exit For Loop If" library="BuiltIn">
<doc>Stops executing the enclosing for loop if the ``condition`` is true.</doc>
<arguments>
<arg>${n}&gt;=${RowValues}</arg>
</arguments>
<status status="PASS" starttime="20190424 14:27:00.702" endtime="20190424 14:27:00.702"></status>
</kw>
<status status="PASS" starttime="20190424 14:27:00.661" endtime="20190424 14:27:00.702"></status>
</kw>
<kw name="${n} = 3" type="foritem">
<kw name="Exit For Loop If" library="BuiltIn">
<doc>Stops executing the enclosing for loop if the ``condition`` is true.</doc>
<arguments>
<arg>${RowValues}&lt;4</arg>
</arguments>
<status status="PASS" starttime="20190424 14:27:00.702" endtime="20190424 14:27:00.703"></status>
</kw>
<kw name="Set Variable" library="BuiltIn">
<doc>Returns the given values which can then be assigned to a variables.</doc>
<arguments>
<arg>${n+1}</arg>
</arguments>
<assign>
<var>${n}</var>
</assign>
<msg timestamp="20190424 14:27:00.703" level="INFO">${n} = 4</msg>
<status status="PASS" starttime="20190424 14:27:00.703" endtime="20190424 14:27:00.703"></status>
</kw>
<kw name="Get Text" library="SeleniumLibrary">
<doc>Returns the text value of element identified by ``locator``.</doc>
<arguments>
<arg>${DataXPath}/td[${n}]</arg>
</arguments>
<assign>
<var>${value}</var>
</assign>
<msg timestamp="20190424 14:27:00.742" level="INFO">${value} = 127.597.000</msg>
<status status="PASS" starttime="20190424 14:27:00.703" endtime="20190424 14:27:00.742"></status>
</kw>
<kw name="Set Variable" library="BuiltIn">
<doc>Returns the given values which can then be assigned to a variables.</doc>
<arguments>
<arg>${valuesRow};${value}</arg>
</arguments>
<assign>
<var>${valuesRow}</var>
</assign>
<msg timestamp="20190424 14:27:00.743" level="INFO">${valuesRow} = ;29K 3,6 GHz;1x10 MHz konkret;Telekom;127.597.000</msg>
<status status="PASS" starttime="20190424 14:27:00.743" endtime="20190424 14:27:00.743"></status>
</kw>
<kw name="Exit For Loop If" library="BuiltIn">
<doc>Stops executing the enclosing for loop if the ``condition`` is true.</doc>
<arguments>
<arg>${n}&gt;=${RowValues}</arg>
</arguments>
<msg timestamp="20190424 14:27:00.743" level="INFO">Exiting for loop altogether.</msg>
<status status="PASS" starttime="20190424 14:27:00.743" endtime="20190424 14:27:00.744"></status>
</kw>
<status status="PASS" starttime="20190424 14:27:00.702" endtime="20190424 14:27:00.744"></status>
</kw>
<status status="PASS" starttime="20190424 14:27:00.581" endtime="20190424 14:27:00.744"></status>
</kw>
<msg timestamp="20190424 14:27:00.744" level="INFO">${DataRow} = ;29K 3,6 GHz;1x10 MHz konkret;Telekom;127.597.000</msg>
<status status="PASS" starttime="20190424 14:27:00.563" endtime="20190424 14:27:00.744"></status>
</kw>
<kw name="Run Keyword If" library="BuiltIn">
<doc>Runs the given keyword with the given arguments, if ``condition`` is true.</doc>
<arguments>
<arg>${m}&gt;=3</arg>
<arg>run keywords</arg>
<arg>append to file</arg>
<arg>${filename}</arg>
<arg>\n${current_round}${DataRow}</arg>
<arg>AND</arg>
<arg>log to console</arg>
<arg>=&gt; ${current_round}${DataRow}</arg>
</arguments>
<kw name="Run Keywords" library="BuiltIn">
<doc>Executes all the given keywords in a sequence.</doc>
<arguments>
<arg>append to file</arg>
<arg>${filename}</arg>
<arg>\n${current_round}${DataRow}</arg>
<arg>AND</arg>
<arg>log to console</arg>
<arg>=&gt; ${current_round}${DataRow}</arg>
</arguments>
<kw name="Append To File" library="OperatingSystem">
<doc>Appends the given content to the specified file.</doc>
<arguments>
<arg>${filename}</arg>
<arg>\n${current_round}${DataRow}</arg>
</arguments>
<msg timestamp="20190424 14:27:00.745" level="INFO" html="yes">Appended to file '&lt;a href="file:///home/testautomation/robot_auktion_clean/data_36GHz.txt"&gt;/home/testautomation/robot_auktion_clean/data_36GHz.txt&lt;/a&gt;'.</msg>
<status status="PASS" starttime="20190424 14:27:00.745" endtime="20190424 14:27:00.745"></status>
</kw>
<kw name="Log To Console" library="BuiltIn">
<doc>Logs the given message to the console.</doc>
<arguments>
<arg>=&gt; ${current_round}${DataRow}</arg>
</arguments>
<status status="PASS" starttime="20190424 14:27:00.745" endtime="20190424 14:27:00.746"></status>
</kw>
<status status="PASS" starttime="20190424 14:27:00.744" endtime="20190424 14:27:00.746"></status>
</kw>
<status status="PASS" starttime="20190424 14:27:00.744" endtime="20190424 14:27:00.746"></status>
</kw>
<kw name="Run Keyword If" library="BuiltIn">
<doc>Runs the given keyword with the given arguments, if ``condition`` is true.</doc>
<arguments>
<arg>${m}&lt;3</arg>
<arg>log to console</arg>
<arg>${SPACE * 3}Header - no valid data found in this row</arg>
</arguments>
<status status="PASS" starttime="20190424 14:27:00.746" endtime="20190424 14:27:00.746"></status>
</kw>
<kw name="Exit For Loop If" library="BuiltIn">
<doc>Stops executing the enclosing for loop if the ``condition`` is true.</doc>
<arguments>
<arg>${m}==${Max_Row_Table}</arg>
</arguments>
<msg timestamp="20190424 14:27:00.747" level="INFO">Exiting for loop altogether.</msg>
<status status="PASS" starttime="20190424 14:27:00.746" endtime="20190424 14:27:00.747"></status>
</kw>
<status status="PASS" starttime="20190424 14:27:00.562" endtime="20190424 14:27:00.747"></status>
</kw>
<status status="PASS" starttime="20190424 14:26:56.136" endtime="20190424 14:27:00.747"></status>
</kw>
<status status="PASS" starttime="20190424 14:26:56.116" endtime="20190424 14:27:00.747"></status>
</kw>
<kw name="Exit For Loop If" library="BuiltIn">
<doc>Stops executing the enclosing for loop if the ``condition`` is true.</doc>
<arguments>
<arg>${j}==${Max_Round}</arg>
</arguments>
<msg timestamp="20190424 14:27:00.748" level="INFO">Exiting for loop altogether.</msg>
<status status="PASS" starttime="20190424 14:27:00.747" endtime="20190424 14:27:00.748"></status>
</kw>
<status status="PASS" starttime="20190424 14:26:50.940" endtime="20190424 14:27:00.748"></status>
</kw>
<status status="PASS" starttime="20190424 14:26:50.940" endtime="20190424 14:27:00.748"></status>
</kw>
<kw name="Create File" library="OperatingSystem">
<doc>Creates a file with the given content and encoding.</doc>
<arguments>
<arg>/home/testautomation/robot_auktion_clean${/}vars.txt</arg>
<arg>*** Variables ***\n\${StartRound}${SPACE * 4}${NextGatherRound}</arg>
</arguments>
<msg timestamp="20190424 14:27:00.748" level="INFO" html="yes">Created file '&lt;a href="file:///home/testautomation/robot_auktion_clean/vars.txt"&gt;/home/testautomation/robot_auktion_clean/vars.txt&lt;/a&gt;'.</msg>
<status status="PASS" starttime="20190424 14:27:00.748" endtime="20190424 14:27:00.749"></status>
</kw>
<kw name="Log To Console" library="BuiltIn">
<doc>Logs the given message to the console.</doc>
<arguments>
<arg>\nNext round to gather stored: ${NextGatherRound}\n</arg>
</arguments>
<status status="PASS" starttime="20190424 14:27:00.749" endtime="20190424 14:27:00.749"></status>
</kw>
<kw name="Run" library="OperatingSystem">
<doc>Runs the given command in the system and returns the output.</doc>
<arguments>
<arg>zip -u /home/testautomation/robot_auktion_clean${/}Output${/}AllScreenshots.zip /home/testautomation/robot_auktion_clean${/}Output${/}Screenshot*</arg>
</arguments>
<msg timestamp="20190424 14:27:00.754" level="INFO">Running command 'zip -u /home/testautomation/robot_auktion_clean/Output/AllScreenshots.zip /home/testautomation/robot_auktion_clean/Output/Screenshot* 2&gt;&amp;1'.</msg>
<status status="PASS" starttime="20190424 14:27:00.749" endtime="20190424 14:27:00.878"></status>
</kw>
<kw name="Run" library="OperatingSystem">
<doc>Runs the given command in the system and returns the output.</doc>
<arguments>
<arg>rm /home/testautomation/robot_auktion_clean${/}Output${/}Screenshot*</arg>
</arguments>
<msg timestamp="20190424 14:27:00.881" level="INFO">Running command 'rm /home/testautomation/robot_auktion_clean/Output/Screenshot* 2&gt;&amp;1'.</msg>
<status status="PASS" starttime="20190424 14:27:00.878" endtime="20190424 14:27:00.883"></status>
</kw>
<kw name="Run" library="OperatingSystem">
<doc>Runs the given command in the system and returns the output.</doc>
<arguments>
<arg>zip /home/testautomation/robot_auktion_clean${/}Output${/}Round${Max_Round_int}.zip data_2GHz.txt data_36GHz.txt /home/testautomation/robot_auktion_clean${/}Output${/}AllScreenshots.zip</arg>
</arguments>
<msg timestamp="20190424 14:27:00.887" level="INFO">Running command 'zip /home/testautomation/robot_auktion_clean/Output/Round230.zip data_2GHz.txt data_36GHz.txt /home/testautomation/robot_auktion_clean/Output/AllScreenshots.zip 2&gt;&amp;1'.</msg>
<status status="PASS" starttime="20190424 14:27:00.883" endtime="20190424 14:27:01.084"></status>
</kw>
<kw name="Get Time" library="BuiltIn">
<doc>Returns the given time in the requested format.</doc>
<assign>
<var>${ENDTIME}</var>
</assign>
<msg timestamp="20190424 14:27:01.085" level="INFO">${ENDTIME} = 2019-04-24 14:27:01</msg>
<status status="PASS" starttime="20190424 14:27:01.084" endtime="20190424 14:27:01.085"></status>
</kw>
<kw name="Subtract Date From Date" library="robot.libraries.DateTime">
<doc>Subtracts date from another date and returns time between.</doc>
<arguments>
<arg>${ENDTIME}</arg>
<arg>${STARTTIME_G}</arg>
<arg>compact</arg>
</arguments>
<assign>
<var>${RUNTIME}</var>
</assign>
<msg timestamp="20190424 14:27:01.089" level="INFO">${RUNTIME} = 14s</msg>
<status status="PASS" starttime="20190424 14:27:01.085" endtime="20190424 14:27:01.089"></status>
</kw>
<kw name="Log To Console" library="BuiltIn">
<doc>Logs the given message to the console.</doc>
<arguments>
<arg>Runtime: ${RUNTIME}\n</arg>
</arguments>
<status status="PASS" starttime="20190424 14:27:01.089" endtime="20190424 14:27:01.090"></status>
</kw>
<status status="PASS" starttime="20190424 14:26:50.937" endtime="20190424 14:27:01.090"></status>
</kw>
<kw name="Close Browser" library="SeleniumLibrary">
<doc>Closes the current browser.</doc>
<status status="PASS" starttime="20190424 14:27:01.090" endtime="20190424 14:27:01.153"></status>
</kw>
<doc>Go to the Webpage "https://www.bundesnetzagentur.de" and collect all informations</doc>
<tags>
<tag>All</tag>
</tags>
<status status="PASS" starttime="20190424 14:26:47.080" endtime="20190424 14:27:01.154" critical="yes"></status>
</test>
<doc>Frequenzauktion 5G 2019 Datacollector with Chrome</doc>
<status status="PASS" starttime="20190424 14:26:46.892" endtime="20190424 14:27:01.156"></status>
</suite>
<statistics>
<total>
<stat pass="1" fail="0">Critical Tests</stat>
<stat pass="1" fail="0">All Tests</stat>
</total>
<tag>
<stat pass="1" fail="0">All</stat>
</tag>
<suite>
<stat pass="1" fail="0" id="s1" name="Auktion">Auktion</stat>
</suite>
</statistics>
<errors>
</errors>
</robot>
