<?xml version="1.0" encoding="UTF-8"?>
<robot generator="Robot 3.1.1 (Python 3.7.1 on linux)" generated="20190424 17:36:23.184" rpa="false">
<suite id="s1" name="Auktion" source="/home/testautomation/robot_auktion_clean/auktion.robot">
<test id="s1-t1" name="Get All Data">
<kw name="Open Browser" library="auktion_keyword">
<kw name="Get Time" library="BuiltIn">
<doc>Returns the given time in the requested format.</doc>
<assign>
<var>${STARTTIME}</var>
</assign>
<msg timestamp="20190424 17:36:23.421" level="INFO">${STARTTIME} = 2019-04-24 17:36:23</msg>
<status status="PASS" starttime="20190424 17:36:23.421" endtime="20190424 17:36:23.421"></status>
</kw>
<kw name="Set Global Variable" library="BuiltIn">
<doc>Makes a variable available globally in all tests and suites.</doc>
<arguments>
<arg>${STARTTIME_G}</arg>
<arg>${STARTTIME}</arg>
</arguments>
<msg timestamp="20190424 17:36:23.422" level="INFO">${STARTTIME_G} = 2019-04-24 17:36:23</msg>
<status status="PASS" starttime="20190424 17:36:23.422" endtime="20190424 17:36:23.423"></status>
</kw>
<kw name="Create Webdriver" library="SeleniumLibrary">
<doc>Creates an instance of Selenium WebDriver.</doc>
<arguments>
<arg>${BROWSER}</arg>
</arguments>
<msg timestamp="20190424 17:36:23.423" level="INFO">Creating an instance of the Chrome WebDriver.</msg>
<status status="PASS" starttime="20190424 17:36:23.423" endtime="20190424 17:36:25.683"></status>
</kw>
<kw name="Set Window Size" library="SeleniumLibrary">
<doc>Sets current windows size to given ``width`` and ``height``.</doc>
<arguments>
<arg>${WINDOW_X}</arg>
<arg>${WINDOW_Y}</arg>
</arguments>
<status status="PASS" starttime="20190424 17:36:25.684" endtime="20190424 17:36:25.792"></status>
</kw>
<status status="PASS" starttime="20190424 17:36:23.420" endtime="20190424 17:36:25.793"></status>
</kw>
<kw name="Check existence of vars.txt" library="auktion_keyword">
<kw name="Run Keyword And Ignore Error" library="BuiltIn">
<doc>Runs the given keyword with the given arguments and ignores possible error.</doc>
<arguments>
<arg>Variable Should Exist</arg>
<arg>${StartRound}</arg>
</arguments>
<assign>
<var>${status}</var>
<var>${message}</var>
</assign>
<kw name="Variable Should Exist" library="BuiltIn">
<doc>Fails unless the given variable exists within the current scope.</doc>
<arguments>
<arg>${StartRound}</arg>
</arguments>
<status status="PASS" starttime="20190424 17:36:25.794" endtime="20190424 17:36:25.795"></status>
</kw>
<msg timestamp="20190424 17:36:25.795" level="INFO">${status} = PASS</msg>
<msg timestamp="20190424 17:36:25.795" level="INFO">${message} = None</msg>
<status status="PASS" starttime="20190424 17:36:25.794" endtime="20190424 17:36:25.795"></status>
</kw>
<kw name="Run Keyword If" library="BuiltIn">
<doc>Runs the given keyword with the given arguments, if ``condition`` is true.</doc>
<arguments>
<arg>"${status}" == "FAIL"</arg>
<arg>run keywords</arg>
<arg>create file</arg>
<arg>/home/testautomation/robot_auktion_clean${/}vars.txt</arg>
<arg>*** Variables ***\n\${StartRound}${SPACE * 4}1</arg>
<arg>AND</arg>
<arg>set global variable</arg>
<arg>${StartRound}</arg>
<arg>1</arg>
</arguments>
<status status="PASS" starttime="20190424 17:36:25.795" endtime="20190424 17:36:25.795"></status>
</kw>
<status status="PASS" starttime="20190424 17:36:25.793" endtime="20190424 17:36:25.795"></status>
</kw>
<kw name="Navigate To Main Webpage" library="auktion_keyword">
<kw name="Go To" library="SeleniumLibrary">
<doc>Navigates the active browser instance to the provided ``url``.</doc>
<arguments>
<arg>${URLMAIN}</arg>
</arguments>
<msg timestamp="20190424 17:36:25.798" level="INFO">Opening url 'https://www.bundesnetzagentur.de/DE/Sachgebiete/Telekommunikation/Unternehmen_Institutionen/Frequenzen/OeffentlicheNetze/Mobilfunknetze/mobilfunknetze-node.html'</msg>
<status status="PASS" starttime="20190424 17:36:25.798" endtime="20190424 17:36:27.301"></status>
</kw>
<kw name="Title Should Be" library="SeleniumLibrary">
<doc>Verifies that current page title equals ``title``.</doc>
<arguments>
<arg>Bundesnetzagentur - Mobilfunknetze</arg>
</arguments>
<msg timestamp="20190424 17:36:27.346" level="INFO">Page title is 'Bundesnetzagentur - Mobilfunknetze'.</msg>
<status status="PASS" starttime="20190424 17:36:27.301" endtime="20190424 17:36:27.346"></status>
</kw>
<status status="PASS" starttime="20190424 17:36:25.796" endtime="20190424 17:36:27.346"></status>
</kw>
<kw name="Get ammount of Rounds" library="auktion_keyword">
<kw name="Get Text" library="SeleniumLibrary">
<doc>Returns the text value of element identified by ``locator``.</doc>
<arguments>
<arg>xpath://div[@class='singleview']/h3</arg>
</arguments>
<assign>
<var>${Current_Round_String}</var>
</assign>
<msg timestamp="20190424 17:36:27.407" level="INFO">${Current_Round_String} = Ergebnis der Runde 233</msg>
<status status="PASS" starttime="20190424 17:36:27.347" endtime="20190424 17:36:27.407"></status>
</kw>
<kw name="Split String" library="String">
<doc>Splits the ``string`` using ``separator`` as a delimiter string.</doc>
<arguments>
<arg>${Current_Round_String}</arg>
<arg>separator=${SPACE}</arg>
</arguments>
<assign>
<var>@{Current_Round_Split}</var>
</assign>
<msg timestamp="20190424 17:36:27.408" level="INFO">@{Current_Round_Split} = [ Ergebnis | der | Runde | 233 ]</msg>
<status status="PASS" starttime="20190424 17:36:27.407" endtime="20190424 17:36:27.408"></status>
</kw>
<kw name="Set Global Variable" library="BuiltIn">
<doc>Makes a variable available globally in all tests and suites.</doc>
<arguments>
<arg>${Max_Round}</arg>
<arg>${Current_Round_Split}[3]</arg>
</arguments>
<msg timestamp="20190424 17:36:27.409" level="INFO">${Max_Round} = 233</msg>
<status status="PASS" starttime="20190424 17:36:27.408" endtime="20190424 17:36:27.409"></status>
</kw>
<kw name="Log To Console" library="BuiltIn">
<doc>Logs the given message to the console.</doc>
<arguments>
<arg>\n\nLatest available Round on the website: ${Max_Round}</arg>
</arguments>
<status status="PASS" starttime="20190424 17:36:27.409" endtime="20190424 17:36:27.410"></status>
</kw>
<status status="PASS" starttime="20190424 17:36:27.347" endtime="20190424 17:36:27.410"></status>
</kw>
<kw name="Gather Data" library="auktion_keyword">
<kw name="Convert To Integer" library="BuiltIn">
<doc>Converts the given item to an integer number.</doc>
<arguments>
<arg>${Max_Round}</arg>
</arguments>
<assign>
<var>${Max_Round_int}</var>
</assign>
<msg timestamp="20190424 17:36:27.410" level="INFO">${Max_Round_int} = 233</msg>
<status status="PASS" starttime="20190424 17:36:27.410" endtime="20190424 17:36:27.410"></status>
</kw>
<kw name="Set Variable" library="BuiltIn">
<doc>Returns the given values which can then be assigned to a variables.</doc>
<arguments>
<arg>${Max_Round_int+1}</arg>
</arguments>
<assign>
<var>${NextGatherRound}</var>
</assign>
<msg timestamp="20190424 17:36:27.411" level="INFO">${NextGatherRound} = 234</msg>
<status status="PASS" starttime="20190424 17:36:27.411" endtime="20190424 17:36:27.411"></status>
</kw>
<kw name="Convert To Integer" library="BuiltIn">
<doc>Converts the given item to an integer number.</doc>
<arguments>
<arg>${StartRound}</arg>
</arguments>
<assign>
<var>${j_int}</var>
</assign>
<msg timestamp="20190424 17:36:27.411" level="INFO">${j_int} = 233</msg>
<status status="PASS" starttime="20190424 17:36:27.411" endtime="20190424 17:36:27.412"></status>
</kw>
<kw name="Set Variable" library="BuiltIn">
<doc>Returns the given values which can then be assigned to a variables.</doc>
<arguments>
<arg>${j_int}</arg>
</arguments>
<assign>
<var>${j}</var>
</assign>
<msg timestamp="20190424 17:36:27.412" level="INFO">${j} = 233</msg>
<status status="PASS" starttime="20190424 17:36:27.412" endtime="20190424 17:36:27.412"></status>
</kw>
<kw name="${i} IN RANGE [ 999 ]" type="for">
<kw name="${i} = 0" type="foritem">
<kw name="Run Keyword If" library="BuiltIn">
<doc>Runs the given keyword with the given arguments, if ``condition`` is true.</doc>
<arguments>
<arg>${StartRound}==${NextGatherRound}</arg>
<arg>run keywords</arg>
<arg>log to console</arg>
<arg>\nNothing to gather. Round ${StartRound} data not available yet...</arg>
<arg>AND</arg>
<arg>exit for loop</arg>
</arguments>
<status status="PASS" starttime="20190424 17:36:27.412" endtime="20190424 17:36:27.413"></status>
</kw>
<kw name="Set Variable If" library="BuiltIn">
<doc>Sets variable based on the given condition.</doc>
<arguments>
<arg>${j}&gt;=100</arg>
<arg>${URLDATA}${j}.html</arg>
<arg>${j}&gt;=10</arg>
<arg>${URLDATA}0${j}.html</arg>
<arg>${j}&lt;10</arg>
<arg>${URLDATA}00${j}.html</arg>
</arguments>
<assign>
<var>${URLROUND}</var>
</assign>
<msg timestamp="20190424 17:36:27.413" level="INFO">${URLROUND} = https://www.bundesnetzagentur.de/_tools/FrequenzXml/Auktion2019_XML/233.html</msg>
<status status="PASS" starttime="20190424 17:36:27.413" endtime="20190424 17:36:27.413"></status>
</kw>
<kw name="Log To Console" library="BuiltIn">
<doc>Logs the given message to the console.</doc>
<arguments>
<arg>\nRound: ${j}</arg>
</arguments>
<status status="PASS" starttime="20190424 17:36:27.414" endtime="20190424 17:36:27.414"></status>
</kw>
<kw name="Log To Console" library="BuiltIn">
<doc>Logs the given message to the console.</doc>
<arguments>
<arg>${URLROUND}</arg>
</arguments>
<status status="PASS" starttime="20190424 17:36:27.414" endtime="20190424 17:36:27.414"></status>
</kw>
<kw name="Go To" library="SeleniumLibrary">
<doc>Navigates the active browser instance to the provided ``url``.</doc>
<arguments>
<arg>${URLROUND}</arg>
</arguments>
<msg timestamp="20190424 17:36:27.415" level="INFO">Opening url 'https://www.bundesnetzagentur.de/_tools/FrequenzXml/Auktion2019_XML/233.html'</msg>
<status status="PASS" starttime="20190424 17:36:27.414" endtime="20190424 17:36:28.105"></status>
</kw>
<kw name="Screenshot" library="auktion_keyword">
<arguments>
<arg>Screenshot_Round_${j}.png</arg>
</arguments>
<kw name="Capture Page Screenshot" library="SeleniumLibrary">
<doc>Takes screenshot of the current page and embeds it into log file.</doc>
<arguments>
<arg>/home/testautomation/robot_auktion_clean${/}Output${/}${screenshotname}</arg>
</arguments>
<msg timestamp="20190424 17:36:28.286" level="INFO" html="yes">&lt;/td&gt;&lt;/tr&gt;&lt;tr&gt;&lt;td colspan="3"&gt;&lt;a href="Output/Screenshot_Round_233.png"&gt;&lt;img src="Output/Screenshot_Round_233.png" width="800px"&gt;&lt;/a&gt;</msg>
<status status="PASS" starttime="20190424 17:36:28.107" endtime="20190424 17:36:28.286"></status>
</kw>
<status status="PASS" starttime="20190424 17:36:28.106" endtime="20190424 17:36:28.286"></status>
</kw>
<kw name="Get Table" library="auktion_keyword">
<arguments>
<arg>${j}</arg>
<arg>xpath://table[@class='table1 gebotsobjekte'][1]/tbody[1]/tr</arg>
<arg>data_2GHz.txt</arg>
</arguments>
<kw name="Get Element Count" library="SeleniumLibrary">
<doc>Returns number of elements matching ``locator``.</doc>
<arguments>
<arg>${xpath}</arg>
</arguments>
<assign>
<var>${Max_Row_Table}</var>
</assign>
<msg timestamp="20190424 17:36:28.316" level="INFO">${Max_Row_Table} = 14</msg>
<status status="PASS" starttime="20190424 17:36:28.287" endtime="20190424 17:36:28.316"></status>
</kw>
<kw name="Log To Console" library="BuiltIn">
<doc>Logs the given message to the console.</doc>
<arguments>
<arg>\nAmmount of Rows: ${Max_Row_Table}</arg>
</arguments>
<status status="PASS" starttime="20190424 17:36:28.316" endtime="20190424 17:36:28.317"></status>
</kw>
<kw name="${m} IN RANGE [ 25 ]" type="for">
<kw name="${m} = 0" type="foritem">
<kw name="Set Variable" library="BuiltIn">
<doc>Returns the given values which can then be assigned to a variables.</doc>
<arguments>
<arg>${m+1}</arg>
</arguments>
<assign>
<var>${m}</var>
</assign>
<msg timestamp="20190424 17:36:28.318" level="INFO">${m} = 1</msg>
<status status="PASS" starttime="20190424 17:36:28.317" endtime="20190424 17:36:28.318"></status>
</kw>
<kw name="Set Variable" library="BuiltIn">
<doc>Returns the given values which can then be assigned to a variables.</doc>
<arguments>
<arg>${xpath}\[${m}\]</arg>
</arguments>
<assign>
<var>${DataXPath}</var>
</assign>
<msg timestamp="20190424 17:36:28.319" level="INFO">${DataXPath} = xpath://table[@class='table1 gebotsobjekte'][1]/tbody[1]/tr[1]</msg>
<status status="PASS" starttime="20190424 17:36:28.318" endtime="20190424 17:36:28.319"></status>
</kw>
<kw name="SplitUP" library="auktion_keyword">
<arguments>
<arg>${DataXPath}</arg>
</arguments>
<assign>
<var>${DataRow}</var>
</assign>
<kw name="Get Element Count" library="SeleniumLibrary">
<doc>Returns number of elements matching ``locator``.</doc>
<arguments>
<arg>${DataXPath}/td</arg>
</arguments>
<assign>
<var>${RowValues}</var>
</assign>
<msg timestamp="20190424 17:36:28.343" level="INFO">${RowValues} = 1</msg>
<status status="PASS" starttime="20190424 17:36:28.319" endtime="20190424 17:36:28.343"></status>
</kw>
<kw name="Log To Console" library="BuiltIn">
<doc>Logs the given message to the console.</doc>
<arguments>
<arg>Ammount of Values: ${RowValues}</arg>
</arguments>
<status status="PASS" starttime="20190424 17:36:28.343" endtime="20190424 17:36:28.344"></status>
</kw>
<kw name="Set Variable" library="BuiltIn">
<doc>Returns the given values which can then be assigned to a variables.</doc>
<assign>
<var>${valuesRow}</var>
</assign>
<msg timestamp="20190424 17:36:28.345" level="INFO">${valuesRow} = </msg>
<status status="PASS" starttime="20190424 17:36:28.345" endtime="20190424 17:36:28.345"></status>
</kw>
<kw name="${n} IN RANGE [ 10 ]" type="for">
<kw name="${n} = 0" type="foritem">
<kw name="Exit For Loop If" library="BuiltIn">
<doc>Stops executing the enclosing for loop if the ``condition`` is true.</doc>
<arguments>
<arg>${RowValues}&lt;4</arg>
</arguments>
<msg timestamp="20190424 17:36:28.347" level="INFO">Exiting for loop altogether.</msg>
<status status="PASS" starttime="20190424 17:36:28.346" endtime="20190424 17:36:28.347"></status>
</kw>
<status status="PASS" starttime="20190424 17:36:28.346" endtime="20190424 17:36:28.347"></status>
</kw>
<status status="PASS" starttime="20190424 17:36:28.346" endtime="20190424 17:36:28.348"></status>
</kw>
<msg timestamp="20190424 17:36:28.348" level="INFO">${DataRow} = </msg>
<status status="PASS" starttime="20190424 17:36:28.319" endtime="20190424 17:36:28.348"></status>
</kw>
<kw name="Run Keyword If" library="BuiltIn">
<doc>Runs the given keyword with the given arguments, if ``condition`` is true.</doc>
<arguments>
<arg>${m}&gt;=3</arg>
<arg>run keywords</arg>
<arg>append to file</arg>
<arg>${filename}</arg>
<arg>\n${current_round}${DataRow}</arg>
<arg>AND</arg>
<arg>log to console</arg>
<arg>=&gt; ${current_round}${DataRow}</arg>
</arguments>
<status status="PASS" starttime="20190424 17:36:28.348" endtime="20190424 17:36:28.349"></status>
</kw>
<kw name="Run Keyword If" library="BuiltIn">
<doc>Runs the given keyword with the given arguments, if ``condition`` is true.</doc>
<arguments>
<arg>${m}&lt;3</arg>
<arg>log to console</arg>
<arg>${SPACE * 3}Header - no valid data found in this row</arg>
</arguments>
<kw name="Log To Console" library="BuiltIn">
<doc>Logs the given message to the console.</doc>
<arguments>
<arg>${SPACE * 3}Header - no valid data found in this row</arg>
</arguments>
<status status="PASS" starttime="20190424 17:36:28.350" endtime="20190424 17:36:28.351"></status>
</kw>
<status status="PASS" starttime="20190424 17:36:28.349" endtime="20190424 17:36:28.351"></status>
</kw>
<kw name="Exit For Loop If" library="BuiltIn">
<doc>Stops executing the enclosing for loop if the ``condition`` is true.</doc>
<arguments>
<arg>${m}==${Max_Row_Table}</arg>
</arguments>
<status status="PASS" starttime="20190424 17:36:28.351" endtime="20190424 17:36:28.351"></status>
</kw>
<status status="PASS" starttime="20190424 17:36:28.317" endtime="20190424 17:36:28.351"></status>
</kw>
<kw name="${m} = 1" type="foritem">
<kw name="Set Variable" library="BuiltIn">
<doc>Returns the given values which can then be assigned to a variables.</doc>
<arguments>
<arg>${m+1}</arg>
</arguments>
<assign>
<var>${m}</var>
</assign>
<msg timestamp="20190424 17:36:28.353" level="INFO">${m} = 2</msg>
<status status="PASS" starttime="20190424 17:36:28.351" endtime="20190424 17:36:28.353"></status>
</kw>
<kw name="Set Variable" library="BuiltIn">
<doc>Returns the given values which can then be assigned to a variables.</doc>
<arguments>
<arg>${xpath}\[${m}\]</arg>
</arguments>
<assign>
<var>${DataXPath}</var>
</assign>
<msg timestamp="20190424 17:36:28.354" level="INFO">${DataXPath} = xpath://table[@class='table1 gebotsobjekte'][1]/tbody[1]/tr[2]</msg>
<status status="PASS" starttime="20190424 17:36:28.353" endtime="20190424 17:36:28.354"></status>
</kw>
<kw name="SplitUP" library="auktion_keyword">
<arguments>
<arg>${DataXPath}</arg>
</arguments>
<assign>
<var>${DataRow}</var>
</assign>
<kw name="Get Element Count" library="SeleniumLibrary">
<doc>Returns number of elements matching ``locator``.</doc>
<arguments>
<arg>${DataXPath}/td</arg>
</arguments>
<assign>
<var>${RowValues}</var>
</assign>
<msg timestamp="20190424 17:36:28.371" level="INFO">${RowValues} = 0</msg>
<status status="PASS" starttime="20190424 17:36:28.354" endtime="20190424 17:36:28.372"></status>
</kw>
<kw name="Log To Console" library="BuiltIn">
<doc>Logs the given message to the console.</doc>
<arguments>
<arg>Ammount of Values: ${RowValues}</arg>
</arguments>
<status status="PASS" starttime="20190424 17:36:28.372" endtime="20190424 17:36:28.372"></status>
</kw>
<kw name="Set Variable" library="BuiltIn">
<doc>Returns the given values which can then be assigned to a variables.</doc>
<assign>
<var>${valuesRow}</var>
</assign>
<msg timestamp="20190424 17:36:28.372" level="INFO">${valuesRow} = </msg>
<status status="PASS" starttime="20190424 17:36:28.372" endtime="20190424 17:36:28.372"></status>
</kw>
<kw name="${n} IN RANGE [ 10 ]" type="for">
<kw name="${n} = 0" type="foritem">
<kw name="Exit For Loop If" library="BuiltIn">
<doc>Stops executing the enclosing for loop if the ``condition`` is true.</doc>
<arguments>
<arg>${RowValues}&lt;4</arg>
</arguments>
<msg timestamp="20190424 17:36:28.373" level="INFO">Exiting for loop altogether.</msg>
<status status="PASS" starttime="20190424 17:36:28.373" endtime="20190424 17:36:28.373"></status>
</kw>
<status status="PASS" starttime="20190424 17:36:28.373" endtime="20190424 17:36:28.373"></status>
</kw>
<status status="PASS" starttime="20190424 17:36:28.373" endtime="20190424 17:36:28.373"></status>
</kw>
<msg timestamp="20190424 17:36:28.374" level="INFO">${DataRow} = </msg>
<status status="PASS" starttime="20190424 17:36:28.354" endtime="20190424 17:36:28.374"></status>
</kw>
<kw name="Run Keyword If" library="BuiltIn">
<doc>Runs the given keyword with the given arguments, if ``condition`` is true.</doc>
<arguments>
<arg>${m}&gt;=3</arg>
<arg>run keywords</arg>
<arg>append to file</arg>
<arg>${filename}</arg>
<arg>\n${current_round}${DataRow}</arg>
<arg>AND</arg>
<arg>log to console</arg>
<arg>=&gt; ${current_round}${DataRow}</arg>
</arguments>
<status status="PASS" starttime="20190424 17:36:28.374" endtime="20190424 17:36:28.374"></status>
</kw>
<kw name="Run Keyword If" library="BuiltIn">
<doc>Runs the given keyword with the given arguments, if ``condition`` is true.</doc>
<arguments>
<arg>${m}&lt;3</arg>
<arg>log to console</arg>
<arg>${SPACE * 3}Header - no valid data found in this row</arg>
</arguments>
<kw name="Log To Console" library="BuiltIn">
<doc>Logs the given message to the console.</doc>
<arguments>
<arg>${SPACE * 3}Header - no valid data found in this row</arg>
</arguments>
<status status="PASS" starttime="20190424 17:36:28.374" endtime="20190424 17:36:28.375"></status>
</kw>
<status status="PASS" starttime="20190424 17:36:28.374" endtime="20190424 17:36:28.375"></status>
</kw>
<kw name="Exit For Loop If" library="BuiltIn">
<doc>Stops executing the enclosing for loop if the ``condition`` is true.</doc>
<arguments>
<arg>${m}==${Max_Row_Table}</arg>
</arguments>
<status status="PASS" starttime="20190424 17:36:28.375" endtime="20190424 17:36:28.376"></status>
</kw>
<status status="PASS" starttime="20190424 17:36:28.351" endtime="20190424 17:36:28.376"></status>
</kw>
<kw name="${m} = 2" type="foritem">
<kw name="Set Variable" library="BuiltIn">
<doc>Returns the given values which can then be assigned to a variables.</doc>
<arguments>
<arg>${m+1}</arg>
</arguments>
<assign>
<var>${m}</var>
</assign>
<msg timestamp="20190424 17:36:28.376" level="INFO">${m} = 3</msg>
<status status="PASS" starttime="20190424 17:36:28.376" endtime="20190424 17:36:28.376"></status>
</kw>
<kw name="Set Variable" library="BuiltIn">
<doc>Returns the given values which can then be assigned to a variables.</doc>
<arguments>
<arg>${xpath}\[${m}\]</arg>
</arguments>
<assign>
<var>${DataXPath}</var>
</assign>
<msg timestamp="20190424 17:36:28.377" level="INFO">${DataXPath} = xpath://table[@class='table1 gebotsobjekte'][1]/tbody[1]/tr[3]</msg>
<status status="PASS" starttime="20190424 17:36:28.376" endtime="20190424 17:36:28.377"></status>
</kw>
<kw name="SplitUP" library="auktion_keyword">
<arguments>
<arg>${DataXPath}</arg>
</arguments>
<assign>
<var>${DataRow}</var>
</assign>
<kw name="Get Element Count" library="SeleniumLibrary">
<doc>Returns number of elements matching ``locator``.</doc>
<arguments>
<arg>${DataXPath}/td</arg>
</arguments>
<assign>
<var>${RowValues}</var>
</assign>
<msg timestamp="20190424 17:36:28.399" level="INFO">${RowValues} = 4</msg>
<status status="PASS" starttime="20190424 17:36:28.377" endtime="20190424 17:36:28.399"></status>
</kw>
<kw name="Log To Console" library="BuiltIn">
<doc>Logs the given message to the console.</doc>
<arguments>
<arg>Ammount of Values: ${RowValues}</arg>
</arguments>
<status status="PASS" starttime="20190424 17:36:28.400" endtime="20190424 17:36:28.400"></status>
</kw>
<kw name="Set Variable" library="BuiltIn">
<doc>Returns the given values which can then be assigned to a variables.</doc>
<assign>
<var>${valuesRow}</var>
</assign>
<msg timestamp="20190424 17:36:28.401" level="INFO">${valuesRow} = </msg>
<status status="PASS" starttime="20190424 17:36:28.400" endtime="20190424 17:36:28.401"></status>
</kw>
<kw name="${n} IN RANGE [ 10 ]" type="for">
<kw name="${n} = 0" type="foritem">
<kw name="Exit For Loop If" library="BuiltIn">
<doc>Stops executing the enclosing for loop if the ``condition`` is true.</doc>
<arguments>
<arg>${RowValues}&lt;4</arg>
</arguments>
<status status="PASS" starttime="20190424 17:36:28.401" endtime="20190424 17:36:28.402"></status>
</kw>
<kw name="Set Variable" library="BuiltIn">
<doc>Returns the given values which can then be assigned to a variables.</doc>
<arguments>
<arg>${n+1}</arg>
</arguments>
<assign>
<var>${n}</var>
</assign>
<msg timestamp="20190424 17:36:28.402" level="INFO">${n} = 1</msg>
<status status="PASS" starttime="20190424 17:36:28.402" endtime="20190424 17:36:28.402"></status>
</kw>
<kw name="Get Text" library="SeleniumLibrary">
<doc>Returns the text value of element identified by ``locator``.</doc>
<arguments>
<arg>${DataXPath}/td[${n}]</arg>
</arguments>
<assign>
<var>${value}</var>
</assign>
<msg timestamp="20190424 17:36:28.443" level="INFO">${value} = 01A 2 GHz</msg>
<status status="PASS" starttime="20190424 17:36:28.402" endtime="20190424 17:36:28.443"></status>
</kw>
<kw name="Set Variable" library="BuiltIn">
<doc>Returns the given values which can then be assigned to a variables.</doc>
<arguments>
<arg>${valuesRow};${value}</arg>
</arguments>
<assign>
<var>${valuesRow}</var>
</assign>
<msg timestamp="20190424 17:36:28.444" level="INFO">${valuesRow} = ;01A 2 GHz</msg>
<status status="PASS" starttime="20190424 17:36:28.444" endtime="20190424 17:36:28.444"></status>
</kw>
<kw name="Exit For Loop If" library="BuiltIn">
<doc>Stops executing the enclosing for loop if the ``condition`` is true.</doc>
<arguments>
<arg>${n}&gt;=${RowValues}</arg>
</arguments>
<status status="PASS" starttime="20190424 17:36:28.444" endtime="20190424 17:36:28.445"></status>
</kw>
<status status="PASS" starttime="20190424 17:36:28.401" endtime="20190424 17:36:28.445"></status>
</kw>
<kw name="${n} = 1" type="foritem">
<kw name="Exit For Loop If" library="BuiltIn">
<doc>Stops executing the enclosing for loop if the ``condition`` is true.</doc>
<arguments>
<arg>${RowValues}&lt;4</arg>
</arguments>
<status status="PASS" starttime="20190424 17:36:28.445" endtime="20190424 17:36:28.446"></status>
</kw>
<kw name="Set Variable" library="BuiltIn">
<doc>Returns the given values which can then be assigned to a variables.</doc>
<arguments>
<arg>${n+1}</arg>
</arguments>
<assign>
<var>${n}</var>
</assign>
<msg timestamp="20190424 17:36:28.446" level="INFO">${n} = 2</msg>
<status status="PASS" starttime="20190424 17:36:28.446" endtime="20190424 17:36:28.446"></status>
</kw>
<kw name="Get Text" library="SeleniumLibrary">
<doc>Returns the text value of element identified by ``locator``.</doc>
<arguments>
<arg>${DataXPath}/td[${n}]</arg>
</arguments>
<assign>
<var>${value}</var>
</assign>
<msg timestamp="20190424 17:36:28.490" level="INFO">${value} = 2x5 MHz abstrakt</msg>
<status status="PASS" starttime="20190424 17:36:28.447" endtime="20190424 17:36:28.490"></status>
</kw>
<kw name="Set Variable" library="BuiltIn">
<doc>Returns the given values which can then be assigned to a variables.</doc>
<arguments>
<arg>${valuesRow};${value}</arg>
</arguments>
<assign>
<var>${valuesRow}</var>
</assign>
<msg timestamp="20190424 17:36:28.491" level="INFO">${valuesRow} = ;01A 2 GHz;2x5 MHz abstrakt</msg>
<status status="PASS" starttime="20190424 17:36:28.490" endtime="20190424 17:36:28.491"></status>
</kw>
<kw name="Exit For Loop If" library="BuiltIn">
<doc>Stops executing the enclosing for loop if the ``condition`` is true.</doc>
<arguments>
<arg>${n}&gt;=${RowValues}</arg>
</arguments>
<status status="PASS" starttime="20190424 17:36:28.491" endtime="20190424 17:36:28.491"></status>
</kw>
<status status="PASS" starttime="20190424 17:36:28.445" endtime="20190424 17:36:28.491"></status>
</kw>
<kw name="${n} = 2" type="foritem">
<kw name="Exit For Loop If" library="BuiltIn">
<doc>Stops executing the enclosing for loop if the ``condition`` is true.</doc>
<arguments>
<arg>${RowValues}&lt;4</arg>
</arguments>
<status status="PASS" starttime="20190424 17:36:28.491" endtime="20190424 17:36:28.492"></status>
</kw>
<kw name="Set Variable" library="BuiltIn">
<doc>Returns the given values which can then be assigned to a variables.</doc>
<arguments>
<arg>${n+1}</arg>
</arguments>
<assign>
<var>${n}</var>
</assign>
<msg timestamp="20190424 17:36:28.492" level="INFO">${n} = 3</msg>
<status status="PASS" starttime="20190424 17:36:28.492" endtime="20190424 17:36:28.492"></status>
</kw>
<kw name="Get Text" library="SeleniumLibrary">
<doc>Returns the text value of element identified by ``locator``.</doc>
<arguments>
<arg>${DataXPath}/td[${n}]</arg>
</arguments>
<assign>
<var>${value}</var>
</assign>
<msg timestamp="20190424 17:36:28.531" level="INFO">${value} = Telekom</msg>
<status status="PASS" starttime="20190424 17:36:28.492" endtime="20190424 17:36:28.531"></status>
</kw>
<kw name="Set Variable" library="BuiltIn">
<doc>Returns the given values which can then be assigned to a variables.</doc>
<arguments>
<arg>${valuesRow};${value}</arg>
</arguments>
<assign>
<var>${valuesRow}</var>
</assign>
<msg timestamp="20190424 17:36:28.532" level="INFO">${valuesRow} = ;01A 2 GHz;2x5 MHz abstrakt;Telekom</msg>
<status status="PASS" starttime="20190424 17:36:28.532" endtime="20190424 17:36:28.532"></status>
</kw>
<kw name="Exit For Loop If" library="BuiltIn">
<doc>Stops executing the enclosing for loop if the ``condition`` is true.</doc>
<arguments>
<arg>${n}&gt;=${RowValues}</arg>
</arguments>
<status status="PASS" starttime="20190424 17:36:28.532" endtime="20190424 17:36:28.533"></status>
</kw>
<status status="PASS" starttime="20190424 17:36:28.491" endtime="20190424 17:36:28.533"></status>
</kw>
<kw name="${n} = 3" type="foritem">
<kw name="Exit For Loop If" library="BuiltIn">
<doc>Stops executing the enclosing for loop if the ``condition`` is true.</doc>
<arguments>
<arg>${RowValues}&lt;4</arg>
</arguments>
<status status="PASS" starttime="20190424 17:36:28.533" endtime="20190424 17:36:28.533"></status>
</kw>
<kw name="Set Variable" library="BuiltIn">
<doc>Returns the given values which can then be assigned to a variables.</doc>
<arguments>
<arg>${n+1}</arg>
</arguments>
<assign>
<var>${n}</var>
</assign>
<msg timestamp="20190424 17:36:28.534" level="INFO">${n} = 4</msg>
<status status="PASS" starttime="20190424 17:36:28.533" endtime="20190424 17:36:28.534"></status>
</kw>
<kw name="Get Text" library="SeleniumLibrary">
<doc>Returns the text value of element identified by ``locator``.</doc>
<arguments>
<arg>${DataXPath}/td[${n}]</arg>
</arguments>
<assign>
<var>${value}</var>
</assign>
<msg timestamp="20190424 17:36:28.581" level="INFO">${value} = 213.312.000</msg>
<status status="PASS" starttime="20190424 17:36:28.534" endtime="20190424 17:36:28.581"></status>
</kw>
<kw name="Set Variable" library="BuiltIn">
<doc>Returns the given values which can then be assigned to a variables.</doc>
<arguments>
<arg>${valuesRow};${value}</arg>
</arguments>
<assign>
<var>${valuesRow}</var>
</assign>
<msg timestamp="20190424 17:36:28.582" level="INFO">${valuesRow} = ;01A 2 GHz;2x5 MHz abstrakt;Telekom;213.312.000</msg>
<status status="PASS" starttime="20190424 17:36:28.582" endtime="20190424 17:36:28.582"></status>
</kw>
<kw name="Exit For Loop If" library="BuiltIn">
<doc>Stops executing the enclosing for loop if the ``condition`` is true.</doc>
<arguments>
<arg>${n}&gt;=${RowValues}</arg>
</arguments>
<msg timestamp="20190424 17:36:28.583" level="INFO">Exiting for loop altogether.</msg>
<status status="PASS" starttime="20190424 17:36:28.582" endtime="20190424 17:36:28.583"></status>
</kw>
<status status="PASS" starttime="20190424 17:36:28.533" endtime="20190424 17:36:28.583"></status>
</kw>
<status status="PASS" starttime="20190424 17:36:28.401" endtime="20190424 17:36:28.583"></status>
</kw>
<msg timestamp="20190424 17:36:28.583" level="INFO">${DataRow} = ;01A 2 GHz;2x5 MHz abstrakt;Telekom;213.312.000</msg>
<status status="PASS" starttime="20190424 17:36:28.377" endtime="20190424 17:36:28.583"></status>
</kw>
<kw name="Run Keyword If" library="BuiltIn">
<doc>Runs the given keyword with the given arguments, if ``condition`` is true.</doc>
<arguments>
<arg>${m}&gt;=3</arg>
<arg>run keywords</arg>
<arg>append to file</arg>
<arg>${filename}</arg>
<arg>\n${current_round}${DataRow}</arg>
<arg>AND</arg>
<arg>log to console</arg>
<arg>=&gt; ${current_round}${DataRow}</arg>
</arguments>
<kw name="Run Keywords" library="BuiltIn">
<doc>Executes all the given keywords in a sequence.</doc>
<arguments>
<arg>append to file</arg>
<arg>${filename}</arg>
<arg>\n${current_round}${DataRow}</arg>
<arg>AND</arg>
<arg>log to console</arg>
<arg>=&gt; ${current_round}${DataRow}</arg>
</arguments>
<kw name="Append To File" library="OperatingSystem">
<doc>Appends the given content to the specified file.</doc>
<arguments>
<arg>${filename}</arg>
<arg>\n${current_round}${DataRow}</arg>
</arguments>
<msg timestamp="20190424 17:36:28.585" level="INFO" html="yes">Appended to file '&lt;a href="file:///home/testautomation/robot_auktion_clean/data_2GHz.txt"&gt;/home/testautomation/robot_auktion_clean/data_2GHz.txt&lt;/a&gt;'.</msg>
<status status="PASS" starttime="20190424 17:36:28.584" endtime="20190424 17:36:28.585"></status>
</kw>
<kw name="Log To Console" library="BuiltIn">
<doc>Logs the given message to the console.</doc>
<arguments>
<arg>=&gt; ${current_round}${DataRow}</arg>
</arguments>
<status status="PASS" starttime="20190424 17:36:28.585" endtime="20190424 17:36:28.586"></status>
</kw>
<status status="PASS" starttime="20190424 17:36:28.584" endtime="20190424 17:36:28.586"></status>
</kw>
<status status="PASS" starttime="20190424 17:36:28.583" endtime="20190424 17:36:28.586"></status>
</kw>
<kw name="Run Keyword If" library="BuiltIn">
<doc>Runs the given keyword with the given arguments, if ``condition`` is true.</doc>
<arguments>
<arg>${m}&lt;3</arg>
<arg>log to console</arg>
<arg>${SPACE * 3}Header - no valid data found in this row</arg>
</arguments>
<status status="PASS" starttime="20190424 17:36:28.586" endtime="20190424 17:36:28.586"></status>
</kw>
<kw name="Exit For Loop If" library="BuiltIn">
<doc>Stops executing the enclosing for loop if the ``condition`` is true.</doc>
<arguments>
<arg>${m}==${Max_Row_Table}</arg>
</arguments>
<status status="PASS" starttime="20190424 17:36:28.586" endtime="20190424 17:36:28.587"></status>
</kw>
<status status="PASS" starttime="20190424 17:36:28.376" endtime="20190424 17:36:28.587"></status>
</kw>
<kw name="${m} = 3" type="foritem">
<kw name="Set Variable" library="BuiltIn">
<doc>Returns the given values which can then be assigned to a variables.</doc>
<arguments>
<arg>${m+1}</arg>
</arguments>
<assign>
<var>${m}</var>
</assign>
<msg timestamp="20190424 17:36:28.588" level="INFO">${m} = 4</msg>
<status status="PASS" starttime="20190424 17:36:28.587" endtime="20190424 17:36:28.588"></status>
</kw>
<kw name="Set Variable" library="BuiltIn">
<doc>Returns the given values which can then be assigned to a variables.</doc>
<arguments>
<arg>${xpath}\[${m}\]</arg>
</arguments>
<assign>
<var>${DataXPath}</var>
</assign>
<msg timestamp="20190424 17:36:28.588" level="INFO">${DataXPath} = xpath://table[@class='table1 gebotsobjekte'][1]/tbody[1]/tr[4]</msg>
<status status="PASS" starttime="20190424 17:36:28.588" endtime="20190424 17:36:28.588"></status>
</kw>
<kw name="SplitUP" library="auktion_keyword">
<arguments>
<arg>${DataXPath}</arg>
</arguments>
<assign>
<var>${DataRow}</var>
</assign>
<kw name="Get Element Count" library="SeleniumLibrary">
<doc>Returns number of elements matching ``locator``.</doc>
<arguments>
<arg>${DataXPath}/td</arg>
</arguments>
<assign>
<var>${RowValues}</var>
</assign>
<msg timestamp="20190424 17:36:28.618" level="INFO">${RowValues} = 4</msg>
<status status="PASS" starttime="20190424 17:36:28.594" endtime="20190424 17:36:28.618"></status>
</kw>
<kw name="Log To Console" library="BuiltIn">
<doc>Logs the given message to the console.</doc>
<arguments>
<arg>Ammount of Values: ${RowValues}</arg>
</arguments>
<status status="PASS" starttime="20190424 17:36:28.618" endtime="20190424 17:36:28.619"></status>
</kw>
<kw name="Set Variable" library="BuiltIn">
<doc>Returns the given values which can then be assigned to a variables.</doc>
<assign>
<var>${valuesRow}</var>
</assign>
<msg timestamp="20190424 17:36:28.619" level="INFO">${valuesRow} = </msg>
<status status="PASS" starttime="20190424 17:36:28.619" endtime="20190424 17:36:28.619"></status>
</kw>
<kw name="${n} IN RANGE [ 10 ]" type="for">
<kw name="${n} = 0" type="foritem">
<kw name="Exit For Loop If" library="BuiltIn">
<doc>Stops executing the enclosing for loop if the ``condition`` is true.</doc>
<arguments>
<arg>${RowValues}&lt;4</arg>
</arguments>
<status status="PASS" starttime="20190424 17:36:28.620" endtime="20190424 17:36:28.620"></status>
</kw>
<kw name="Set Variable" library="BuiltIn">
<doc>Returns the given values which can then be assigned to a variables.</doc>
<arguments>
<arg>${n+1}</arg>
</arguments>
<assign>
<var>${n}</var>
</assign>
<msg timestamp="20190424 17:36:28.621" level="INFO">${n} = 1</msg>
<status status="PASS" starttime="20190424 17:36:28.620" endtime="20190424 17:36:28.621"></status>
</kw>
<kw name="Get Text" library="SeleniumLibrary">
<doc>Returns the text value of element identified by ``locator``.</doc>
<arguments>
<arg>${DataXPath}/td[${n}]</arg>
</arguments>
<assign>
<var>${value}</var>
</assign>
<msg timestamp="20190424 17:36:28.658" level="INFO">${value} = 02A 2 GHz</msg>
<status status="PASS" starttime="20190424 17:36:28.621" endtime="20190424 17:36:28.658"></status>
</kw>
<kw name="Set Variable" library="BuiltIn">
<doc>Returns the given values which can then be assigned to a variables.</doc>
<arguments>
<arg>${valuesRow};${value}</arg>
</arguments>
<assign>
<var>${valuesRow}</var>
</assign>
<msg timestamp="20190424 17:36:28.659" level="INFO">${valuesRow} = ;02A 2 GHz</msg>
<status status="PASS" starttime="20190424 17:36:28.659" endtime="20190424 17:36:28.659"></status>
</kw>
<kw name="Exit For Loop If" library="BuiltIn">
<doc>Stops executing the enclosing for loop if the ``condition`` is true.</doc>
<arguments>
<arg>${n}&gt;=${RowValues}</arg>
</arguments>
<status status="PASS" starttime="20190424 17:36:28.659" endtime="20190424 17:36:28.660"></status>
</kw>
<status status="PASS" starttime="20190424 17:36:28.620" endtime="20190424 17:36:28.660"></status>
</kw>
<kw name="${n} = 1" type="foritem">
<kw name="Exit For Loop If" library="BuiltIn">
<doc>Stops executing the enclosing for loop if the ``condition`` is true.</doc>
<arguments>
<arg>${RowValues}&lt;4</arg>
</arguments>
<status status="PASS" starttime="20190424 17:36:28.660" endtime="20190424 17:36:28.660"></status>
</kw>
<kw name="Set Variable" library="BuiltIn">
<doc>Returns the given values which can then be assigned to a variables.</doc>
<arguments>
<arg>${n+1}</arg>
</arguments>
<assign>
<var>${n}</var>
</assign>
<msg timestamp="20190424 17:36:28.661" level="INFO">${n} = 2</msg>
<status status="PASS" starttime="20190424 17:36:28.661" endtime="20190424 17:36:28.661"></status>
</kw>
<kw name="Get Text" library="SeleniumLibrary">
<doc>Returns the text value of element identified by ``locator``.</doc>
<arguments>
<arg>${DataXPath}/td[${n}]</arg>
</arguments>
<assign>
<var>${value}</var>
</assign>
<msg timestamp="20190424 17:36:28.696" level="INFO">${value} = 2x5 MHz abstrakt</msg>
<status status="PASS" starttime="20190424 17:36:28.661" endtime="20190424 17:36:28.696"></status>
</kw>
<kw name="Set Variable" library="BuiltIn">
<doc>Returns the given values which can then be assigned to a variables.</doc>
<arguments>
<arg>${valuesRow};${value}</arg>
</arguments>
<assign>
<var>${valuesRow}</var>
</assign>
<msg timestamp="20190424 17:36:28.697" level="INFO">${valuesRow} = ;02A 2 GHz;2x5 MHz abstrakt</msg>
<status status="PASS" starttime="20190424 17:36:28.696" endtime="20190424 17:36:28.697"></status>
</kw>
<kw name="Exit For Loop If" library="BuiltIn">
<doc>Stops executing the enclosing for loop if the ``condition`` is true.</doc>
<arguments>
<arg>${n}&gt;=${RowValues}</arg>
</arguments>
<status status="PASS" starttime="20190424 17:36:28.697" endtime="20190424 17:36:28.697"></status>
</kw>
<status status="PASS" starttime="20190424 17:36:28.660" endtime="20190424 17:36:28.698"></status>
</kw>
<kw name="${n} = 2" type="foritem">
<kw name="Exit For Loop If" library="BuiltIn">
<doc>Stops executing the enclosing for loop if the ``condition`` is true.</doc>
<arguments>
<arg>${RowValues}&lt;4</arg>
</arguments>
<status status="PASS" starttime="20190424 17:36:28.698" endtime="20190424 17:36:28.698"></status>
</kw>
<kw name="Set Variable" library="BuiltIn">
<doc>Returns the given values which can then be assigned to a variables.</doc>
<arguments>
<arg>${n+1}</arg>
</arguments>
<assign>
<var>${n}</var>
</assign>
<msg timestamp="20190424 17:36:28.699" level="INFO">${n} = 3</msg>
<status status="PASS" starttime="20190424 17:36:28.698" endtime="20190424 17:36:28.699"></status>
</kw>
<kw name="Get Text" library="SeleniumLibrary">
<doc>Returns the text value of element identified by ``locator``.</doc>
<arguments>
<arg>${DataXPath}/td[${n}]</arg>
</arguments>
<assign>
<var>${value}</var>
</assign>
<msg timestamp="20190424 17:36:28.738" level="INFO">${value} = Telekom</msg>
<status status="PASS" starttime="20190424 17:36:28.699" endtime="20190424 17:36:28.738"></status>
</kw>
<kw name="Set Variable" library="BuiltIn">
<doc>Returns the given values which can then be assigned to a variables.</doc>
<arguments>
<arg>${valuesRow};${value}</arg>
</arguments>
<assign>
<var>${valuesRow}</var>
</assign>
<msg timestamp="20190424 17:36:28.739" level="INFO">${valuesRow} = ;02A 2 GHz;2x5 MHz abstrakt;Telekom</msg>
<status status="PASS" starttime="20190424 17:36:28.739" endtime="20190424 17:36:28.739"></status>
</kw>
<kw name="Exit For Loop If" library="BuiltIn">
<doc>Stops executing the enclosing for loop if the ``condition`` is true.</doc>
<arguments>
<arg>${n}&gt;=${RowValues}</arg>
</arguments>
<status status="PASS" starttime="20190424 17:36:28.739" endtime="20190424 17:36:28.740"></status>
</kw>
<status status="PASS" starttime="20190424 17:36:28.698" endtime="20190424 17:36:28.740"></status>
</kw>
<kw name="${n} = 3" type="foritem">
<kw name="Exit For Loop If" library="BuiltIn">
<doc>Stops executing the enclosing for loop if the ``condition`` is true.</doc>
<arguments>
<arg>${RowValues}&lt;4</arg>
</arguments>
<status status="PASS" starttime="20190424 17:36:28.740" endtime="20190424 17:36:28.740"></status>
</kw>
<kw name="Set Variable" library="BuiltIn">
<doc>Returns the given values which can then be assigned to a variables.</doc>
<arguments>
<arg>${n+1}</arg>
</arguments>
<assign>
<var>${n}</var>
</assign>
<msg timestamp="20190424 17:36:28.741" level="INFO">${n} = 4</msg>
<status status="PASS" starttime="20190424 17:36:28.741" endtime="20190424 17:36:28.741"></status>
</kw>
<kw name="Get Text" library="SeleniumLibrary">
<doc>Returns the text value of element identified by ``locator``.</doc>
<arguments>
<arg>${DataXPath}/td[${n}]</arg>
</arguments>
<assign>
<var>${value}</var>
</assign>
<msg timestamp="20190424 17:36:28.776" level="INFO">${value} = 213.381.000</msg>
<status status="PASS" starttime="20190424 17:36:28.741" endtime="20190424 17:36:28.776"></status>
</kw>
<kw name="Set Variable" library="BuiltIn">
<doc>Returns the given values which can then be assigned to a variables.</doc>
<arguments>
<arg>${valuesRow};${value}</arg>
</arguments>
<assign>
<var>${valuesRow}</var>
</assign>
<msg timestamp="20190424 17:36:28.776" level="INFO">${valuesRow} = ;02A 2 GHz;2x5 MHz abstrakt;Telekom;213.381.000</msg>
<status status="PASS" starttime="20190424 17:36:28.776" endtime="20190424 17:36:28.776"></status>
</kw>
<kw name="Exit For Loop If" library="BuiltIn">
<doc>Stops executing the enclosing for loop if the ``condition`` is true.</doc>
<arguments>
<arg>${n}&gt;=${RowValues}</arg>
</arguments>
<msg timestamp="20190424 17:36:28.777" level="INFO">Exiting for loop altogether.</msg>
<status status="PASS" starttime="20190424 17:36:28.777" endtime="20190424 17:36:28.777"></status>
</kw>
<status status="PASS" starttime="20190424 17:36:28.740" endtime="20190424 17:36:28.777"></status>
</kw>
<status status="PASS" starttime="20190424 17:36:28.620" endtime="20190424 17:36:28.777"></status>
</kw>
<msg timestamp="20190424 17:36:28.777" level="INFO">${DataRow} = ;02A 2 GHz;2x5 MHz abstrakt;Telekom;213.381.000</msg>
<status status="PASS" starttime="20190424 17:36:28.589" endtime="20190424 17:36:28.777"></status>
</kw>
<kw name="Run Keyword If" library="BuiltIn">
<doc>Runs the given keyword with the given arguments, if ``condition`` is true.</doc>
<arguments>
<arg>${m}&gt;=3</arg>
<arg>run keywords</arg>
<arg>append to file</arg>
<arg>${filename}</arg>
<arg>\n${current_round}${DataRow}</arg>
<arg>AND</arg>
<arg>log to console</arg>
<arg>=&gt; ${current_round}${DataRow}</arg>
</arguments>
<kw name="Run Keywords" library="BuiltIn">
<doc>Executes all the given keywords in a sequence.</doc>
<arguments>
<arg>append to file</arg>
<arg>${filename}</arg>
<arg>\n${current_round}${DataRow}</arg>
<arg>AND</arg>
<arg>log to console</arg>
<arg>=&gt; ${current_round}${DataRow}</arg>
</arguments>
<kw name="Append To File" library="OperatingSystem">
<doc>Appends the given content to the specified file.</doc>
<arguments>
<arg>${filename}</arg>
<arg>\n${current_round}${DataRow}</arg>
</arguments>
<msg timestamp="20190424 17:36:28.779" level="INFO" html="yes">Appended to file '&lt;a href="file:///home/testautomation/robot_auktion_clean/data_2GHz.txt"&gt;/home/testautomation/robot_auktion_clean/data_2GHz.txt&lt;/a&gt;'.</msg>
<status status="PASS" starttime="20190424 17:36:28.779" endtime="20190424 17:36:28.779"></status>
</kw>
<kw name="Log To Console" library="BuiltIn">
<doc>Logs the given message to the console.</doc>
<arguments>
<arg>=&gt; ${current_round}${DataRow}</arg>
</arguments>
<status status="PASS" starttime="20190424 17:36:28.779" endtime="20190424 17:36:28.780"></status>
</kw>
<status status="PASS" starttime="20190424 17:36:28.778" endtime="20190424 17:36:28.780"></status>
</kw>
<status status="PASS" starttime="20190424 17:36:28.778" endtime="20190424 17:36:28.780"></status>
</kw>
<kw name="Run Keyword If" library="BuiltIn">
<doc>Runs the given keyword with the given arguments, if ``condition`` is true.</doc>
<arguments>
<arg>${m}&lt;3</arg>
<arg>log to console</arg>
<arg>${SPACE * 3}Header - no valid data found in this row</arg>
</arguments>
<status status="PASS" starttime="20190424 17:36:28.780" endtime="20190424 17:36:28.780"></status>
</kw>
<kw name="Exit For Loop If" library="BuiltIn">
<doc>Stops executing the enclosing for loop if the ``condition`` is true.</doc>
<arguments>
<arg>${m}==${Max_Row_Table}</arg>
</arguments>
<status status="PASS" starttime="20190424 17:36:28.780" endtime="20190424 17:36:28.781"></status>
</kw>
<status status="PASS" starttime="20190424 17:36:28.587" endtime="20190424 17:36:28.781"></status>
</kw>
<kw name="${m} = 4" type="foritem">
<kw name="Set Variable" library="BuiltIn">
<doc>Returns the given values which can then be assigned to a variables.</doc>
<arguments>
<arg>${m+1}</arg>
</arguments>
<assign>
<var>${m}</var>
</assign>
<msg timestamp="20190424 17:36:28.781" level="INFO">${m} = 5</msg>
<status status="PASS" starttime="20190424 17:36:28.781" endtime="20190424 17:36:28.781"></status>
</kw>
<kw name="Set Variable" library="BuiltIn">
<doc>Returns the given values which can then be assigned to a variables.</doc>
<arguments>
<arg>${xpath}\[${m}\]</arg>
</arguments>
<assign>
<var>${DataXPath}</var>
</assign>
<msg timestamp="20190424 17:36:28.782" level="INFO">${DataXPath} = xpath://table[@class='table1 gebotsobjekte'][1]/tbody[1]/tr[5]</msg>
<status status="PASS" starttime="20190424 17:36:28.782" endtime="20190424 17:36:28.782"></status>
</kw>
<kw name="SplitUP" library="auktion_keyword">
<arguments>
<arg>${DataXPath}</arg>
</arguments>
<assign>
<var>${DataRow}</var>
</assign>
<kw name="Get Element Count" library="SeleniumLibrary">
<doc>Returns number of elements matching ``locator``.</doc>
<arguments>
<arg>${DataXPath}/td</arg>
</arguments>
<assign>
<var>${RowValues}</var>
</assign>
<msg timestamp="20190424 17:36:28.811" level="INFO">${RowValues} = 4</msg>
<status status="PASS" starttime="20190424 17:36:28.783" endtime="20190424 17:36:28.811"></status>
</kw>
<kw name="Log To Console" library="BuiltIn">
<doc>Logs the given message to the console.</doc>
<arguments>
<arg>Ammount of Values: ${RowValues}</arg>
</arguments>
<status status="PASS" starttime="20190424 17:36:28.812" endtime="20190424 17:36:28.812"></status>
</kw>
<kw name="Set Variable" library="BuiltIn">
<doc>Returns the given values which can then be assigned to a variables.</doc>
<assign>
<var>${valuesRow}</var>
</assign>
<msg timestamp="20190424 17:36:28.812" level="INFO">${valuesRow} = </msg>
<status status="PASS" starttime="20190424 17:36:28.812" endtime="20190424 17:36:28.813"></status>
</kw>
<kw name="${n} IN RANGE [ 10 ]" type="for">
<kw name="${n} = 0" type="foritem">
<kw name="Exit For Loop If" library="BuiltIn">
<doc>Stops executing the enclosing for loop if the ``condition`` is true.</doc>
<arguments>
<arg>${RowValues}&lt;4</arg>
</arguments>
<status status="PASS" starttime="20190424 17:36:28.813" endtime="20190424 17:36:28.813"></status>
</kw>
<kw name="Set Variable" library="BuiltIn">
<doc>Returns the given values which can then be assigned to a variables.</doc>
<arguments>
<arg>${n+1}</arg>
</arguments>
<assign>
<var>${n}</var>
</assign>
<msg timestamp="20190424 17:36:28.814" level="INFO">${n} = 1</msg>
<status status="PASS" starttime="20190424 17:36:28.814" endtime="20190424 17:36:28.814"></status>
</kw>
<kw name="Get Text" library="SeleniumLibrary">
<doc>Returns the text value of element identified by ``locator``.</doc>
<arguments>
<arg>${DataXPath}/td[${n}]</arg>
</arguments>
<assign>
<var>${value}</var>
</assign>
<msg timestamp="20190424 17:36:28.851" level="INFO">${value} = 03A 2 GHz</msg>
<status status="PASS" starttime="20190424 17:36:28.814" endtime="20190424 17:36:28.851"></status>
</kw>
<kw name="Set Variable" library="BuiltIn">
<doc>Returns the given values which can then be assigned to a variables.</doc>
<arguments>
<arg>${valuesRow};${value}</arg>
</arguments>
<assign>
<var>${valuesRow}</var>
</assign>
<msg timestamp="20190424 17:36:28.852" level="INFO">${valuesRow} = ;03A 2 GHz</msg>
<status status="PASS" starttime="20190424 17:36:28.851" endtime="20190424 17:36:28.852"></status>
</kw>
<kw name="Exit For Loop If" library="BuiltIn">
<doc>Stops executing the enclosing for loop if the ``condition`` is true.</doc>
<arguments>
<arg>${n}&gt;=${RowValues}</arg>
</arguments>
<status status="PASS" starttime="20190424 17:36:28.852" endtime="20190424 17:36:28.853"></status>
</kw>
<status status="PASS" starttime="20190424 17:36:28.813" endtime="20190424 17:36:28.853"></status>
</kw>
<kw name="${n} = 1" type="foritem">
<kw name="Exit For Loop If" library="BuiltIn">
<doc>Stops executing the enclosing for loop if the ``condition`` is true.</doc>
<arguments>
<arg>${RowValues}&lt;4</arg>
</arguments>
<status status="PASS" starttime="20190424 17:36:28.853" endtime="20190424 17:36:28.853"></status>
</kw>
<kw name="Set Variable" library="BuiltIn">
<doc>Returns the given values which can then be assigned to a variables.</doc>
<arguments>
<arg>${n+1}</arg>
</arguments>
<assign>
<var>${n}</var>
</assign>
<msg timestamp="20190424 17:36:28.854" level="INFO">${n} = 2</msg>
<status status="PASS" starttime="20190424 17:36:28.853" endtime="20190424 17:36:28.854"></status>
</kw>
<kw name="Get Text" library="SeleniumLibrary">
<doc>Returns the text value of element identified by ``locator``.</doc>
<arguments>
<arg>${DataXPath}/td[${n}]</arg>
</arguments>
<assign>
<var>${value}</var>
</assign>
<msg timestamp="20190424 17:36:28.891" level="INFO">${value} = 2x5 MHz abstrakt</msg>
<status status="PASS" starttime="20190424 17:36:28.854" endtime="20190424 17:36:28.891"></status>
</kw>
<kw name="Set Variable" library="BuiltIn">
<doc>Returns the given values which can then be assigned to a variables.</doc>
<arguments>
<arg>${valuesRow};${value}</arg>
</arguments>
<assign>
<var>${valuesRow}</var>
</assign>
<msg timestamp="20190424 17:36:28.892" level="INFO">${valuesRow} = ;03A 2 GHz;2x5 MHz abstrakt</msg>
<status status="PASS" starttime="20190424 17:36:28.891" endtime="20190424 17:36:28.892"></status>
</kw>
<kw name="Exit For Loop If" library="BuiltIn">
<doc>Stops executing the enclosing for loop if the ``condition`` is true.</doc>
<arguments>
<arg>${n}&gt;=${RowValues}</arg>
</arguments>
<status status="PASS" starttime="20190424 17:36:28.892" endtime="20190424 17:36:28.892"></status>
</kw>
<status status="PASS" starttime="20190424 17:36:28.853" endtime="20190424 17:36:28.892"></status>
</kw>
<kw name="${n} = 2" type="foritem">
<kw name="Exit For Loop If" library="BuiltIn">
<doc>Stops executing the enclosing for loop if the ``condition`` is true.</doc>
<arguments>
<arg>${RowValues}&lt;4</arg>
</arguments>
<status status="PASS" starttime="20190424 17:36:28.892" endtime="20190424 17:36:28.893"></status>
</kw>
<kw name="Set Variable" library="BuiltIn">
<doc>Returns the given values which can then be assigned to a variables.</doc>
<arguments>
<arg>${n+1}</arg>
</arguments>
<assign>
<var>${n}</var>
</assign>
<msg timestamp="20190424 17:36:28.893" level="INFO">${n} = 3</msg>
<status status="PASS" starttime="20190424 17:36:28.893" endtime="20190424 17:36:28.893"></status>
</kw>
<kw name="Get Text" library="SeleniumLibrary">
<doc>Returns the text value of element identified by ``locator``.</doc>
<arguments>
<arg>${DataXPath}/td[${n}]</arg>
</arguments>
<assign>
<var>${value}</var>
</assign>
<msg timestamp="20190424 17:36:28.928" level="INFO">${value} = Vodafone</msg>
<status status="PASS" starttime="20190424 17:36:28.893" endtime="20190424 17:36:28.928"></status>
</kw>
<kw name="Set Variable" library="BuiltIn">
<doc>Returns the given values which can then be assigned to a variables.</doc>
<arguments>
<arg>${valuesRow};${value}</arg>
</arguments>
<assign>
<var>${valuesRow}</var>
</assign>
<msg timestamp="20190424 17:36:28.929" level="INFO">${valuesRow} = ;03A 2 GHz;2x5 MHz abstrakt;Vodafone</msg>
<status status="PASS" starttime="20190424 17:36:28.928" endtime="20190424 17:36:28.929"></status>
</kw>
<kw name="Exit For Loop If" library="BuiltIn">
<doc>Stops executing the enclosing for loop if the ``condition`` is true.</doc>
<arguments>
<arg>${n}&gt;=${RowValues}</arg>
</arguments>
<status status="PASS" starttime="20190424 17:36:28.929" endtime="20190424 17:36:28.929"></status>
</kw>
<status status="PASS" starttime="20190424 17:36:28.892" endtime="20190424 17:36:28.929"></status>
</kw>
<kw name="${n} = 3" type="foritem">
<kw name="Exit For Loop If" library="BuiltIn">
<doc>Stops executing the enclosing for loop if the ``condition`` is true.</doc>
<arguments>
<arg>${RowValues}&lt;4</arg>
</arguments>
<status status="PASS" starttime="20190424 17:36:28.930" endtime="20190424 17:36:28.930"></status>
</kw>
<kw name="Set Variable" library="BuiltIn">
<doc>Returns the given values which can then be assigned to a variables.</doc>
<arguments>
<arg>${n+1}</arg>
</arguments>
<assign>
<var>${n}</var>
</assign>
<msg timestamp="20190424 17:36:28.930" level="INFO">${n} = 4</msg>
<status status="PASS" starttime="20190424 17:36:28.930" endtime="20190424 17:36:28.930"></status>
</kw>
<kw name="Get Text" library="SeleniumLibrary">
<doc>Returns the text value of element identified by ``locator``.</doc>
<arguments>
<arg>${DataXPath}/td[${n}]</arg>
</arguments>
<assign>
<var>${value}</var>
</assign>
<msg timestamp="20190424 17:36:28.965" level="INFO">${value} = 211.652.000</msg>
<status status="PASS" starttime="20190424 17:36:28.931" endtime="20190424 17:36:28.965"></status>
</kw>
<kw name="Set Variable" library="BuiltIn">
<doc>Returns the given values which can then be assigned to a variables.</doc>
<arguments>
<arg>${valuesRow};${value}</arg>
</arguments>
<assign>
<var>${valuesRow}</var>
</assign>
<msg timestamp="20190424 17:36:28.965" level="INFO">${valuesRow} = ;03A 2 GHz;2x5 MHz abstrakt;Vodafone;211.652.000</msg>
<status status="PASS" starttime="20190424 17:36:28.965" endtime="20190424 17:36:28.965"></status>
</kw>
<kw name="Exit For Loop If" library="BuiltIn">
<doc>Stops executing the enclosing for loop if the ``condition`` is true.</doc>
<arguments>
<arg>${n}&gt;=${RowValues}</arg>
</arguments>
<msg timestamp="20190424 17:36:28.966" level="INFO">Exiting for loop altogether.</msg>
<status status="PASS" starttime="20190424 17:36:28.966" endtime="20190424 17:36:28.966"></status>
</kw>
<status status="PASS" starttime="20190424 17:36:28.929" endtime="20190424 17:36:28.966"></status>
</kw>
<status status="PASS" starttime="20190424 17:36:28.813" endtime="20190424 17:36:28.966"></status>
</kw>
<msg timestamp="20190424 17:36:28.966" level="INFO">${DataRow} = ;03A 2 GHz;2x5 MHz abstrakt;Vodafone;211.652.000</msg>
<status status="PASS" starttime="20190424 17:36:28.782" endtime="20190424 17:36:28.966"></status>
</kw>
<kw name="Run Keyword If" library="BuiltIn">
<doc>Runs the given keyword with the given arguments, if ``condition`` is true.</doc>
<arguments>
<arg>${m}&gt;=3</arg>
<arg>run keywords</arg>
<arg>append to file</arg>
<arg>${filename}</arg>
<arg>\n${current_round}${DataRow}</arg>
<arg>AND</arg>
<arg>log to console</arg>
<arg>=&gt; ${current_round}${DataRow}</arg>
</arguments>
<kw name="Run Keywords" library="BuiltIn">
<doc>Executes all the given keywords in a sequence.</doc>
<arguments>
<arg>append to file</arg>
<arg>${filename}</arg>
<arg>\n${current_round}${DataRow}</arg>
<arg>AND</arg>
<arg>log to console</arg>
<arg>=&gt; ${current_round}${DataRow}</arg>
</arguments>
<kw name="Append To File" library="OperatingSystem">
<doc>Appends the given content to the specified file.</doc>
<arguments>
<arg>${filename}</arg>
<arg>\n${current_round}${DataRow}</arg>
</arguments>
<msg timestamp="20190424 17:36:28.968" level="INFO" html="yes">Appended to file '&lt;a href="file:///home/testautomation/robot_auktion_clean/data_2GHz.txt"&gt;/home/testautomation/robot_auktion_clean/data_2GHz.txt&lt;/a&gt;'.</msg>
<status status="PASS" starttime="20190424 17:36:28.967" endtime="20190424 17:36:28.968"></status>
</kw>
<kw name="Log To Console" library="BuiltIn">
<doc>Logs the given message to the console.</doc>
<arguments>
<arg>=&gt; ${current_round}${DataRow}</arg>
</arguments>
<status status="PASS" starttime="20190424 17:36:28.968" endtime="20190424 17:36:28.968"></status>
</kw>
<status status="PASS" starttime="20190424 17:36:28.967" endtime="20190424 17:36:28.969"></status>
</kw>
<status status="PASS" starttime="20190424 17:36:28.967" endtime="20190424 17:36:28.969"></status>
</kw>
<kw name="Run Keyword If" library="BuiltIn">
<doc>Runs the given keyword with the given arguments, if ``condition`` is true.</doc>
<arguments>
<arg>${m}&lt;3</arg>
<arg>log to console</arg>
<arg>${SPACE * 3}Header - no valid data found in this row</arg>
</arguments>
<status status="PASS" starttime="20190424 17:36:28.969" endtime="20190424 17:36:28.969"></status>
</kw>
<kw name="Exit For Loop If" library="BuiltIn">
<doc>Stops executing the enclosing for loop if the ``condition`` is true.</doc>
<arguments>
<arg>${m}==${Max_Row_Table}</arg>
</arguments>
<status status="PASS" starttime="20190424 17:36:28.969" endtime="20190424 17:36:28.970"></status>
</kw>
<status status="PASS" starttime="20190424 17:36:28.781" endtime="20190424 17:36:28.970"></status>
</kw>
<kw name="${m} = 5" type="foritem">
<kw name="Set Variable" library="BuiltIn">
<doc>Returns the given values which can then be assigned to a variables.</doc>
<arguments>
<arg>${m+1}</arg>
</arguments>
<assign>
<var>${m}</var>
</assign>
<msg timestamp="20190424 17:36:28.970" level="INFO">${m} = 6</msg>
<status status="PASS" starttime="20190424 17:36:28.970" endtime="20190424 17:36:28.970"></status>
</kw>
<kw name="Set Variable" library="BuiltIn">
<doc>Returns the given values which can then be assigned to a variables.</doc>
<arguments>
<arg>${xpath}\[${m}\]</arg>
</arguments>
<assign>
<var>${DataXPath}</var>
</assign>
<msg timestamp="20190424 17:36:28.971" level="INFO">${DataXPath} = xpath://table[@class='table1 gebotsobjekte'][1]/tbody[1]/tr[6]</msg>
<status status="PASS" starttime="20190424 17:36:28.970" endtime="20190424 17:36:28.971"></status>
</kw>
<kw name="SplitUP" library="auktion_keyword">
<arguments>
<arg>${DataXPath}</arg>
</arguments>
<assign>
<var>${DataRow}</var>
</assign>
<kw name="Get Element Count" library="SeleniumLibrary">
<doc>Returns number of elements matching ``locator``.</doc>
<arguments>
<arg>${DataXPath}/td</arg>
</arguments>
<assign>
<var>${RowValues}</var>
</assign>
<msg timestamp="20190424 17:36:28.998" level="INFO">${RowValues} = 4</msg>
<status status="PASS" starttime="20190424 17:36:28.971" endtime="20190424 17:36:28.998"></status>
</kw>
<kw name="Log To Console" library="BuiltIn">
<doc>Logs the given message to the console.</doc>
<arguments>
<arg>Ammount of Values: ${RowValues}</arg>
</arguments>
<status status="PASS" starttime="20190424 17:36:28.998" endtime="20190424 17:36:28.998"></status>
</kw>
<kw name="Set Variable" library="BuiltIn">
<doc>Returns the given values which can then be assigned to a variables.</doc>
<assign>
<var>${valuesRow}</var>
</assign>
<msg timestamp="20190424 17:36:28.999" level="INFO">${valuesRow} = </msg>
<status status="PASS" starttime="20190424 17:36:28.999" endtime="20190424 17:36:28.999"></status>
</kw>
<kw name="${n} IN RANGE [ 10 ]" type="for">
<kw name="${n} = 0" type="foritem">
<kw name="Exit For Loop If" library="BuiltIn">
<doc>Stops executing the enclosing for loop if the ``condition`` is true.</doc>
<arguments>
<arg>${RowValues}&lt;4</arg>
</arguments>
<status status="PASS" starttime="20190424 17:36:28.999" endtime="20190424 17:36:28.999"></status>
</kw>
<kw name="Set Variable" library="BuiltIn">
<doc>Returns the given values which can then be assigned to a variables.</doc>
<arguments>
<arg>${n+1}</arg>
</arguments>
<assign>
<var>${n}</var>
</assign>
<msg timestamp="20190424 17:36:29.000" level="INFO">${n} = 1</msg>
<status status="PASS" starttime="20190424 17:36:29.000" endtime="20190424 17:36:29.000"></status>
</kw>
<kw name="Get Text" library="SeleniumLibrary">
<doc>Returns the text value of element identified by ``locator``.</doc>
<arguments>
<arg>${DataXPath}/td[${n}]</arg>
</arguments>
<assign>
<var>${value}</var>
</assign>
<msg timestamp="20190424 17:36:29.051" level="INFO">${value} = 04A 2 GHz</msg>
<status status="PASS" starttime="20190424 17:36:29.000" endtime="20190424 17:36:29.051"></status>
</kw>
<kw name="Set Variable" library="BuiltIn">
<doc>Returns the given values which can then be assigned to a variables.</doc>
<arguments>
<arg>${valuesRow};${value}</arg>
</arguments>
<assign>
<var>${valuesRow}</var>
</assign>
<msg timestamp="20190424 17:36:29.052" level="INFO">${valuesRow} = ;04A 2 GHz</msg>
<status status="PASS" starttime="20190424 17:36:29.051" endtime="20190424 17:36:29.052"></status>
</kw>
<kw name="Exit For Loop If" library="BuiltIn">
<doc>Stops executing the enclosing for loop if the ``condition`` is true.</doc>
<arguments>
<arg>${n}&gt;=${RowValues}</arg>
</arguments>
<status status="PASS" starttime="20190424 17:36:29.052" endtime="20190424 17:36:29.052"></status>
</kw>
<status status="PASS" starttime="20190424 17:36:28.999" endtime="20190424 17:36:29.053"></status>
</kw>
<kw name="${n} = 1" type="foritem">
<kw name="Exit For Loop If" library="BuiltIn">
<doc>Stops executing the enclosing for loop if the ``condition`` is true.</doc>
<arguments>
<arg>${RowValues}&lt;4</arg>
</arguments>
<status status="PASS" starttime="20190424 17:36:29.053" endtime="20190424 17:36:29.053"></status>
</kw>
<kw name="Set Variable" library="BuiltIn">
<doc>Returns the given values which can then be assigned to a variables.</doc>
<arguments>
<arg>${n+1}</arg>
</arguments>
<assign>
<var>${n}</var>
</assign>
<msg timestamp="20190424 17:36:29.054" level="INFO">${n} = 2</msg>
<status status="PASS" starttime="20190424 17:36:29.053" endtime="20190424 17:36:29.054"></status>
</kw>
<kw name="Get Text" library="SeleniumLibrary">
<doc>Returns the text value of element identified by ``locator``.</doc>
<arguments>
<arg>${DataXPath}/td[${n}]</arg>
</arguments>
<assign>
<var>${value}</var>
</assign>
<msg timestamp="20190424 17:36:29.091" level="INFO">${value} = 2x5 MHz abstrakt</msg>
<status status="PASS" starttime="20190424 17:36:29.054" endtime="20190424 17:36:29.091"></status>
</kw>
<kw name="Set Variable" library="BuiltIn">
<doc>Returns the given values which can then be assigned to a variables.</doc>
<arguments>
<arg>${valuesRow};${value}</arg>
</arguments>
<assign>
<var>${valuesRow}</var>
</assign>
<msg timestamp="20190424 17:36:29.092" level="INFO">${valuesRow} = ;04A 2 GHz;2x5 MHz abstrakt</msg>
<status status="PASS" starttime="20190424 17:36:29.092" endtime="20190424 17:36:29.092"></status>
</kw>
<kw name="Exit For Loop If" library="BuiltIn">
<doc>Stops executing the enclosing for loop if the ``condition`` is true.</doc>
<arguments>
<arg>${n}&gt;=${RowValues}</arg>
</arguments>
<status status="PASS" starttime="20190424 17:36:29.092" endtime="20190424 17:36:29.093"></status>
</kw>
<status status="PASS" starttime="20190424 17:36:29.053" endtime="20190424 17:36:29.093"></status>
</kw>
<kw name="${n} = 2" type="foritem">
<kw name="Exit For Loop If" library="BuiltIn">
<doc>Stops executing the enclosing for loop if the ``condition`` is true.</doc>
<arguments>
<arg>${RowValues}&lt;4</arg>
</arguments>
<status status="PASS" starttime="20190424 17:36:29.093" endtime="20190424 17:36:29.093"></status>
</kw>
<kw name="Set Variable" library="BuiltIn">
<doc>Returns the given values which can then be assigned to a variables.</doc>
<arguments>
<arg>${n+1}</arg>
</arguments>
<assign>
<var>${n}</var>
</assign>
<msg timestamp="20190424 17:36:29.094" level="INFO">${n} = 3</msg>
<status status="PASS" starttime="20190424 17:36:29.094" endtime="20190424 17:36:29.094"></status>
</kw>
<kw name="Get Text" library="SeleniumLibrary">
<doc>Returns the text value of element identified by ``locator``.</doc>
<arguments>
<arg>${DataXPath}/td[${n}]</arg>
</arguments>
<assign>
<var>${value}</var>
</assign>
<msg timestamp="20190424 17:36:29.129" level="INFO">${value} = TEF DE</msg>
<status status="PASS" starttime="20190424 17:36:29.094" endtime="20190424 17:36:29.129"></status>
</kw>
<kw name="Set Variable" library="BuiltIn">
<doc>Returns the given values which can then be assigned to a variables.</doc>
<arguments>
<arg>${valuesRow};${value}</arg>
</arguments>
<assign>
<var>${valuesRow}</var>
</assign>
<msg timestamp="20190424 17:36:29.130" level="INFO">${valuesRow} = ;04A 2 GHz;2x5 MHz abstrakt;TEF DE</msg>
<status status="PASS" starttime="20190424 17:36:29.130" endtime="20190424 17:36:29.130"></status>
</kw>
<kw name="Exit For Loop If" library="BuiltIn">
<doc>Stops executing the enclosing for loop if the ``condition`` is true.</doc>
<arguments>
<arg>${n}&gt;=${RowValues}</arg>
</arguments>
<status status="PASS" starttime="20190424 17:36:29.130" endtime="20190424 17:36:29.131"></status>
</kw>
<status status="PASS" starttime="20190424 17:36:29.093" endtime="20190424 17:36:29.131"></status>
</kw>
<kw name="${n} = 3" type="foritem">
<kw name="Exit For Loop If" library="BuiltIn">
<doc>Stops executing the enclosing for loop if the ``condition`` is true.</doc>
<arguments>
<arg>${RowValues}&lt;4</arg>
</arguments>
<status status="PASS" starttime="20190424 17:36:29.131" endtime="20190424 17:36:29.131"></status>
</kw>
<kw name="Set Variable" library="BuiltIn">
<doc>Returns the given values which can then be assigned to a variables.</doc>
<arguments>
<arg>${n+1}</arg>
</arguments>
<assign>
<var>${n}</var>
</assign>
<msg timestamp="20190424 17:36:29.132" level="INFO">${n} = 4</msg>
<status status="PASS" starttime="20190424 17:36:29.132" endtime="20190424 17:36:29.132"></status>
</kw>
<kw name="Get Text" library="SeleniumLibrary">
<doc>Returns the text value of element identified by ``locator``.</doc>
<arguments>
<arg>${DataXPath}/td[${n}]</arg>
</arguments>
<assign>
<var>${value}</var>
</assign>
<msg timestamp="20190424 17:36:29.169" level="INFO">${value} = 211.274.000</msg>
<status status="PASS" starttime="20190424 17:36:29.132" endtime="20190424 17:36:29.169"></status>
</kw>
<kw name="Set Variable" library="BuiltIn">
<doc>Returns the given values which can then be assigned to a variables.</doc>
<arguments>
<arg>${valuesRow};${value}</arg>
</arguments>
<assign>
<var>${valuesRow}</var>
</assign>
<msg timestamp="20190424 17:36:29.170" level="INFO">${valuesRow} = ;04A 2 GHz;2x5 MHz abstrakt;TEF DE;211.274.000</msg>
<status status="PASS" starttime="20190424 17:36:29.169" endtime="20190424 17:36:29.170"></status>
</kw>
<kw name="Exit For Loop If" library="BuiltIn">
<doc>Stops executing the enclosing for loop if the ``condition`` is true.</doc>
<arguments>
<arg>${n}&gt;=${RowValues}</arg>
</arguments>
<msg timestamp="20190424 17:36:29.170" level="INFO">Exiting for loop altogether.</msg>
<status status="PASS" starttime="20190424 17:36:29.170" endtime="20190424 17:36:29.170"></status>
</kw>
<status status="PASS" starttime="20190424 17:36:29.131" endtime="20190424 17:36:29.170"></status>
</kw>
<status status="PASS" starttime="20190424 17:36:28.999" endtime="20190424 17:36:29.170"></status>
</kw>
<msg timestamp="20190424 17:36:29.171" level="INFO">${DataRow} = ;04A 2 GHz;2x5 MHz abstrakt;TEF DE;211.274.000</msg>
<status status="PASS" starttime="20190424 17:36:28.971" endtime="20190424 17:36:29.171"></status>
</kw>
<kw name="Run Keyword If" library="BuiltIn">
<doc>Runs the given keyword with the given arguments, if ``condition`` is true.</doc>
<arguments>
<arg>${m}&gt;=3</arg>
<arg>run keywords</arg>
<arg>append to file</arg>
<arg>${filename}</arg>
<arg>\n${current_round}${DataRow}</arg>
<arg>AND</arg>
<arg>log to console</arg>
<arg>=&gt; ${current_round}${DataRow}</arg>
</arguments>
<kw name="Run Keywords" library="BuiltIn">
<doc>Executes all the given keywords in a sequence.</doc>
<arguments>
<arg>append to file</arg>
<arg>${filename}</arg>
<arg>\n${current_round}${DataRow}</arg>
<arg>AND</arg>
<arg>log to console</arg>
<arg>=&gt; ${current_round}${DataRow}</arg>
</arguments>
<kw name="Append To File" library="OperatingSystem">
<doc>Appends the given content to the specified file.</doc>
<arguments>
<arg>${filename}</arg>
<arg>\n${current_round}${DataRow}</arg>
</arguments>
<msg timestamp="20190424 17:36:29.172" level="INFO" html="yes">Appended to file '&lt;a href="file:///home/testautomation/robot_auktion_clean/data_2GHz.txt"&gt;/home/testautomation/robot_auktion_clean/data_2GHz.txt&lt;/a&gt;'.</msg>
<status status="PASS" starttime="20190424 17:36:29.172" endtime="20190424 17:36:29.172"></status>
</kw>
<kw name="Log To Console" library="BuiltIn">
<doc>Logs the given message to the console.</doc>
<arguments>
<arg>=&gt; ${current_round}${DataRow}</arg>
</arguments>
<status status="PASS" starttime="20190424 17:36:29.172" endtime="20190424 17:36:29.173"></status>
</kw>
<status status="PASS" starttime="20190424 17:36:29.171" endtime="20190424 17:36:29.173"></status>
</kw>
<status status="PASS" starttime="20190424 17:36:29.171" endtime="20190424 17:36:29.173"></status>
</kw>
<kw name="Run Keyword If" library="BuiltIn">
<doc>Runs the given keyword with the given arguments, if ``condition`` is true.</doc>
<arguments>
<arg>${m}&lt;3</arg>
<arg>log to console</arg>
<arg>${SPACE * 3}Header - no valid data found in this row</arg>
</arguments>
<status status="PASS" starttime="20190424 17:36:29.173" endtime="20190424 17:36:29.173"></status>
</kw>
<kw name="Exit For Loop If" library="BuiltIn">
<doc>Stops executing the enclosing for loop if the ``condition`` is true.</doc>
<arguments>
<arg>${m}==${Max_Row_Table}</arg>
</arguments>
<status status="PASS" starttime="20190424 17:36:29.173" endtime="20190424 17:36:29.174"></status>
</kw>
<status status="PASS" starttime="20190424 17:36:28.970" endtime="20190424 17:36:29.174"></status>
</kw>
<kw name="${m} = 6" type="foritem">
<kw name="Set Variable" library="BuiltIn">
<doc>Returns the given values which can then be assigned to a variables.</doc>
<arguments>
<arg>${m+1}</arg>
</arguments>
<assign>
<var>${m}</var>
</assign>
<msg timestamp="20190424 17:36:29.174" level="INFO">${m} = 7</msg>
<status status="PASS" starttime="20190424 17:36:29.174" endtime="20190424 17:36:29.174"></status>
</kw>
<kw name="Set Variable" library="BuiltIn">
<doc>Returns the given values which can then be assigned to a variables.</doc>
<arguments>
<arg>${xpath}\[${m}\]</arg>
</arguments>
<assign>
<var>${DataXPath}</var>
</assign>
<msg timestamp="20190424 17:36:29.175" level="INFO">${DataXPath} = xpath://table[@class='table1 gebotsobjekte'][1]/tbody[1]/tr[7]</msg>
<status status="PASS" starttime="20190424 17:36:29.174" endtime="20190424 17:36:29.175"></status>
</kw>
<kw name="SplitUP" library="auktion_keyword">
<arguments>
<arg>${DataXPath}</arg>
</arguments>
<assign>
<var>${DataRow}</var>
</assign>
<kw name="Get Element Count" library="SeleniumLibrary">
<doc>Returns number of elements matching ``locator``.</doc>
<arguments>
<arg>${DataXPath}/td</arg>
</arguments>
<assign>
<var>${RowValues}</var>
</assign>
<msg timestamp="20190424 17:36:29.194" level="INFO">${RowValues} = 4</msg>
<status status="PASS" starttime="20190424 17:36:29.175" endtime="20190424 17:36:29.194"></status>
</kw>
<kw name="Log To Console" library="BuiltIn">
<doc>Logs the given message to the console.</doc>
<arguments>
<arg>Ammount of Values: ${RowValues}</arg>
</arguments>
<status status="PASS" starttime="20190424 17:36:29.195" endtime="20190424 17:36:29.196"></status>
</kw>
<kw name="Set Variable" library="BuiltIn">
<doc>Returns the given values which can then be assigned to a variables.</doc>
<assign>
<var>${valuesRow}</var>
</assign>
<msg timestamp="20190424 17:36:29.196" level="INFO">${valuesRow} = </msg>
<status status="PASS" starttime="20190424 17:36:29.196" endtime="20190424 17:36:29.196"></status>
</kw>
<kw name="${n} IN RANGE [ 10 ]" type="for">
<kw name="${n} = 0" type="foritem">
<kw name="Exit For Loop If" library="BuiltIn">
<doc>Stops executing the enclosing for loop if the ``condition`` is true.</doc>
<arguments>
<arg>${RowValues}&lt;4</arg>
</arguments>
<status status="PASS" starttime="20190424 17:36:29.197" endtime="20190424 17:36:29.197"></status>
</kw>
<kw name="Set Variable" library="BuiltIn">
<doc>Returns the given values which can then be assigned to a variables.</doc>
<arguments>
<arg>${n+1}</arg>
</arguments>
<assign>
<var>${n}</var>
</assign>
<msg timestamp="20190424 17:36:29.198" level="INFO">${n} = 1</msg>
<status status="PASS" starttime="20190424 17:36:29.197" endtime="20190424 17:36:29.198"></status>
</kw>
<kw name="Get Text" library="SeleniumLibrary">
<doc>Returns the text value of element identified by ``locator``.</doc>
<arguments>
<arg>${DataXPath}/td[${n}]</arg>
</arguments>
<assign>
<var>${value}</var>
</assign>
<msg timestamp="20190424 17:36:29.233" level="INFO">${value} = 05A 2 GHz</msg>
<status status="PASS" starttime="20190424 17:36:29.198" endtime="20190424 17:36:29.233"></status>
</kw>
<kw name="Set Variable" library="BuiltIn">
<doc>Returns the given values which can then be assigned to a variables.</doc>
<arguments>
<arg>${valuesRow};${value}</arg>
</arguments>
<assign>
<var>${valuesRow}</var>
</assign>
<msg timestamp="20190424 17:36:29.234" level="INFO">${valuesRow} = ;05A 2 GHz</msg>
<status status="PASS" starttime="20190424 17:36:29.234" endtime="20190424 17:36:29.234"></status>
</kw>
<kw name="Exit For Loop If" library="BuiltIn">
<doc>Stops executing the enclosing for loop if the ``condition`` is true.</doc>
<arguments>
<arg>${n}&gt;=${RowValues}</arg>
</arguments>
<status status="PASS" starttime="20190424 17:36:29.234" endtime="20190424 17:36:29.235"></status>
</kw>
<status status="PASS" starttime="20190424 17:36:29.196" endtime="20190424 17:36:29.235"></status>
</kw>
<kw name="${n} = 1" type="foritem">
<kw name="Exit For Loop If" library="BuiltIn">
<doc>Stops executing the enclosing for loop if the ``condition`` is true.</doc>
<arguments>
<arg>${RowValues}&lt;4</arg>
</arguments>
<status status="PASS" starttime="20190424 17:36:29.235" endtime="20190424 17:36:29.235"></status>
</kw>
<kw name="Set Variable" library="BuiltIn">
<doc>Returns the given values which can then be assigned to a variables.</doc>
<arguments>
<arg>${n+1}</arg>
</arguments>
<assign>
<var>${n}</var>
</assign>
<msg timestamp="20190424 17:36:29.236" level="INFO">${n} = 2</msg>
<status status="PASS" starttime="20190424 17:36:29.235" endtime="20190424 17:36:29.236"></status>
</kw>
<kw name="Get Text" library="SeleniumLibrary">
<doc>Returns the text value of element identified by ``locator``.</doc>
<arguments>
<arg>${DataXPath}/td[${n}]</arg>
</arguments>
<assign>
<var>${value}</var>
</assign>
<msg timestamp="20190424 17:36:29.272" level="INFO">${value} = 2x5 MHz abstrakt</msg>
<status status="PASS" starttime="20190424 17:36:29.236" endtime="20190424 17:36:29.272"></status>
</kw>
<kw name="Set Variable" library="BuiltIn">
<doc>Returns the given values which can then be assigned to a variables.</doc>
<arguments>
<arg>${valuesRow};${value}</arg>
</arguments>
<assign>
<var>${valuesRow}</var>
</assign>
<msg timestamp="20190424 17:36:29.273" level="INFO">${valuesRow} = ;05A 2 GHz;2x5 MHz abstrakt</msg>
<status status="PASS" starttime="20190424 17:36:29.272" endtime="20190424 17:36:29.273"></status>
</kw>
<kw name="Exit For Loop If" library="BuiltIn">
<doc>Stops executing the enclosing for loop if the ``condition`` is true.</doc>
<arguments>
<arg>${n}&gt;=${RowValues}</arg>
</arguments>
<status status="PASS" starttime="20190424 17:36:29.273" endtime="20190424 17:36:29.273"></status>
</kw>
<status status="PASS" starttime="20190424 17:36:29.235" endtime="20190424 17:36:29.273"></status>
</kw>
<kw name="${n} = 2" type="foritem">
<kw name="Exit For Loop If" library="BuiltIn">
<doc>Stops executing the enclosing for loop if the ``condition`` is true.</doc>
<arguments>
<arg>${RowValues}&lt;4</arg>
</arguments>
<status status="PASS" starttime="20190424 17:36:29.274" endtime="20190424 17:36:29.274"></status>
</kw>
<kw name="Set Variable" library="BuiltIn">
<doc>Returns the given values which can then be assigned to a variables.</doc>
<arguments>
<arg>${n+1}</arg>
</arguments>
<assign>
<var>${n}</var>
</assign>
<msg timestamp="20190424 17:36:29.274" level="INFO">${n} = 3</msg>
<status status="PASS" starttime="20190424 17:36:29.274" endtime="20190424 17:36:29.274"></status>
</kw>
<kw name="Get Text" library="SeleniumLibrary">
<doc>Returns the text value of element identified by ``locator``.</doc>
<arguments>
<arg>${DataXPath}/td[${n}]</arg>
</arguments>
<assign>
<var>${value}</var>
</assign>
<msg timestamp="20190424 17:36:29.309" level="INFO">${value} = Vodafone</msg>
<status status="PASS" starttime="20190424 17:36:29.275" endtime="20190424 17:36:29.309"></status>
</kw>
<kw name="Set Variable" library="BuiltIn">
<doc>Returns the given values which can then be assigned to a variables.</doc>
<arguments>
<arg>${valuesRow};${value}</arg>
</arguments>
<assign>
<var>${valuesRow}</var>
</assign>
<msg timestamp="20190424 17:36:29.310" level="INFO">${valuesRow} = ;05A 2 GHz;2x5 MHz abstrakt;Vodafone</msg>
<status status="PASS" starttime="20190424 17:36:29.309" endtime="20190424 17:36:29.310"></status>
</kw>
<kw name="Exit For Loop If" library="BuiltIn">
<doc>Stops executing the enclosing for loop if the ``condition`` is true.</doc>
<arguments>
<arg>${n}&gt;=${RowValues}</arg>
</arguments>
<status status="PASS" starttime="20190424 17:36:29.310" endtime="20190424 17:36:29.310"></status>
</kw>
<status status="PASS" starttime="20190424 17:36:29.273" endtime="20190424 17:36:29.310"></status>
</kw>
<kw name="${n} = 3" type="foritem">
<kw name="Exit For Loop If" library="BuiltIn">
<doc>Stops executing the enclosing for loop if the ``condition`` is true.</doc>
<arguments>
<arg>${RowValues}&lt;4</arg>
</arguments>
<status status="PASS" starttime="20190424 17:36:29.311" endtime="20190424 17:36:29.311"></status>
</kw>
<kw name="Set Variable" library="BuiltIn">
<doc>Returns the given values which can then be assigned to a variables.</doc>
<arguments>
<arg>${n+1}</arg>
</arguments>
<assign>
<var>${n}</var>
</assign>
<msg timestamp="20190424 17:36:29.311" level="INFO">${n} = 4</msg>
<status status="PASS" starttime="20190424 17:36:29.311" endtime="20190424 17:36:29.311"></status>
</kw>
<kw name="Get Text" library="SeleniumLibrary">
<doc>Returns the text value of element identified by ``locator``.</doc>
<arguments>
<arg>${DataXPath}/td[${n}]</arg>
</arguments>
<assign>
<var>${value}</var>
</assign>
<msg timestamp="20190424 17:36:29.346" level="INFO">${value} = 212.237.000</msg>
<status status="PASS" starttime="20190424 17:36:29.311" endtime="20190424 17:36:29.346"></status>
</kw>
<kw name="Set Variable" library="BuiltIn">
<doc>Returns the given values which can then be assigned to a variables.</doc>
<arguments>
<arg>${valuesRow};${value}</arg>
</arguments>
<assign>
<var>${valuesRow}</var>
</assign>
<msg timestamp="20190424 17:36:29.346" level="INFO">${valuesRow} = ;05A 2 GHz;2x5 MHz abstrakt;Vodafone;212.237.000</msg>
<status status="PASS" starttime="20190424 17:36:29.346" endtime="20190424 17:36:29.347"></status>
</kw>
[...]
<arg>append to file</arg>
<arg>${filename}</arg>
<arg>\n${current_round}${DataRow}</arg>
<arg>AND</arg>
<arg>log to console</arg>
<arg>=&gt; ${current_round}${DataRow}</arg>
</arguments>
<kw name="Append To File" library="OperatingSystem">
<doc>Appends the given content to the specified file.</doc>
<arguments>
<arg>${filename}</arg>
<arg>\n${current_round}${DataRow}</arg>
</arguments>
<msg timestamp="20190424 17:36:36.776" level="INFO" html="yes">Appended to file '&lt;a href="file:///home/testautomation/robot_auktion_clean/data_36GHz.txt"&gt;/home/testautomation/robot_auktion_clean/data_36GHz.txt&lt;/a&gt;'.</msg>
<status status="PASS" starttime="20190424 17:36:36.775" endtime="20190424 17:36:36.776"></status>
</kw>
<kw name="Log To Console" library="BuiltIn">
<doc>Logs the given message to the console.</doc>
<arguments>
<arg>=&gt; ${current_round}${DataRow}</arg>
</arguments>
<status status="PASS" starttime="20190424 17:36:36.776" endtime="20190424 17:36:36.776"></status>
</kw>
<status status="PASS" starttime="20190424 17:36:36.775" endtime="20190424 17:36:36.776"></status>
</kw>
<status status="PASS" starttime="20190424 17:36:36.775" endtime="20190424 17:36:36.777"></status>
</kw>
<kw name="Run Keyword If" library="BuiltIn">
<doc>Runs the given keyword with the given arguments, if ``condition`` is true.</doc>
<arguments>
<arg>${m}&lt;3</arg>
<arg>log to console</arg>
<arg>${SPACE * 3}Header - no valid data found in this row</arg>
</arguments>
<status status="PASS" starttime="20190424 17:36:36.777" endtime="20190424 17:36:36.777"></status>
</kw>
<kw name="Exit For Loop If" library="BuiltIn">
<doc>Stops executing the enclosing for loop if the ``condition`` is true.</doc>
<arguments>
<arg>${m}==${Max_Row_Table}</arg>
</arguments>
<status status="PASS" starttime="20190424 17:36:36.777" endtime="20190424 17:36:36.777"></status>
</kw>
<status status="PASS" starttime="20190424 17:36:36.600" endtime="20190424 17:36:36.777"></status>
</kw>
<kw name="${m} = 23" type="foritem">
<kw name="Set Variable" library="BuiltIn">
<doc>Returns the given values which can then be assigned to a variables.</doc>
<arguments>
<arg>${m+1}</arg>
</arguments>
<assign>
<var>${m}</var>
</assign>
<msg timestamp="20190424 17:36:36.778" level="INFO">${m} = 24</msg>
<status status="PASS" starttime="20190424 17:36:36.778" endtime="20190424 17:36:36.778"></status>
</kw>
<kw name="Set Variable" library="BuiltIn">
<doc>Returns the given values which can then be assigned to a variables.</doc>
<arguments>
<arg>${xpath}\[${m}\]</arg>
</arguments>
<assign>
<var>${DataXPath}</var>
</assign>
<msg timestamp="20190424 17:36:36.778" level="INFO">${DataXPath} = xpath://table[@class='table2b gebotsobjekte'][1]/tbody[1]/tr[24]</msg>
<status status="PASS" starttime="20190424 17:36:36.778" endtime="20190424 17:36:36.779"></status>
</kw>
<kw name="SplitUP" library="auktion_keyword">
<arguments>
<arg>${DataXPath}</arg>
</arguments>
<assign>
<var>${DataRow}</var>
</assign>
<kw name="Get Element Count" library="SeleniumLibrary">
<doc>Returns number of elements matching ``locator``.</doc>
<arguments>
<arg>${DataXPath}/td</arg>
</arguments>
<assign>
<var>${RowValues}</var>
</assign>
<msg timestamp="20190424 17:36:36.798" level="INFO">${RowValues} = 4</msg>
<status status="PASS" starttime="20190424 17:36:36.779" endtime="20190424 17:36:36.798"></status>
</kw>
<kw name="Log To Console" library="BuiltIn">
<doc>Logs the given message to the console.</doc>
<arguments>
<arg>Ammount of Values: ${RowValues}</arg>
</arguments>
<status status="PASS" starttime="20190424 17:36:36.798" endtime="20190424 17:36:36.799"></status>
</kw>
<kw name="Set Variable" library="BuiltIn">
<doc>Returns the given values which can then be assigned to a variables.</doc>
<assign>
<var>${valuesRow}</var>
</assign>
<msg timestamp="20190424 17:36:36.799" level="INFO">${valuesRow} = </msg>
<status status="PASS" starttime="20190424 17:36:36.799" endtime="20190424 17:36:36.799"></status>
</kw>
<kw name="${n} IN RANGE [ 10 ]" type="for">
<kw name="${n} = 0" type="foritem">
<kw name="Exit For Loop If" library="BuiltIn">
<doc>Stops executing the enclosing for loop if the ``condition`` is true.</doc>
<arguments>
<arg>${RowValues}&lt;4</arg>
</arguments>
<status status="PASS" starttime="20190424 17:36:36.800" endtime="20190424 17:36:36.800"></status>
</kw>
<kw name="Set Variable" library="BuiltIn">
<doc>Returns the given values which can then be assigned to a variables.</doc>
<arguments>
<arg>${n+1}</arg>
</arguments>
<assign>
<var>${n}</var>
</assign>
<msg timestamp="20190424 17:36:36.800" level="INFO">${n} = 1</msg>
<status status="PASS" starttime="20190424 17:36:36.800" endtime="20190424 17:36:36.800"></status>
</kw>
<kw name="Get Text" library="SeleniumLibrary">
<doc>Returns the text value of element identified by ``locator``.</doc>
<arguments>
<arg>${DataXPath}/td[${n}]</arg>
</arguments>
<assign>
<var>${value}</var>
</assign>
<msg timestamp="20190424 17:36:36.846" level="INFO">${value} = 29K 3,6 GHz</msg>
<status status="PASS" starttime="20190424 17:36:36.800" endtime="20190424 17:36:36.847"></status>
</kw>
<kw name="Set Variable" library="BuiltIn">
<doc>Returns the given values which can then be assigned to a variables.</doc>
<arguments>
<arg>${valuesRow};${value}</arg>
</arguments>
<assign>
<var>${valuesRow}</var>
</assign>
<msg timestamp="20190424 17:36:36.847" level="INFO">${valuesRow} = ;29K 3,6 GHz</msg>
<status status="PASS" starttime="20190424 17:36:36.847" endtime="20190424 17:36:36.847"></status>
</kw>
<kw name="Exit For Loop If" library="BuiltIn">
<doc>Stops executing the enclosing for loop if the ``condition`` is true.</doc>
<arguments>
<arg>${n}&gt;=${RowValues}</arg>
</arguments>
<status status="PASS" starttime="20190424 17:36:36.847" endtime="20190424 17:36:36.848"></status>
</kw>
<status status="PASS" starttime="20190424 17:36:36.799" endtime="20190424 17:36:36.848"></status>
</kw>
<kw name="${n} = 1" type="foritem">
<kw name="Exit For Loop If" library="BuiltIn">
<doc>Stops executing the enclosing for loop if the ``condition`` is true.</doc>
<arguments>
<arg>${RowValues}&lt;4</arg>
</arguments>
<status status="PASS" starttime="20190424 17:36:36.848" endtime="20190424 17:36:36.848"></status>
</kw>
<kw name="Set Variable" library="BuiltIn">
<doc>Returns the given values which can then be assigned to a variables.</doc>
<arguments>
<arg>${n+1}</arg>
</arguments>
<assign>
<var>${n}</var>
</assign>
<msg timestamp="20190424 17:36:36.849" level="INFO">${n} = 2</msg>
<status status="PASS" starttime="20190424 17:36:36.849" endtime="20190424 17:36:36.849"></status>
</kw>
<kw name="Get Text" library="SeleniumLibrary">
<doc>Returns the text value of element identified by ``locator``.</doc>
<arguments>
<arg>${DataXPath}/td[${n}]</arg>
</arguments>
<assign>
<var>${value}</var>
</assign>
<msg timestamp="20190424 17:36:36.897" level="INFO">${value} = 1x10 MHz konkret</msg>
<status status="PASS" starttime="20190424 17:36:36.849" endtime="20190424 17:36:36.897"></status>
</kw>
<kw name="Set Variable" library="BuiltIn">
<doc>Returns the given values which can then be assigned to a variables.</doc>
<arguments>
<arg>${valuesRow};${value}</arg>
</arguments>
<assign>
<var>${valuesRow}</var>
</assign>
<msg timestamp="20190424 17:36:36.897" level="INFO">${valuesRow} = ;29K 3,6 GHz;1x10 MHz konkret</msg>
<status status="PASS" starttime="20190424 17:36:36.897" endtime="20190424 17:36:36.897"></status>
</kw>
<kw name="Exit For Loop If" library="BuiltIn">
<doc>Stops executing the enclosing for loop if the ``condition`` is true.</doc>
<arguments>
<arg>${n}&gt;=${RowValues}</arg>
</arguments>
<status status="PASS" starttime="20190424 17:36:36.897" endtime="20190424 17:36:36.898"></status>
</kw>
<status status="PASS" starttime="20190424 17:36:36.848" endtime="20190424 17:36:36.898"></status>
</kw>
<kw name="${n} = 2" type="foritem">
<kw name="Exit For Loop If" library="BuiltIn">
<doc>Stops executing the enclosing for loop if the ``condition`` is true.</doc>
<arguments>
<arg>${RowValues}&lt;4</arg>
</arguments>
<status status="PASS" starttime="20190424 17:36:36.898" endtime="20190424 17:36:36.898"></status>
</kw>
<kw name="Set Variable" library="BuiltIn">
<doc>Returns the given values which can then be assigned to a variables.</doc>
<arguments>
<arg>${n+1}</arg>
</arguments>
<assign>
<var>${n}</var>
</assign>
<msg timestamp="20190424 17:36:36.899" level="INFO">${n} = 3</msg>
<status status="PASS" starttime="20190424 17:36:36.899" endtime="20190424 17:36:36.899"></status>
</kw>
<kw name="Get Text" library="SeleniumLibrary">
<doc>Returns the text value of element identified by ``locator``.</doc>
<arguments>
<arg>${DataXPath}/td[${n}]</arg>
</arguments>
<assign>
<var>${value}</var>
</assign>
<msg timestamp="20190424 17:36:36.936" level="INFO">${value} = Telekom</msg>
<status status="PASS" starttime="20190424 17:36:36.899" endtime="20190424 17:36:36.936"></status>
</kw>
<kw name="Set Variable" library="BuiltIn">
<doc>Returns the given values which can then be assigned to a variables.</doc>
<arguments>
<arg>${valuesRow};${value}</arg>
</arguments>
<assign>
<var>${valuesRow}</var>
</assign>
<msg timestamp="20190424 17:36:36.936" level="INFO">${valuesRow} = ;29K 3,6 GHz;1x10 MHz konkret;Telekom</msg>
<status status="PASS" starttime="20190424 17:36:36.936" endtime="20190424 17:36:36.936"></status>
</kw>
<kw name="Exit For Loop If" library="BuiltIn">
<doc>Stops executing the enclosing for loop if the ``condition`` is true.</doc>
<arguments>
<arg>${n}&gt;=${RowValues}</arg>
</arguments>
<status status="PASS" starttime="20190424 17:36:36.937" endtime="20190424 17:36:36.937"></status>
</kw>
<status status="PASS" starttime="20190424 17:36:36.898" endtime="20190424 17:36:36.937"></status>
</kw>
<kw name="${n} = 3" type="foritem">
<kw name="Exit For Loop If" library="BuiltIn">
<doc>Stops executing the enclosing for loop if the ``condition`` is true.</doc>
<arguments>
<arg>${RowValues}&lt;4</arg>
</arguments>
<status status="PASS" starttime="20190424 17:36:36.937" endtime="20190424 17:36:36.937"></status>
</kw>
<kw name="Set Variable" library="BuiltIn">
<doc>Returns the given values which can then be assigned to a variables.</doc>
<arguments>
<arg>${n+1}</arg>
</arguments>
<assign>
<var>${n}</var>
</assign>
<msg timestamp="20190424 17:36:36.938" level="INFO">${n} = 4</msg>
<status status="PASS" starttime="20190424 17:36:36.938" endtime="20190424 17:36:36.938"></status>
</kw>
<kw name="Get Text" library="SeleniumLibrary">
<doc>Returns the text value of element identified by ``locator``.</doc>
<arguments>
<arg>${DataXPath}/td[${n}]</arg>
</arguments>
<assign>
<var>${value}</var>
</assign>
<msg timestamp="20190424 17:36:36.974" level="INFO">${value} = 127.597.000</msg>
<status status="PASS" starttime="20190424 17:36:36.938" endtime="20190424 17:36:36.974"></status>
</kw>
<kw name="Set Variable" library="BuiltIn">
<doc>Returns the given values which can then be assigned to a variables.</doc>
<arguments>
<arg>${valuesRow};${value}</arg>
</arguments>
<assign>
<var>${valuesRow}</var>
</assign>
<msg timestamp="20190424 17:36:36.975" level="INFO">${valuesRow} = ;29K 3,6 GHz;1x10 MHz konkret;Telekom;127.597.000</msg>
<status status="PASS" starttime="20190424 17:36:36.974" endtime="20190424 17:36:36.975"></status>
</kw>
<kw name="Exit For Loop If" library="BuiltIn">
<doc>Stops executing the enclosing for loop if the ``condition`` is true.</doc>
<arguments>
<arg>${n}&gt;=${RowValues}</arg>
</arguments>
<msg timestamp="20190424 17:36:36.975" level="INFO">Exiting for loop altogether.</msg>
<status status="PASS" starttime="20190424 17:36:36.975" endtime="20190424 17:36:36.975"></status>
</kw>
<status status="PASS" starttime="20190424 17:36:36.937" endtime="20190424 17:36:36.975"></status>
</kw>
<status status="PASS" starttime="20190424 17:36:36.799" endtime="20190424 17:36:36.975"></status>
</kw>
<msg timestamp="20190424 17:36:36.975" level="INFO">${DataRow} = ;29K 3,6 GHz;1x10 MHz konkret;Telekom;127.597.000</msg>
<status status="PASS" starttime="20190424 17:36:36.779" endtime="20190424 17:36:36.976"></status>
</kw>
<kw name="Run Keyword If" library="BuiltIn">
<doc>Runs the given keyword with the given arguments, if ``condition`` is true.</doc>
<arguments>
<arg>${m}&gt;=3</arg>
<arg>run keywords</arg>
<arg>append to file</arg>
<arg>${filename}</arg>
<arg>\n${current_round}${DataRow}</arg>
<arg>AND</arg>
<arg>log to console</arg>
<arg>=&gt; ${current_round}${DataRow}</arg>
</arguments>
<kw name="Run Keywords" library="BuiltIn">
<doc>Executes all the given keywords in a sequence.</doc>
<arguments>
<arg>append to file</arg>
<arg>${filename}</arg>
<arg>\n${current_round}${DataRow}</arg>
<arg>AND</arg>
<arg>log to console</arg>
<arg>=&gt; ${current_round}${DataRow}</arg>
</arguments>
<kw name="Append To File" library="OperatingSystem">
<doc>Appends the given content to the specified file.</doc>
<arguments>
<arg>${filename}</arg>
<arg>\n${current_round}${DataRow}</arg>
</arguments>
<msg timestamp="20190424 17:36:36.977" level="INFO" html="yes">Appended to file '&lt;a href="file:///home/testautomation/robot_auktion_clean/data_36GHz.txt"&gt;/home/testautomation/robot_auktion_clean/data_36GHz.txt&lt;/a&gt;'.</msg>
<status status="PASS" starttime="20190424 17:36:36.976" endtime="20190424 17:36:36.977"></status>
</kw>
<kw name="Log To Console" library="BuiltIn">
<doc>Logs the given message to the console.</doc>
<arguments>
<arg>=&gt; ${current_round}${DataRow}</arg>
</arguments>
<status status="PASS" starttime="20190424 17:36:36.977" endtime="20190424 17:36:36.978"></status>
</kw>
<status status="PASS" starttime="20190424 17:36:36.976" endtime="20190424 17:36:36.978"></status>
</kw>
<status status="PASS" starttime="20190424 17:36:36.976" endtime="20190424 17:36:36.978"></status>
</kw>
<kw name="Run Keyword If" library="BuiltIn">
<doc>Runs the given keyword with the given arguments, if ``condition`` is true.</doc>
<arguments>
<arg>${m}&lt;3</arg>
<arg>log to console</arg>
<arg>${SPACE * 3}Header - no valid data found in this row</arg>
</arguments>
<status status="PASS" starttime="20190424 17:36:36.978" endtime="20190424 17:36:36.978"></status>
</kw>
<kw name="Exit For Loop If" library="BuiltIn">
<doc>Stops executing the enclosing for loop if the ``condition`` is true.</doc>
<arguments>
<arg>${m}==${Max_Row_Table}</arg>
</arguments>
<msg timestamp="20190424 17:36:36.978" level="INFO">Exiting for loop altogether.</msg>
<status status="PASS" starttime="20190424 17:36:36.978" endtime="20190424 17:36:36.979"></status>
</kw>
<status status="PASS" starttime="20190424 17:36:36.778" endtime="20190424 17:36:36.979"></status>
</kw>
<status status="PASS" starttime="20190424 17:36:32.424" endtime="20190424 17:36:36.979"></status>
</kw>
<status status="PASS" starttime="20190424 17:36:32.390" endtime="20190424 17:36:36.979"></status>
</kw>
<kw name="Exit For Loop If" library="BuiltIn">
<doc>Stops executing the enclosing for loop if the ``condition`` is true.</doc>
<arguments>
<arg>${j}==${Max_Round}</arg>
</arguments>
<msg timestamp="20190424 17:36:36.979" level="INFO">Exiting for loop altogether.</msg>
<status status="PASS" starttime="20190424 17:36:36.979" endtime="20190424 17:36:36.979"></status>
</kw>
<status status="PASS" starttime="20190424 17:36:27.412" endtime="20190424 17:36:36.979"></status>
</kw>
<status status="PASS" starttime="20190424 17:36:27.412" endtime="20190424 17:36:36.979"></status>
</kw>
<kw name="Create File" library="OperatingSystem">
<doc>Creates a file with the given content and encoding.</doc>
<arguments>
<arg>/home/testautomation/robot_auktion_clean${/}vars.txt</arg>
<arg>*** Variables ***\n\${StartRound}${SPACE * 4}${NextGatherRound}</arg>
</arguments>
<msg timestamp="20190424 17:36:36.980" level="INFO" html="yes">Created file '&lt;a href="file:///home/testautomation/robot_auktion_clean/vars.txt"&gt;/home/testautomation/robot_auktion_clean/vars.txt&lt;/a&gt;'.</msg>
<status status="PASS" starttime="20190424 17:36:36.980" endtime="20190424 17:36:36.980"></status>
</kw>
<kw name="Log To Console" library="BuiltIn">
<doc>Logs the given message to the console.</doc>
<arguments>
<arg>\nNext round to gather stored: ${NextGatherRound}\n</arg>
</arguments>
<status status="PASS" starttime="20190424 17:36:36.981" endtime="20190424 17:36:36.981"></status>
</kw>
<kw name="Run" library="OperatingSystem">
<doc>Runs the given command in the system and returns the output.</doc>
<arguments>
<arg>zip -u /home/testautomation/robot_auktion_clean${/}Output${/}AllScreenshots.zip ./Output${/}Screenshot*</arg>
</arguments>
<msg timestamp="20190424 17:36:36.983" level="INFO">Running command 'zip -u /home/testautomation/robot_auktion_clean/Output/AllScreenshots.zip ./Output/Screenshot* 2&gt;&amp;1'.</msg>
<status status="PASS" starttime="20190424 17:36:36.981" endtime="20190424 17:36:37.063"></status>
</kw>
<kw name="Run" library="OperatingSystem">
<doc>Runs the given command in the system and returns the output.</doc>
<arguments>
<arg>rm /home/testautomation/robot_auktion_clean${/}Output${/}Screenshot*</arg>
</arguments>
<msg timestamp="20190424 17:36:37.066" level="INFO">Running command 'rm /home/testautomation/robot_auktion_clean/Output/Screenshot* 2&gt;&amp;1'.</msg>
<status status="PASS" starttime="20190424 17:36:37.064" endtime="20190424 17:36:37.068"></status>
</kw>
<kw name="Run" library="OperatingSystem">
<doc>Runs the given command in the system and returns the output.</doc>
<arguments>
<arg>zip /home/testautomation/robot_auktion_clean${/}Output${/}Round${Max_Round_int}.zip data_2GHz.txt data_36GHz.txt ./Output/AllScreenshots.zip</arg>
</arguments>
<msg timestamp="20190424 17:36:37.070" level="INFO">Running command 'zip /home/testautomation/robot_auktion_clean/Output/Round233.zip data_2GHz.txt data_36GHz.txt ./Output/AllScreenshots.zip 2&gt;&amp;1'.</msg>
<status status="PASS" starttime="20190424 17:36:37.068" endtime="20190424 17:36:37.350"></status>
</kw>
<kw name="Get Time" library="BuiltIn">
<doc>Returns the given time in the requested format.</doc>
<assign>
<var>${ENDTIME}</var>
</assign>
<msg timestamp="20190424 17:36:37.352" level="INFO">${ENDTIME} = 2019-04-24 17:36:37</msg>
<status status="PASS" starttime="20190424 17:36:37.351" endtime="20190424 17:36:37.352"></status>
</kw>
<kw name="Subtract Date From Date" library="robot.libraries.DateTime">
<doc>Subtracts date from another date and returns time between.</doc>
<arguments>
<arg>${ENDTIME}</arg>
<arg>${STARTTIME_G}</arg>
<arg>compact</arg>
</arguments>
<assign>
<var>${RUNTIME}</var>
</assign>
<msg timestamp="20190424 17:36:37.355" level="INFO">${RUNTIME} = 14s</msg>
<status status="PASS" starttime="20190424 17:36:37.352" endtime="20190424 17:36:37.355"></status>
</kw>
<kw name="Log To Console" library="BuiltIn">
<doc>Logs the given message to the console.</doc>
<arguments>
<arg>Runtime: ${RUNTIME}\n</arg>
</arguments>
<status status="PASS" starttime="20190424 17:36:37.356" endtime="20190424 17:36:37.356"></status>
</kw>
<status status="PASS" starttime="20190424 17:36:27.410" endtime="20190424 17:36:37.356"></status>
</kw>
<kw name="Close Browser" library="SeleniumLibrary">
<doc>Closes the current browser.</doc>
<status status="PASS" starttime="20190424 17:36:37.356" endtime="20190424 17:36:37.672"></status>
</kw>
<doc>Go to the Webpage "https://www.bundesnetzagentur.de" and collect all informations</doc>
<tags>
<tag>All</tag>
</tags>
<status status="PASS" starttime="20190424 17:36:23.419" endtime="20190424 17:36:37.672" critical="yes"></status>
</test>
<doc>Frequenzauktion 5G 2019 Datacollector with Chrome</doc>
<status status="PASS" starttime="20190424 17:36:23.185" endtime="20190424 17:36:37.673"></status>
</suite>
<statistics>
<total>
<stat pass="1" fail="0">Critical Tests</stat>
<stat pass="1" fail="0">All Tests</stat>
</total>
<tag>
<stat pass="1" fail="0">All</stat>
</tag>
<suite>
<stat pass="1" fail="0" id="s1" name="Auktion">Auktion</stat>
</suite>
</statistics>
<errors>
</errors>
</robot>
