<?xml version="1.0" encoding="UTF-8"?>
<robot generator="Robot 3.1.1 (Python 3.7.3 on darwin)" generated="20190509 23:30:18.934" rpa="false">
<suite id="s1" name="Stephan Robot Frame Work" source="/Users/mohamednagi/Desktop/Work/Stephan_Robot_Frame_Work">
<suite id="s1-s1" name="Auktion" source="/Users/mohamednagi/Desktop/Work/Stephan_Robot_Frame_Work/auktion.robot">
<test id="s1-s1-t1" name="Get All Data">
<kw name="Setup Xvfb" library="auktion_keyword">
<kw name="Start Virtual Display" library="XvfbRobot">
<doc>Starts virtual display which will be
 destroyed after test execution will be end</doc>
<arguments>
<arg>1920</arg>
<arg>1080</arg>
</arguments>
<msg timestamp="20190509 23:30:19.381" level="INFO">Using virtual display: '1920x1080x24'</msg>
<msg timestamp="20190509 23:30:19.527" level="FAIL">Xvfb did not start</msg>
<status status="FAIL" starttime="20190509 23:30:19.380" endtime="20190509 23:30:19.527"></status>
</kw>
<status status="FAIL" starttime="20190509 23:30:19.380" endtime="20190509 23:30:19.528"></status>
</kw>
<doc>Go to the Webpage "https://www.bundesnetzagentur.de" and collect all informations</doc>
<tags>
<tag>All</tag>
</tags>
<status status="FAIL" starttime="20190509 23:30:19.379" endtime="20190509 23:30:19.528" critical="yes">Xvfb did not start</status>
</test>
<doc>Frequenzauktion 5G 2019 Datacollector with Chrome</doc>
<status status="FAIL" starttime="20190509 23:30:18.966" endtime="20190509 23:30:19.530"></status>
</suite>
<status status="FAIL" starttime="20190509 23:30:18.937" endtime="20190509 23:30:19.533"></status>
</suite>
<statistics>
<total>
<stat pass="0" fail="1">Critical Tests</stat>
<stat pass="0" fail="1">All Tests</stat>
</total>
<tag>
<stat pass="0" fail="1">All</stat>
</tag>
<suite>
<stat pass="0" fail="1" id="s1" name="Stephan Robot Frame Work">Stephan Robot Frame Work</stat>
<stat pass="0" fail="1" id="s1-s1" name="Auktion">Stephan Robot Frame Work.Auktion</stat>
</suite>
</statistics>
<errors>
<msg timestamp="20190509 23:30:18.852" level="ERROR">Parsing '/Users/mohamednagi/Desktop/Work/Stephan_Robot_Frame_Work/venv/lib/python3.7/site-packages/robotframework_selenium2library-3.0.0.dist-info/DESCRIPTION.rst' failed: Using reStructuredText test data requires having 'docutils' module version 0.9 or newer installed.</msg>
<msg timestamp="20190509 23:30:18.855" level="ERROR">Parsing '/Users/mohamednagi/Desktop/Work/Stephan_Robot_Frame_Work/venv/lib/python3.7/site-packages/robotframework_seleniumlibrary-3.3.1.dist-info/DESCRIPTION.rst' failed: Using reStructuredText test data requires having 'docutils' module version 0.9 or newer installed.</msg>
</errors>
</robot>
